#
# There is insufficient memory for the Java Runtime Environment to continue.
# Native memory allocation (malloc) failed to allocate 32744 bytes. Error detail: ChunkPool::allocate
# Possible reasons:
#   The system is out of physical RAM or swap space
#   This process is running with CompressedOops enabled, and the Java Heap may be blocking the growth of the native heap
# Possible solutions:
#   Reduce memory load on the system
#   Increase physical memory or swap space
#   Check if swap backing store is full
#   Decrease Java heap size (-Xmx/-Xms)
#   Decrease number of Java threads
#   Decrease Java thread stack sizes (-Xss)
#   Set larger code cache with -XX:ReservedCodeCacheSize=
#   JVM is running with Zero Based Compressed Oops mode in which the Java heap is
#     placed in the first 32GB address space. The Java Heap base address is the
#     maximum limit for the native heap growth. Please use -XX:HeapBaseMinAddress
#     to set the Java Heap base and to place the Java Heap above 32GB virtual address.
# This output file may be truncated or incomplete.
#
#  Out of Memory Error (arena.cpp:79), pid=26804, tid=29320
#
# JRE version: OpenJDK Runtime Environment Corretto-17.0.13.11.1 (17.0.13+11) (build 17.0.13+11-LTS)
# Java VM: OpenJDK 64-Bit Server VM Corretto-17.0.13.11.1 (17.0.13+11-LTS, mixed mode, sharing, tiered, compressed oops, compressed class ptrs, g1 gc, windows-amd64)
# No core dump will be written. Minidumps are not enabled by default on client versions of Windows
#

---------------  S U M M A R Y ------------

Command Line: -javaagent:C:\Program Files\JetBrains\IntelliJ IDEA Community Edition 2024.2.3\lib\idea_rt.jar=55745:C:\Program Files\JetBrains\IntelliJ IDEA Community Edition 2024.2.3\bin -Dfile.encoding=UTF-8 com.customer.ApiCustomer.ApiCustomerApplication

Host: AMD Ryzen 7 5800H with Radeon Graphics         , 16 cores, 15G,  Windows 11 , 64 bit Build 22621 (10.0.22621.4391)
Time: Sun Nov 17 23:42:08 2024 Hora est. Pacífico, Sudamérica elapsed time: 0.987154 seconds (0d 0h 0m 0s)

---------------  T H R E A D  ---------------

Current thread (0x000001b8ae85c8c0):  JavaThread "C2 CompilerThread3" daemon [_thread_in_native, id=29320, stack(0x000000409e100000,0x000000409e200000)]


Current CompileTask:
C2:    987 2294 %     4       java.util.Properties::loadConvert @ 8 (540 bytes)

Stack: [0x000000409e100000,0x000000409e200000]
Native frames: (J=compiled Java code, j=interpreted, Vv=VM code, C=native code)
V  [jvm.dll+0x680c19]
V  [jvm.dll+0x83888a]
V  [jvm.dll+0x83a34e]
V  [jvm.dll+0x83a9b3]
V  [jvm.dll+0x2481af]
V  [jvm.dll+0xacbf1]
V  [jvm.dll+0xad03c]
V  [jvm.dll+0x60b980]
V  [jvm.dll+0x60bb19]
V  [jvm.dll+0x611717]
V  [jvm.dll+0x6125a2]
V  [jvm.dll+0x610ada]
V  [jvm.dll+0x21a578]
V  [jvm.dll+0x219b41]
V  [jvm.dll+0x1a58ed]
V  [jvm.dll+0x22988d]
V  [jvm.dll+0x227a1c]
V  [jvm.dll+0x7ed737]
V  [jvm.dll+0x7e7b2c]
V  [jvm.dll+0x67fae7]
C  [ucrtbase.dll+0x29333]
C  [KERNEL32.DLL+0x1259d]
C  [ntdll.dll+0x5af38]


---------------  P R O C E S S  ---------------

Threads class SMR info:
_java_thread_list=0x000001b8f4f3e9e0, length=21, elements={
0x000001b88b1975a0, 0x000001b8ae734f40, 0x000001b8ae735bc0, 0x000001b8ae7452a0,
0x000001b8ae745c60, 0x000001b8ae746620, 0x000001b8ae746fe0, 0x000001b8ae747d80,
0x000001b8ae755150, 0x000001b8ae75bb70, 0x000001b8ae84dd70, 0x000001b8ae85a8e0,
0x000001b8ae85ae30, 0x000001b8ae85b380, 0x000001b8f4070280, 0x000001b8f404e040,
0x000001b8ae85be20, 0x000001b8ae85c370, 0x000001b8ae85c8c0, 0x000001b8ae85ce10,
0x000001b8f52cdf00
}

Java Threads: ( => current thread )
  0x000001b88b1975a0 JavaThread "main" [_thread_in_vm, id=22064, stack(0x000000409be00000,0x000000409bf00000)]
  0x000001b8ae734f40 JavaThread "Reference Handler" daemon [_thread_blocked, id=23688, stack(0x000000409c500000,0x000000409c600000)]
  0x000001b8ae735bc0 JavaThread "Finalizer" daemon [_thread_blocked, id=30084, stack(0x000000409c600000,0x000000409c700000)]
  0x000001b8ae7452a0 JavaThread "Signal Dispatcher" daemon [_thread_blocked, id=7396, stack(0x000000409c700000,0x000000409c800000)]
  0x000001b8ae745c60 JavaThread "Attach Listener" daemon [_thread_blocked, id=30220, stack(0x000000409c800000,0x000000409c900000)]
  0x000001b8ae746620 JavaThread "Service Thread" daemon [_thread_blocked, id=18484, stack(0x000000409c900000,0x000000409ca00000)]
  0x000001b8ae746fe0 JavaThread "Monitor Deflation Thread" daemon [_thread_blocked, id=19716, stack(0x000000409ca00000,0x000000409cb00000)]
  0x000001b8ae747d80 JavaThread "C2 CompilerThread0" daemon [_thread_blocked, id=31660, stack(0x000000409cb00000,0x000000409cc00000)]
  0x000001b8ae755150 JavaThread "C1 CompilerThread0" daemon [_thread_blocked, id=21812, stack(0x000000409cc00000,0x000000409cd00000)]
  0x000001b8ae75bb70 JavaThread "Sweeper thread" daemon [_thread_blocked, id=10100, stack(0x000000409cd00000,0x000000409ce00000)]
  0x000001b8ae84dd70 JavaThread "Common-Cleaner" daemon [_thread_blocked, id=14112, stack(0x000000409ce00000,0x000000409cf00000)]
  0x000001b8ae85a8e0 JavaThread "C1 CompilerThread1" daemon [_thread_blocked, id=4280, stack(0x000000409cf00000,0x000000409d000000)]
  0x000001b8ae85ae30 JavaThread "C1 CompilerThread2" daemon [_thread_blocked, id=29548, stack(0x000000409d000000,0x000000409d100000)]
  0x000001b8ae85b380 JavaThread "C2 CompilerThread1" daemon [_thread_blocked, id=22784, stack(0x000000409d100000,0x000000409d200000)]
  0x000001b8f4070280 JavaThread "Monitor Ctrl-Break" daemon [_thread_in_native, id=31732, stack(0x000000409d200000,0x000000409d300000)]
  0x000001b8f404e040 JavaThread "Notification Thread" daemon [_thread_blocked, id=31608, stack(0x000000409d300000,0x000000409d400000)]
  0x000001b8ae85be20 JavaThread "C2 CompilerThread2" daemon [_thread_in_native, id=18848, stack(0x000000409d500000,0x000000409d600000)]
  0x000001b8ae85c370 JavaThread "C1 CompilerThread3" daemon [_thread_blocked, id=12164, stack(0x000000409db00000,0x000000409dc00000)]
=>0x000001b8ae85c8c0 JavaThread "C2 CompilerThread3" daemon [_thread_in_native, id=29320, stack(0x000000409e100000,0x000000409e200000)]
  0x000001b8ae85ce10 JavaThread "C2 CompilerThread4" daemon [_thread_blocked, id=27324, stack(0x000000409e200000,0x000000409e300000)]
  0x000001b8f52cdf00 JavaThread "Thread-0" [_thread_in_vm, id=12004, stack(0x000000409e300000,0x000000409e400000)]

Other Threads:
  0x000001b8ae72e990 VMThread "VM Thread" [stack: 0x000000409c400000,0x000000409c500000] [id=23908]
  0x000001b8f404e9a0 WatcherThread [stack: 0x000000409d400000,0x000000409d500000] [id=28812]
  0x000001b88b203670 GCTaskThread "GC Thread#0" [stack: 0x000000409bf00000,0x000000409c000000] [id=24044]
  0x000001b8f4cacdd0 GCTaskThread "GC Thread#1" [stack: 0x000000409d600000,0x000000409d700000] [id=2548]
  0x000001b8f48561c0 GCTaskThread "GC Thread#2" [stack: 0x000000409d700000,0x000000409d800000] [id=3452]
  0x000001b8f4856480 GCTaskThread "GC Thread#3" [stack: 0x000000409d800000,0x000000409d900000] [id=21216]
  0x000001b8f4856740 GCTaskThread "GC Thread#4" [stack: 0x000000409d900000,0x000000409da00000] [id=21172]
  0x000001b8f4ed2880 GCTaskThread "GC Thread#5" [stack: 0x000000409dc00000,0x000000409dd00000] [id=29268]
  0x000001b8f4fd9e50 GCTaskThread "GC Thread#6" [stack: 0x000000409dd00000,0x000000409de00000] [id=7400]
  0x000001b8f4f00e80 GCTaskThread "GC Thread#7" [stack: 0x000000409de00000,0x000000409df00000] [id=24396]
  0x000001b8f4f01350 GCTaskThread "GC Thread#8" [stack: 0x000000409df00000,0x000000409e000000] [id=13984]
  0x000001b8f4f01a20 GCTaskThread "GC Thread#9" [stack: 0x000000409e000000,0x000000409e100000] [id=29200]
  0x000001b88b213b80 ConcurrentGCThread "G1 Main Marker" [stack: 0x000000409c000000,0x000000409c100000] [id=14816]
  0x000001b88b214d40 ConcurrentGCThread "G1 Conc#0" [stack: 0x000000409c100000,0x000000409c200000] [id=19880]
  0x000001b8ae1a2330 ConcurrentGCThread "G1 Refine#0" [stack: 0x000000409c200000,0x000000409c300000] [id=19040]
  0x000001b8ae1a2c60 ConcurrentGCThread "G1 Service" [stack: 0x000000409c300000,0x000000409c400000] [id=27504]

Threads with active compile tasks:
C2 CompilerThread2     1001 2231 %     4       java.io.WinNTFileSystem::normalize @ 22 (143 bytes)
C2 CompilerThread3     1001 2294 %     4       java.util.Properties::loadConvert @ 8 (540 bytes)

VM state: not at safepoint (normal execution)

VM Mutex/Monitor currently owned by a thread:  ([mutex/lock_event])
[0x000001b88b1906b0] Metaspace_lock - owner thread: 0x000001b88b1975a0

Heap address: 0x000000070a400000, size: 3932 MB, Compressed Oops mode: Zero based, Oop shift amount: 3

CDS archive(s) mapped at: [0x000001b8af000000-0x000001b8afbb0000-0x000001b8afbb0000), size 12255232, SharedBaseAddress: 0x000001b8af000000, ArchiveRelocationMode: 1.
Compressed class space mapped at: 0x000001b8b0000000-0x000001b8f0000000, reserved size: 1073741824
Narrow klass base: 0x000001b8af000000, Narrow klass shift: 0, Narrow klass range: 0x100000000

GC Precious Log:
 CPUs: 16 total, 16 available
 Memory: 15720M
 Large Page Support: Disabled
 NUMA Support: Disabled
 Compressed Oops: Enabled (Zero based)
 Heap Region Size: 2M
 Heap Min Capacity: 8M
 Heap Initial Capacity: 246M
 Heap Max Capacity: 3932M
 Pre-touch: Disabled
 Parallel Workers: 13
 Concurrent Workers: 3
 Concurrent Refinement Workers: 13
 Periodic GC: Disabled

Heap:
 garbage-first heap   total 251904K, used 29334K [0x000000070a400000, 0x0000000800000000)
  region size 2048K, 13 young (26624K), 2 survivors (4096K)
 Metaspace       used 17103K, committed 17344K, reserved 1114112K
  class space    used 2103K, committed 2240K, reserved 1048576K

Heap Regions: E=young(eden), S=young(survivor), O=old, HS=humongous(starts), HC=humongous(continues), CS=collection set, F=free, OA=open archive, CA=closed archive, TAMS=top-at-mark-start (previous, next)
|   0|0x000000070a400000, 0x000000070a600000, 0x000000070a600000|100%| O|  |TAMS 0x000000070a400000, 0x000000070a400000| Untracked 
|   1|0x000000070a600000, 0x000000070a800000, 0x000000070a800000|100%| O|  |TAMS 0x000000070a600000, 0x000000070a600000| Untracked 
|   2|0x000000070a800000, 0x000000070aa00000, 0x000000070aa00000|100%| O|  |TAMS 0x000000070a800000, 0x000000070a800000| Untracked 
|   3|0x000000070aa00000, 0x000000070aa6e000, 0x000000070ac00000| 21%| O|  |TAMS 0x000000070aa00000, 0x000000070aa00000| Untracked 
|   4|0x000000070ac00000, 0x000000070ac00000, 0x000000070ae00000|  0%| F|  |TAMS 0x000000070ac00000, 0x000000070ac00000| Untracked 
|   5|0x000000070ae00000, 0x000000070ae00000, 0x000000070b000000|  0%| F|  |TAMS 0x000000070ae00000, 0x000000070ae00000| Untracked 
|   6|0x000000070b000000, 0x000000070b000000, 0x000000070b200000|  0%| F|  |TAMS 0x000000070b000000, 0x000000070b000000| Untracked 
|   7|0x000000070b200000, 0x000000070b200000, 0x000000070b400000|  0%| F|  |TAMS 0x000000070b200000, 0x000000070b200000| Untracked 
|   8|0x000000070b400000, 0x000000070b400000, 0x000000070b600000|  0%| F|  |TAMS 0x000000070b400000, 0x000000070b400000| Untracked 
|   9|0x000000070b600000, 0x000000070b600000, 0x000000070b800000|  0%| F|  |TAMS 0x000000070b600000, 0x000000070b600000| Untracked 
|  10|0x000000070b800000, 0x000000070b800000, 0x000000070ba00000|  0%| F|  |TAMS 0x000000070b800000, 0x000000070b800000| Untracked 
|  11|0x000000070ba00000, 0x000000070ba00000, 0x000000070bc00000|  0%| F|  |TAMS 0x000000070ba00000, 0x000000070ba00000| Untracked 
|  12|0x000000070bc00000, 0x000000070bc00000, 0x000000070be00000|  0%| F|  |TAMS 0x000000070bc00000, 0x000000070bc00000| Untracked 
|  13|0x000000070be00000, 0x000000070be00000, 0x000000070c000000|  0%| F|  |TAMS 0x000000070be00000, 0x000000070be00000| Untracked 
|  14|0x000000070c000000, 0x000000070c000000, 0x000000070c200000|  0%| F|  |TAMS 0x000000070c000000, 0x000000070c000000| Untracked 
|  15|0x000000070c200000, 0x000000070c200000, 0x000000070c400000|  0%| F|  |TAMS 0x000000070c200000, 0x000000070c200000| Untracked 
|  16|0x000000070c400000, 0x000000070c400000, 0x000000070c600000|  0%| F|  |TAMS 0x000000070c400000, 0x000000070c400000| Untracked 
|  17|0x000000070c600000, 0x000000070c600000, 0x000000070c800000|  0%| F|  |TAMS 0x000000070c600000, 0x000000070c600000| Untracked 
|  18|0x000000070c800000, 0x000000070c800000, 0x000000070ca00000|  0%| F|  |TAMS 0x000000070c800000, 0x000000070c800000| Untracked 
|  19|0x000000070ca00000, 0x000000070ca00000, 0x000000070cc00000|  0%| F|  |TAMS 0x000000070ca00000, 0x000000070ca00000| Untracked 
|  20|0x000000070cc00000, 0x000000070cc00000, 0x000000070ce00000|  0%| F|  |TAMS 0x000000070cc00000, 0x000000070cc00000| Untracked 
|  21|0x000000070ce00000, 0x000000070ce00000, 0x000000070d000000|  0%| F|  |TAMS 0x000000070ce00000, 0x000000070ce00000| Untracked 
|  22|0x000000070d000000, 0x000000070d000000, 0x000000070d200000|  0%| F|  |TAMS 0x000000070d000000, 0x000000070d000000| Untracked 
|  23|0x000000070d200000, 0x000000070d200000, 0x000000070d400000|  0%| F|  |TAMS 0x000000070d200000, 0x000000070d200000| Untracked 
|  24|0x000000070d400000, 0x000000070d400000, 0x000000070d600000|  0%| F|  |TAMS 0x000000070d400000, 0x000000070d400000| Untracked 
|  25|0x000000070d600000, 0x000000070d600000, 0x000000070d800000|  0%| F|  |TAMS 0x000000070d600000, 0x000000070d600000| Untracked 
|  26|0x000000070d800000, 0x000000070d800000, 0x000000070da00000|  0%| F|  |TAMS 0x000000070d800000, 0x000000070d800000| Untracked 
|  27|0x000000070da00000, 0x000000070da00000, 0x000000070dc00000|  0%| F|  |TAMS 0x000000070da00000, 0x000000070da00000| Untracked 
|  28|0x000000070dc00000, 0x000000070dc00000, 0x000000070de00000|  0%| F|  |TAMS 0x000000070dc00000, 0x000000070dc00000| Untracked 
|  29|0x000000070de00000, 0x000000070de00000, 0x000000070e000000|  0%| F|  |TAMS 0x000000070de00000, 0x000000070de00000| Untracked 
|  30|0x000000070e000000, 0x000000070e000000, 0x000000070e200000|  0%| F|  |TAMS 0x000000070e000000, 0x000000070e000000| Untracked 
|  31|0x000000070e200000, 0x000000070e200000, 0x000000070e400000|  0%| F|  |TAMS 0x000000070e200000, 0x000000070e200000| Untracked 
|  32|0x000000070e400000, 0x000000070e400000, 0x000000070e600000|  0%| F|  |TAMS 0x000000070e400000, 0x000000070e400000| Untracked 
|  33|0x000000070e600000, 0x000000070e600000, 0x000000070e800000|  0%| F|  |TAMS 0x000000070e600000, 0x000000070e600000| Untracked 
|  34|0x000000070e800000, 0x000000070e800000, 0x000000070ea00000|  0%| F|  |TAMS 0x000000070e800000, 0x000000070e800000| Untracked 
|  35|0x000000070ea00000, 0x000000070ea00000, 0x000000070ec00000|  0%| F|  |TAMS 0x000000070ea00000, 0x000000070ea00000| Untracked 
|  36|0x000000070ec00000, 0x000000070ec00000, 0x000000070ee00000|  0%| F|  |TAMS 0x000000070ec00000, 0x000000070ec00000| Untracked 
|  37|0x000000070ee00000, 0x000000070ee00000, 0x000000070f000000|  0%| F|  |TAMS 0x000000070ee00000, 0x000000070ee00000| Untracked 
|  38|0x000000070f000000, 0x000000070f000000, 0x000000070f200000|  0%| F|  |TAMS 0x000000070f000000, 0x000000070f000000| Untracked 
|  39|0x000000070f200000, 0x000000070f200000, 0x000000070f400000|  0%| F|  |TAMS 0x000000070f200000, 0x000000070f200000| Untracked 
|  40|0x000000070f400000, 0x000000070f400000, 0x000000070f600000|  0%| F|  |TAMS 0x000000070f400000, 0x000000070f400000| Untracked 
|  41|0x000000070f600000, 0x000000070f600000, 0x000000070f800000|  0%| F|  |TAMS 0x000000070f600000, 0x000000070f600000| Untracked 
|  42|0x000000070f800000, 0x000000070f800000, 0x000000070fa00000|  0%| F|  |TAMS 0x000000070f800000, 0x000000070f800000| Untracked 
|  43|0x000000070fa00000, 0x000000070fa00000, 0x000000070fc00000|  0%| F|  |TAMS 0x000000070fa00000, 0x000000070fa00000| Untracked 
|  44|0x000000070fc00000, 0x000000070fc00000, 0x000000070fe00000|  0%| F|  |TAMS 0x000000070fc00000, 0x000000070fc00000| Untracked 
|  45|0x000000070fe00000, 0x000000070fe00000, 0x0000000710000000|  0%| F|  |TAMS 0x000000070fe00000, 0x000000070fe00000| Untracked 
|  46|0x0000000710000000, 0x0000000710000000, 0x0000000710200000|  0%| F|  |TAMS 0x0000000710000000, 0x0000000710000000| Untracked 
|  47|0x0000000710200000, 0x0000000710200000, 0x0000000710400000|  0%| F|  |TAMS 0x0000000710200000, 0x0000000710200000| Untracked 
|  48|0x0000000710400000, 0x0000000710400000, 0x0000000710600000|  0%| F|  |TAMS 0x0000000710400000, 0x0000000710400000| Untracked 
|  49|0x0000000710600000, 0x0000000710600000, 0x0000000710800000|  0%| F|  |TAMS 0x0000000710600000, 0x0000000710600000| Untracked 
|  50|0x0000000710800000, 0x0000000710800000, 0x0000000710a00000|  0%| F|  |TAMS 0x0000000710800000, 0x0000000710800000| Untracked 
|  51|0x0000000710a00000, 0x0000000710a00000, 0x0000000710c00000|  0%| F|  |TAMS 0x0000000710a00000, 0x0000000710a00000| Untracked 
|  52|0x0000000710c00000, 0x0000000710c00000, 0x0000000710e00000|  0%| F|  |TAMS 0x0000000710c00000, 0x0000000710c00000| Untracked 
|  53|0x0000000710e00000, 0x0000000710e00000, 0x0000000711000000|  0%| F|  |TAMS 0x0000000710e00000, 0x0000000710e00000| Untracked 
|  54|0x0000000711000000, 0x0000000711000000, 0x0000000711200000|  0%| F|  |TAMS 0x0000000711000000, 0x0000000711000000| Untracked 
|  55|0x0000000711200000, 0x0000000711200000, 0x0000000711400000|  0%| F|  |TAMS 0x0000000711200000, 0x0000000711200000| Untracked 
|  56|0x0000000711400000, 0x0000000711400000, 0x0000000711600000|  0%| F|  |TAMS 0x0000000711400000, 0x0000000711400000| Untracked 
|  57|0x0000000711600000, 0x0000000711600000, 0x0000000711800000|  0%| F|  |TAMS 0x0000000711600000, 0x0000000711600000| Untracked 
|  58|0x0000000711800000, 0x0000000711800000, 0x0000000711a00000|  0%| F|  |TAMS 0x0000000711800000, 0x0000000711800000| Untracked 
|  59|0x0000000711a00000, 0x0000000711a00000, 0x0000000711c00000|  0%| F|  |TAMS 0x0000000711a00000, 0x0000000711a00000| Untracked 
|  60|0x0000000711c00000, 0x0000000711c00000, 0x0000000711e00000|  0%| F|  |TAMS 0x0000000711c00000, 0x0000000711c00000| Untracked 
|  61|0x0000000711e00000, 0x0000000711e00000, 0x0000000712000000|  0%| F|  |TAMS 0x0000000711e00000, 0x0000000711e00000| Untracked 
|  62|0x0000000712000000, 0x0000000712000000, 0x0000000712200000|  0%| F|  |TAMS 0x0000000712000000, 0x0000000712000000| Untracked 
|  63|0x0000000712200000, 0x0000000712200000, 0x0000000712400000|  0%| F|  |TAMS 0x0000000712200000, 0x0000000712200000| Untracked 
|  64|0x0000000712400000, 0x0000000712400000, 0x0000000712600000|  0%| F|  |TAMS 0x0000000712400000, 0x0000000712400000| Untracked 
|  65|0x0000000712600000, 0x0000000712600000, 0x0000000712800000|  0%| F|  |TAMS 0x0000000712600000, 0x0000000712600000| Untracked 
|  66|0x0000000712800000, 0x0000000712800000, 0x0000000712a00000|  0%| F|  |TAMS 0x0000000712800000, 0x0000000712800000| Untracked 
|  67|0x0000000712a00000, 0x0000000712a00000, 0x0000000712c00000|  0%| F|  |TAMS 0x0000000712a00000, 0x0000000712a00000| Untracked 
|  68|0x0000000712c00000, 0x0000000712c00000, 0x0000000712e00000|  0%| F|  |TAMS 0x0000000712c00000, 0x0000000712c00000| Untracked 
|  69|0x0000000712e00000, 0x0000000712e00000, 0x0000000713000000|  0%| F|  |TAMS 0x0000000712e00000, 0x0000000712e00000| Untracked 
|  70|0x0000000713000000, 0x0000000713000000, 0x0000000713200000|  0%| F|  |TAMS 0x0000000713000000, 0x0000000713000000| Untracked 
|  71|0x0000000713200000, 0x0000000713200000, 0x0000000713400000|  0%| F|  |TAMS 0x0000000713200000, 0x0000000713200000| Untracked 
|  72|0x0000000713400000, 0x0000000713400000, 0x0000000713600000|  0%| F|  |TAMS 0x0000000713400000, 0x0000000713400000| Untracked 
|  73|0x0000000713600000, 0x0000000713600000, 0x0000000713800000|  0%| F|  |TAMS 0x0000000713600000, 0x0000000713600000| Untracked 
|  74|0x0000000713800000, 0x0000000713800000, 0x0000000713a00000|  0%| F|  |TAMS 0x0000000713800000, 0x0000000713800000| Untracked 
|  75|0x0000000713a00000, 0x0000000713a00000, 0x0000000713c00000|  0%| F|  |TAMS 0x0000000713a00000, 0x0000000713a00000| Untracked 
|  76|0x0000000713c00000, 0x0000000713c00000, 0x0000000713e00000|  0%| F|  |TAMS 0x0000000713c00000, 0x0000000713c00000| Untracked 
|  77|0x0000000713e00000, 0x0000000713e00000, 0x0000000714000000|  0%| F|  |TAMS 0x0000000713e00000, 0x0000000713e00000| Untracked 
|  78|0x0000000714000000, 0x0000000714000000, 0x0000000714200000|  0%| F|  |TAMS 0x0000000714000000, 0x0000000714000000| Untracked 
|  79|0x0000000714200000, 0x0000000714200000, 0x0000000714400000|  0%| F|  |TAMS 0x0000000714200000, 0x0000000714200000| Untracked 
|  80|0x0000000714400000, 0x0000000714400000, 0x0000000714600000|  0%| F|  |TAMS 0x0000000714400000, 0x0000000714400000| Untracked 
|  81|0x0000000714600000, 0x0000000714600000, 0x0000000714800000|  0%| F|  |TAMS 0x0000000714600000, 0x0000000714600000| Untracked 
|  82|0x0000000714800000, 0x0000000714800000, 0x0000000714a00000|  0%| F|  |TAMS 0x0000000714800000, 0x0000000714800000| Untracked 
|  83|0x0000000714a00000, 0x0000000714a00000, 0x0000000714c00000|  0%| F|  |TAMS 0x0000000714a00000, 0x0000000714a00000| Untracked 
|  84|0x0000000714c00000, 0x0000000714c00000, 0x0000000714e00000|  0%| F|  |TAMS 0x0000000714c00000, 0x0000000714c00000| Untracked 
|  85|0x0000000714e00000, 0x0000000714e00000, 0x0000000715000000|  0%| F|  |TAMS 0x0000000714e00000, 0x0000000714e00000| Untracked 
|  86|0x0000000715000000, 0x0000000715000000, 0x0000000715200000|  0%| F|  |TAMS 0x0000000715000000, 0x0000000715000000| Untracked 
|  87|0x0000000715200000, 0x0000000715200000, 0x0000000715400000|  0%| F|  |TAMS 0x0000000715200000, 0x0000000715200000| Untracked 
|  88|0x0000000715400000, 0x0000000715400000, 0x0000000715600000|  0%| F|  |TAMS 0x0000000715400000, 0x0000000715400000| Untracked 
|  89|0x0000000715600000, 0x0000000715600000, 0x0000000715800000|  0%| F|  |TAMS 0x0000000715600000, 0x0000000715600000| Untracked 
|  90|0x0000000715800000, 0x0000000715800000, 0x0000000715a00000|  0%| F|  |TAMS 0x0000000715800000, 0x0000000715800000| Untracked 
|  91|0x0000000715a00000, 0x0000000715a00000, 0x0000000715c00000|  0%| F|  |TAMS 0x0000000715a00000, 0x0000000715a00000| Untracked 
|  92|0x0000000715c00000, 0x0000000715c00000, 0x0000000715e00000|  0%| F|  |TAMS 0x0000000715c00000, 0x0000000715c00000| Untracked 
|  93|0x0000000715e00000, 0x0000000715e00000, 0x0000000716000000|  0%| F|  |TAMS 0x0000000715e00000, 0x0000000715e00000| Untracked 
|  94|0x0000000716000000, 0x0000000716000000, 0x0000000716200000|  0%| F|  |TAMS 0x0000000716000000, 0x0000000716000000| Untracked 
|  95|0x0000000716200000, 0x0000000716200000, 0x0000000716400000|  0%| F|  |TAMS 0x0000000716200000, 0x0000000716200000| Untracked 
|  96|0x0000000716400000, 0x0000000716400000, 0x0000000716600000|  0%| F|  |TAMS 0x0000000716400000, 0x0000000716400000| Untracked 
|  97|0x0000000716600000, 0x0000000716600000, 0x0000000716800000|  0%| F|  |TAMS 0x0000000716600000, 0x0000000716600000| Untracked 
|  98|0x0000000716800000, 0x0000000716800000, 0x0000000716a00000|  0%| F|  |TAMS 0x0000000716800000, 0x0000000716800000| Untracked 
|  99|0x0000000716a00000, 0x0000000716a00000, 0x0000000716c00000|  0%| F|  |TAMS 0x0000000716a00000, 0x0000000716a00000| Untracked 
| 100|0x0000000716c00000, 0x0000000716c00000, 0x0000000716e00000|  0%| F|  |TAMS 0x0000000716c00000, 0x0000000716c00000| Untracked 
| 101|0x0000000716e00000, 0x0000000716e00000, 0x0000000717000000|  0%| F|  |TAMS 0x0000000716e00000, 0x0000000716e00000| Untracked 
| 102|0x0000000717000000, 0x0000000717000000, 0x0000000717200000|  0%| F|  |TAMS 0x0000000717000000, 0x0000000717000000| Untracked 
| 103|0x0000000717200000, 0x0000000717200000, 0x0000000717400000|  0%| F|  |TAMS 0x0000000717200000, 0x0000000717200000| Untracked 
| 104|0x0000000717400000, 0x0000000717400000, 0x0000000717600000|  0%| F|  |TAMS 0x0000000717400000, 0x0000000717400000| Untracked 
| 105|0x0000000717600000, 0x0000000717600000, 0x0000000717800000|  0%| F|  |TAMS 0x0000000717600000, 0x0000000717600000| Untracked 
| 106|0x0000000717800000, 0x0000000717837b78, 0x0000000717a00000| 10%| S|CS|TAMS 0x0000000717800000, 0x0000000717800000| Complete 
| 107|0x0000000717a00000, 0x0000000717c00000, 0x0000000717c00000|100%| S|CS|TAMS 0x0000000717a00000, 0x0000000717a00000| Complete 
| 108|0x0000000717c00000, 0x0000000717c00000, 0x0000000717e00000|  0%| F|  |TAMS 0x0000000717c00000, 0x0000000717c00000| Untracked 
| 109|0x0000000717e00000, 0x0000000717e00000, 0x0000000718000000|  0%| F|  |TAMS 0x0000000717e00000, 0x0000000717e00000| Untracked 
| 110|0x0000000718000000, 0x0000000718000000, 0x0000000718200000|  0%| F|  |TAMS 0x0000000718000000, 0x0000000718000000| Untracked 
| 111|0x0000000718200000, 0x0000000718200000, 0x0000000718400000|  0%| F|  |TAMS 0x0000000718200000, 0x0000000718200000| Untracked 
| 112|0x0000000718400000, 0x00000007185a4200, 0x0000000718600000| 82%| E|  |TAMS 0x0000000718400000, 0x0000000718400000| Complete 
| 113|0x0000000718600000, 0x0000000718800000, 0x0000000718800000|100%| E|CS|TAMS 0x0000000718600000, 0x0000000718600000| Complete 
| 114|0x0000000718800000, 0x0000000718a00000, 0x0000000718a00000|100%| E|CS|TAMS 0x0000000718800000, 0x0000000718800000| Complete 
| 115|0x0000000718a00000, 0x0000000718c00000, 0x0000000718c00000|100%| E|CS|TAMS 0x0000000718a00000, 0x0000000718a00000| Complete 
| 116|0x0000000718c00000, 0x0000000718e00000, 0x0000000718e00000|100%| E|CS|TAMS 0x0000000718c00000, 0x0000000718c00000| Complete 
| 117|0x0000000718e00000, 0x0000000719000000, 0x0000000719000000|100%| E|CS|TAMS 0x0000000718e00000, 0x0000000718e00000| Complete 
| 118|0x0000000719000000, 0x0000000719200000, 0x0000000719200000|100%| E|CS|TAMS 0x0000000719000000, 0x0000000719000000| Complete 
| 119|0x0000000719200000, 0x0000000719400000, 0x0000000719400000|100%| E|CS|TAMS 0x0000000719200000, 0x0000000719200000| Complete 
| 120|0x0000000719400000, 0x0000000719600000, 0x0000000719600000|100%| E|CS|TAMS 0x0000000719400000, 0x0000000719400000| Complete 
| 121|0x0000000719600000, 0x0000000719800000, 0x0000000719800000|100%| E|CS|TAMS 0x0000000719600000, 0x0000000719600000| Complete 
| 122|0x0000000719800000, 0x0000000719a00000, 0x0000000719a00000|100%| E|CS|TAMS 0x0000000719800000, 0x0000000719800000| Complete 

Card table byte_map: [0x000001b8a2d00000,0x000001b8a34b0000] _byte_map_base: 0x000001b89f4ae000

Marking Bits (Prev, Next): (CMBitMap*) 0x000001b88b203c90, (CMBitMap*) 0x000001b88b203cd0
 Prev Bits: [0x000001b8a3c60000, 0x000001b8a79d0000)
 Next Bits: [0x000001b8a79d0000, 0x000001b8ab740000)

Polling page: 0x000001b8890f0000

Metaspace:

Usage:
  Non-class:     14.65 MB used.
      Class:      2.05 MB used.
       Both:     16.70 MB used.

Virtual space:
  Non-class space:       64.00 MB reserved,      14.75 MB ( 23%) committed,  1 nodes.
      Class space:        1.00 GB reserved,       2.19 MB ( <1%) committed,  1 nodes.
             Both:        1.06 GB reserved,      16.94 MB (  2%) committed. 

Chunk freelists:
   Non-Class:  304.00 KB
       Class:  13.83 MB
        Both:  14.12 MB

MaxMetaspaceSize: unlimited
CompressedClassSpaceSize: 1.00 GB
Initial GC threshold: 21.00 MB
Current GC threshold: 21.00 MB
CDS: on
MetaspaceReclaimPolicy: balanced
 - commit_granule_bytes: 65536.
 - commit_granule_words: 8192.
 - virtual_space_node_default_size: 8388608.
 - enlarge_chunks_in_place: 1.
 - new_chunks_are_fully_committed: 0.
 - uncommit_free_chunks: 1.
 - use_allocation_guard: 0.
 - handle_deallocations: 1.


Internal statistics:

num_allocs_failed_limit: 0.
num_arena_births: 204.
num_arena_deaths: 0.
num_vsnodes_births: 2.
num_vsnodes_deaths: 0.
num_space_committed: 271.
num_space_uncommitted: 0.
num_chunks_returned_to_freelist: 0.
num_chunks_taken_from_freelist: 736.
num_chunk_merges: 0.
num_chunk_splits: 529.
num_chunks_enlarged: 413.
num_inconsistent_stats: 0.

CodeHeap 'non-profiled nmethods': size=119168Kb used=842Kb max_used=842Kb free=118326Kb
 bounds [0x000001b89a860000, 0x000001b89aad0000, 0x000001b8a1cc0000]
CodeHeap 'profiled nmethods': size=119104Kb used=4553Kb max_used=4553Kb free=114550Kb
 bounds [0x000001b892cc0000, 0x000001b893140000, 0x000001b89a110000]
CodeHeap 'non-nmethods': size=7488Kb used=2893Kb max_used=2933Kb free=4594Kb
 bounds [0x000001b89a110000, 0x000001b89a3f0000, 0x000001b89a860000]
 total_blobs=2830 nmethods=2325 adapters=414
 compilation: enabled
              stopped_count=0, restarted_count=0
 full_count=0

Compilation events (20 events):
Event: 0.975 Thread 0x000001b8ae85b380 nmethod 2262 0x000001b89a91c690 code [0x000001b89a91c820, 0x000001b89a91ca58]
Event: 0.975 Thread 0x000001b8ae85b380 2315       4       java.util.concurrent.ConcurrentHashMap$BaseIterator::hasNext (13 bytes)
Event: 0.976 Thread 0x000001b8ae85b380 nmethod 2315 0x000001b89a91cb90 code [0x000001b89a91cd00, 0x000001b89a91cd98]
Event: 0.976 Thread 0x000001b8ae85b380 2254   !   4       java.nio.DirectIntBufferU::get (34 bytes)
Event: 0.977 Thread 0x000001b8ae85a8e0 2319       3       java.lang.invoke.DelegatingMethodHandle$Holder::reinvoke_L (20 bytes)
Event: 0.977 Thread 0x000001b8ae85a8e0 nmethod 2319 0x000001b893130b10 code [0x000001b893130ce0, 0x000001b893131158]
Event: 0.977 Thread 0x000001b8ae85b380 nmethod 2254 0x000001b89a91d310 code [0x000001b89a91d480, 0x000001b89a91d558]
Event: 0.978 Thread 0x000001b8ae85b380 2102       4       org.springframework.core.annotation.AttributeMethods::get (7 bytes)
Event: 0.979 Thread 0x000001b8ae85a8e0 2321       3       java.util.Properties::getProperty (50 bytes)
Event: 0.979 Thread 0x000001b8ae85b380 nmethod 2102 0x000001b89a91d690 code [0x000001b89a91d800, 0x000001b89a91d8b8]
Event: 0.979 Thread 0x000001b8ae85b380 2168       4       java.lang.reflect.Method::getParameterCount (6 bytes)
Event: 0.979 Thread 0x000001b8ae85a8e0 nmethod 2321 0x000001b893131290 code [0x000001b893131460, 0x000001b893131958]
Event: 0.980 Thread 0x000001b8ae85b380 nmethod 2168 0x000001b89a91d990 code [0x000001b89a91db00, 0x000001b89a91db98]
Event: 0.980 Thread 0x000001b8ae85b380 2266       4       java.util.stream.AbstractPipeline::isParallel (8 bytes)
Event: 0.980 Thread 0x000001b8ae85b380 nmethod 2266 0x000001b89a91dc90 code [0x000001b89a91de00, 0x000001b89a91de98]
Event: 0.981 Thread 0x000001b8ae85a8e0 2322       3       java.util.Arrays$ArrayList::iterator (12 bytes)
Event: 0.981 Thread 0x000001b8ae85a8e0 nmethod 2322 0x000001b893131a90 code [0x000001b893131c40, 0x000001b893131ed8]
Event: 0.983 Thread 0x000001b8ae755150 2323       3       java.lang.invoke.DirectMethodHandle$Holder::invokeStatic (14 bytes)
Event: 0.984 Thread 0x000001b8ae755150 nmethod 2323 0x000001b893132010 code [0x000001b8931321e0, 0x000001b893132658]
Event: 0.984 Thread 0x000001b8ae85b380 2324       4       java.lang.StringConcatHelper::newArray (40 bytes)

GC Heap History (4 events):
Event: 0.499 GC heap before
{Heap before GC invocations=0 (full 0):
 garbage-first heap   total 251904K, used 22528K [0x000000070a400000, 0x0000000800000000)
  region size 2048K, 11 young (22528K), 0 survivors (0K)
 Metaspace       used 5887K, committed 6016K, reserved 1114112K
  class space    used 680K, committed 768K, reserved 1048576K
}
Event: 0.502 GC heap after
{Heap after GC invocations=1 (full 0):
 garbage-first heap   total 251904K, used 6560K [0x000000070a400000, 0x0000000800000000)
  region size 2048K, 2 young (4096K), 2 survivors (4096K)
 Metaspace       used 5887K, committed 6016K, reserved 1114112K
  class space    used 680K, committed 768K, reserved 1048576K
}
Event: 0.799 GC heap before
{Heap before GC invocations=1 (full 0):
 garbage-first heap   total 251904K, used 33184K [0x000000070a400000, 0x0000000800000000)
  region size 2048K, 15 young (30720K), 2 survivors (4096K)
 Metaspace       used 12447K, committed 12672K, reserved 1114112K
  class space    used 1475K, committed 1600K, reserved 1048576K
}
Event: 0.802 GC heap after
{Heap after GC invocations=2 (full 0):
 garbage-first heap   total 251904K, used 8854K [0x000000070a400000, 0x0000000800000000)
  region size 2048K, 2 young (4096K), 2 survivors (4096K)
 Metaspace       used 12447K, committed 12672K, reserved 1114112K
  class space    used 1475K, committed 1600K, reserved 1048576K
}

Dll operation events (11 events):
Event: 0.008 Loaded shared library C:\Users\yojah\.jdks\corretto-17.0.13\bin\java.dll
Event: 0.023 Loaded shared library C:\Users\yojah\.jdks\corretto-17.0.13\bin\jsvml.dll
Event: 0.103 Loaded shared library C:\Users\yojah\.jdks\corretto-17.0.13\bin\zip.dll
Event: 0.105 Loaded shared library C:\Users\yojah\.jdks\corretto-17.0.13\bin\instrument.dll
Event: 0.109 Loaded shared library C:\Users\yojah\.jdks\corretto-17.0.13\bin\net.dll
Event: 0.110 Loaded shared library C:\Users\yojah\.jdks\corretto-17.0.13\bin\nio.dll
Event: 0.112 Loaded shared library C:\Users\yojah\.jdks\corretto-17.0.13\bin\zip.dll
Event: 0.187 Loaded shared library C:\Program Files\JetBrains\IntelliJ IDEA Community Edition 2024.2.3\bin\breakgen64.dll
Event: 0.197 Loaded shared library C:\Users\yojah\.jdks\corretto-17.0.13\bin\extnet.dll
Event: 0.218 Loaded shared library C:\Users\yojah\.jdks\corretto-17.0.13\bin\jimage.dll
Event: 0.961 Loaded shared library C:\Users\yojah\.jdks\corretto-17.0.13\bin\sunmscapi.dll

Deoptimization events (20 events):
Event: 0.899 Thread 0x000001b88b1975a0 Uncommon trap: trap_request=0xffffff45 fr.pc=0x000001b89a8e91b4 relative=0x0000000000000114
Event: 0.899 Thread 0x000001b88b1975a0 Uncommon trap: reason=unstable_if action=reinterpret pc=0x000001b89a8e91b4 method=java.util.Arrays.equals([Ljava/lang/Object;[Ljava/lang/Object;)Z @ 44 c2
Event: 0.899 Thread 0x000001b88b1975a0 DEOPT PACKING pc=0x000001b89a8e91b4 sp=0x000000409befd5d0
Event: 0.899 Thread 0x000001b88b1975a0 DEOPT UNPACKING pc=0x000001b89a1669a3 sp=0x000000409befd570 mode 2
Event: 0.916 Thread 0x000001b8f4c78480 Uncommon trap: trap_request=0xffffff45 fr.pc=0x000001b89a9068a4 relative=0x0000000000000464
Event: 0.916 Thread 0x000001b8f4c78480 Uncommon trap: reason=unstable_if action=reinterpret pc=0x000001b89a9068a4 method=java.util.LinkedHashMap.get(Ljava/lang/Object;)Ljava/lang/Object; @ 16 c2
Event: 0.916 Thread 0x000001b8f4c78480 DEOPT PACKING pc=0x000001b89a9068a4 sp=0x000000409dafe1d0
Event: 0.916 Thread 0x000001b8f4c78480 DEOPT UNPACKING pc=0x000001b89a1669a3 sp=0x000000409dafe198 mode 2
Event: 0.921 Thread 0x000001b88b1975a0 Uncommon trap: trap_request=0xffffff45 fr.pc=0x000001b89a8d8404 relative=0x0000000000000fa4
Event: 0.921 Thread 0x000001b88b1975a0 Uncommon trap: reason=unstable_if action=reinterpret pc=0x000001b89a8d8404 method=jdk.internal.org.objectweb.asm.SymbolTable.put(Ljdk/internal/org/objectweb/asm/SymbolTable$Entry;)Ljdk/internal/org/objectweb/asm/SymbolTable$Entry; @ 13 c2
Event: 0.921 Thread 0x000001b88b1975a0 DEOPT PACKING pc=0x000001b89a8d8404 sp=0x000000409befcca0
Event: 0.921 Thread 0x000001b88b1975a0 DEOPT UNPACKING pc=0x000001b89a1669a3 sp=0x000000409befcbf8 mode 2
Event: 0.939 Thread 0x000001b88b1975a0 Uncommon trap: trap_request=0xffffffc6 fr.pc=0x000001b89a8deb0c relative=0x0000000000000aec
Event: 0.939 Thread 0x000001b88b1975a0 Uncommon trap: reason=bimorphic_or_optimized_type_check action=maybe_recompile pc=0x000001b89a8deb0c method=java.util.HashMap.putVal(ILjava/lang/Object;Ljava/lang/Object;ZZ)Ljava/lang/Object; @ 91 c2
Event: 0.939 Thread 0x000001b88b1975a0 DEOPT PACKING pc=0x000001b89a8deb0c sp=0x000000409befe660
Event: 0.939 Thread 0x000001b88b1975a0 DEOPT UNPACKING pc=0x000001b89a1669a3 sp=0x000000409befe580 mode 2
Event: 0.939 Thread 0x000001b88b1975a0 Uncommon trap: trap_request=0xffffffc6 fr.pc=0x000001b89a8deb0c relative=0x0000000000000aec
Event: 0.939 Thread 0x000001b88b1975a0 Uncommon trap: reason=bimorphic_or_optimized_type_check action=maybe_recompile pc=0x000001b89a8deb0c method=java.util.HashMap.putVal(ILjava/lang/Object;Ljava/lang/Object;ZZ)Ljava/lang/Object; @ 91 c2
Event: 0.939 Thread 0x000001b88b1975a0 DEOPT PACKING pc=0x000001b89a8deb0c sp=0x000000409befe6f0
Event: 0.939 Thread 0x000001b88b1975a0 DEOPT UNPACKING pc=0x000001b89a1669a3 sp=0x000000409befe610 mode 2

Classes loaded (20 events):
Event: 0.951 Loading class java/security/spec/ECFieldF2m
Event: 0.951 Loading class java/security/spec/ECFieldF2m done
Event: 0.954 Loading class sun/security/ssl/SunJSSE
Event: 0.954 Loading class sun/security/ssl/SunJSSE done
Event: 0.955 Loading class com/sun/crypto/provider/SunJCE
Event: 0.955 Loading class com/sun/crypto/provider/SunJCE done
Event: 0.968 Loading class com/sun/security/sasl/Provider
Event: 0.968 Loading class com/sun/security/sasl/Provider done
Event: 0.968 Loading class com/sun/security/sasl/Provider$1
Event: 0.968 Loading class com/sun/security/sasl/Provider$1 done
Event: 0.968 Loading class com/sun/security/sasl/Provider$ProviderService
Event: 0.969 Loading class com/sun/security/sasl/Provider$ProviderService done
Event: 0.969 Loading class sun/security/provider/certpath/ldap/JdkLDAP
Event: 0.969 Loading class sun/security/provider/certpath/ldap/JdkLDAP done
Event: 0.969 Loading class sun/security/provider/certpath/ldap/JdkLDAP$ProviderService
Event: 0.970 Loading class sun/security/provider/certpath/ldap/JdkLDAP$ProviderService done
Event: 0.980 Loading class javax/naming/ldap/LdapContext
Event: 0.980 Loading class javax/naming/directory/DirContext
Event: 0.980 Loading class javax/naming/directory/DirContext done
Event: 0.980 Loading class javax/naming/ldap/LdapContext done

Classes unloaded (0 events):
No events

Classes redefined (0 events):
No events

Internal exceptions (20 events):
Event: 0.594 Thread 0x000001b88b1975a0 Exception <a 'java/lang/NoSuchMethodError'{0x00000007195c9b88}: 'int java.lang.invoke.DirectMethodHandle$Holder.invokeSpecialIFC(java.lang.Object, java.lang.Object, java.lang.Object, java.lang.Object)'> (0x00000007195c9b88) 
thrown [s\src\hotspot\share\interpreter\linkResolver.cpp, line 759]
Event: 0.611 Thread 0x000001b88b1975a0 Exception <a 'java/lang/NoSuchMethodError'{0x0000000719297710}: 'void java.lang.invoke.DirectMethodHandle$Holder.invokeInterface(java.lang.Object, java.lang.Object, java.lang.Object)'> (0x0000000719297710) 
thrown [s\src\hotspot\share\interpreter\linkResolver.cpp, line 759]
Event: 0.626 Thread 0x000001b88b1975a0 Exception <a 'java/lang/NoSuchMethodError'{0x0000000719323220}: 'void java.lang.invoke.DirectMethodHandle$Holder.invokeStaticInit(java.lang.Object, java.lang.Object, java.lang.Object)'> (0x0000000719323220) 
thrown [s\src\hotspot\share\interpreter\linkResolver.cpp, line 759]
Event: 0.630 Thread 0x000001b88b1975a0 Exception <a 'java/lang/NoSuchMethodError'{0x0000000719368890}: 'java.lang.Object java.lang.invoke.DirectMethodHandle$Holder.invokeStatic(java.lang.Object, java.lang.Object, long, java.lang.Object)'> (0x0000000719368890) 
thrown [s\src\hotspot\share\interpreter\linkResolver.cpp, line 759]
Event: 0.630 Thread 0x000001b88b1975a0 Exception <a 'java/lang/NoSuchMethodError'{0x000000071936c328}: 'java.lang.Object java.lang.invoke.DirectMethodHandle$Holder.invokeStaticInit(java.lang.Object, java.lang.Object, long, java.lang.Object)'> (0x000000071936c328) 
thrown [s\src\hotspot\share\interpreter\linkResolver.cpp, line 759]
Event: 0.630 Thread 0x000001b88b1975a0 Exception <a 'java/lang/NoSuchMethodError'{0x0000000719372a68}: 'java.lang.Object java.lang.invoke.DirectMethodHandle$Holder.newInvokeSpecial(java.lang.Object, java.lang.Object, long)'> (0x0000000719372a68) 
thrown [s\src\hotspot\share\interpreter\linkResolver.cpp, line 759]
Event: 0.630 Thread 0x000001b88b1975a0 Exception <a 'java/lang/NoSuchMethodError'{0x00000007193765d8}: 'java.lang.Object java.lang.invoke.Invokers$Holder.linkToTargetMethod(java.lang.Object, long, java.lang.Object)'> (0x00000007193765d8) 
thrown [s\src\hotspot\share\interpreter\linkResolver.cpp, line 759]
Event: 0.642 Thread 0x000001b88b1975a0 Exception <a 'java/lang/NoSuchMethodError'{0x00000007193d4190}: 'void java.lang.invoke.DirectMethodHandle$Holder.invokeVirtual(java.lang.Object, java.lang.Object, java.lang.Object, java.lang.Object)'> (0x00000007193d4190) 
thrown [s\src\hotspot\share\interpreter\linkResolver.cpp, line 759]
Event: 0.668 Thread 0x000001b88b1975a0 Exception <a 'java/lang/NoSuchMethodError'{0x0000000719140950}: 'void java.lang.invoke.DirectMethodHandle$Holder.invokeSpecial(java.lang.Object, java.lang.Object, java.lang.Object)'> (0x0000000719140950) 
thrown [s\src\hotspot\share\interpreter\linkResolver.cpp, line 759]
Event: 0.674 Thread 0x000001b88b1975a0 Exception <a 'java/lang/IncompatibleClassChangeError'{0x0000000719171430}: Found class java.lang.Object, but interface was expected> (0x0000000719171430) 
thrown [s\src\hotspot\share\interpreter\linkResolver.cpp, line 826]
Event: 0.865 Thread 0x000001b88b1975a0 Exception <a 'java/lang/NoSuchMethodError'{0x00000007190b2310}: 'java.lang.Object java.lang.invoke.DirectMethodHandle$Holder.invokeVirtual(java.lang.Object, java.lang.Object, java.lang.Object)'> (0x00000007190b2310) 
thrown [s\src\hotspot\share\interpreter\linkResolver.cpp, line 759]
Event: 0.869 Thread 0x000001b88b1975a0 Exception <a 'sun/nio/fs/WindowsException'{0x00000007190cc110}> (0x00000007190cc110) 
thrown [s\src\hotspot\share\prims\jni.cpp, line 516]
Event: 0.870 Thread 0x000001b88b1975a0 Exception <a 'java/lang/NoSuchMethodError'{0x00000007190cdb00}: 'int java.lang.invoke.DirectMethodHandle$Holder.invokeSpecial(java.lang.Object, java.lang.Object, java.lang.Object, java.lang.Object, java.lang.Object)'> (0x00000007190cdb00) 
thrown [s\src\hotspot\share\interpreter\linkResolver.cpp, line 759]
Event: 0.872 Thread 0x000001b88b1975a0 Exception <a 'java/lang/NoSuchMethodError'{0x00000007190d6a80}: 'void java.lang.invoke.DirectMethodHandle$Holder.invokeVirtual(java.lang.Object, java.lang.Object)'> (0x00000007190d6a80) 
thrown [s\src\hotspot\share\interpreter\linkResolver.cpp, line 759]
Event: 0.890 Thread 0x000001b8f4c78480 Exception <a 'java/lang/NoSuchMethodError'{0x0000000718c23558}: 'long java.lang.invoke.DirectMethodHandle$Holder.invokeSpecial(java.lang.Object, java.lang.Object)'> (0x0000000718c23558) 
thrown [s\src\hotspot\share\interpreter\linkResolver.cpp, line 759]
Event: 0.891 Thread 0x000001b8f4c78480 Exception <a 'java/lang/NoSuchMethodError'{0x0000000718c2e0d0}: 'long java.lang.invoke.DirectMethodHandle$Holder.invokeStatic(java.lang.Object, java.lang.Object)'> (0x0000000718c2e0d0) 
thrown [s\src\hotspot\share\interpreter\linkResolver.cpp, line 759]
Event: 0.892 Thread 0x000001b8f4c78480 Exception <a 'java/lang/NoSuchMethodError'{0x0000000718c31428}: 'long java.lang.invoke.DirectMethodHandle$Holder.invokeStaticInit(java.lang.Object, java.lang.Object)'> (0x0000000718c31428) 
thrown [s\src\hotspot\share\interpreter\linkResolver.cpp, line 759]
Event: 0.893 Thread 0x000001b8f4c78480 Exception <a 'java/lang/NoSuchMethodError'{0x0000000718c3ece8}: 'long java.lang.invoke.DirectMethodHandle$Holder.invokeInterface(java.lang.Object, java.lang.Object)'> (0x0000000718c3ece8) 
thrown [s\src\hotspot\share\interpreter\linkResolver.cpp, line 759]
Event: 0.893 Thread 0x000001b8f4c78480 Exception <a 'java/lang/IncompatibleClassChangeError'{0x0000000718c41fd0}: Found class java.lang.Object, but interface was expected> (0x0000000718c41fd0) 
thrown [s\src\hotspot\share\interpreter\linkResolver.cpp, line 826]
Event: 0.897 Thread 0x000001b8f4c78480 Exception <a 'java/lang/NoSuchMethodError'{0x0000000718c5a6a8}: 'java.lang.Object java.lang.invoke.DirectMethodHandle$Holder.invokeVirtual(java.lang.Object, java.lang.Object, java.lang.Object, java.lang.Object)'> (0x0000000718c5a6a8) 
thrown [s\src\hotspot\share\interpreter\linkResolver.cpp, line 759]

VM Operations (20 events):
Event: 0.579 Executing VM operation: HandshakeAllThreads
Event: 0.579 Executing VM operation: HandshakeAllThreads done
Event: 0.665 Executing VM operation: HandshakeAllThreads
Event: 0.665 Executing VM operation: HandshakeAllThreads done
Event: 0.665 Executing VM operation: HandshakeAllThreads
Event: 0.665 Executing VM operation: HandshakeAllThreads done
Event: 0.695 Executing VM operation: ICBufferFull
Event: 0.695 Executing VM operation: ICBufferFull done
Event: 0.764 Executing VM operation: HandshakeAllThreads
Event: 0.764 Executing VM operation: HandshakeAllThreads done
Event: 0.798 Executing VM operation: G1CollectForAllocation
Event: 0.802 Executing VM operation: G1CollectForAllocation done
Event: 0.816 Executing VM operation: HandshakeAllThreads
Event: 0.816 Executing VM operation: HandshakeAllThreads done
Event: 0.853 Executing VM operation: HandshakeAllThreads
Event: 0.853 Executing VM operation: HandshakeAllThreads done
Event: 0.934 Executing VM operation: HandshakeAllThreads
Event: 0.934 Executing VM operation: HandshakeAllThreads done
Event: 0.948 Executing VM operation: HandshakeAllThreads
Event: 0.949 Executing VM operation: HandshakeAllThreads done

Memory protections (0 events):
No events

Nmethod flushes (0 events):
No events

Events (20 events):
Event: 0.032 Thread 0x000001b88b1975a0 Thread added: 0x000001b8ae7452a0
Event: 0.033 Thread 0x000001b88b1975a0 Thread added: 0x000001b8ae745c60
Event: 0.033 Thread 0x000001b88b1975a0 Thread added: 0x000001b8ae746620
Event: 0.033 Thread 0x000001b88b1975a0 Thread added: 0x000001b8ae746fe0
Event: 0.033 Thread 0x000001b88b1975a0 Thread added: 0x000001b8ae747d80
Event: 0.033 Thread 0x000001b88b1975a0 Thread added: 0x000001b8ae755150
Event: 0.033 Thread 0x000001b88b1975a0 Thread added: 0x000001b8ae75bb70
Event: 0.090 Thread 0x000001b88b1975a0 Thread added: 0x000001b8ae84dd70
Event: 0.094 Thread 0x000001b8ae755150 Thread added: 0x000001b8ae85a8e0
Event: 0.095 Thread 0x000001b8ae85a8e0 Thread added: 0x000001b8ae85ae30
Event: 0.099 Thread 0x000001b8ae85a8e0 Thread added: 0x000001b8ae85b380
Event: 0.188 Thread 0x000001b88b1975a0 Thread added: 0x000001b8f4070280
Event: 0.188 Thread 0x000001b88b1975a0 Thread added: 0x000001b8f404e040
Event: 0.321 Thread 0x000001b8ae85b380 Thread added: 0x000001b8ae85be20
Event: 0.671 Thread 0x000001b88b1975a0 Thread added: 0x000001b8f4c78480
Event: 0.755 Thread 0x000001b8ae85a8e0 Thread added: 0x000001b8ae85c370
Event: 0.952 Thread 0x000001b8ae85a8e0 Thread added: 0x000001b8ae85c8c0
Event: 0.954 Thread 0x000001b8ae755150 Thread added: 0x000001b8ae85ce10
Event: 0.963 Thread 0x000001b88b1975a0 Thread added: 0x000001b8f52cdf00
Event: 0.971 Thread 0x000001b8f4c78480 Thread exited: 0x000001b8f4c78480


Dynamic libraries:
0x00007ff7e5100000 - 0x00007ff7e510e000 	C:\Users\yojah\.jdks\corretto-17.0.13\bin\java.exe
0x00007ff87b090000 - 0x00007ff87b2a7000 	C:\WINDOWS\SYSTEM32\ntdll.dll
0x00007ff879bc0000 - 0x00007ff879c84000 	C:\WINDOWS\System32\KERNEL32.DLL
0x00007ff8784f0000 - 0x00007ff8788a9000 	C:\WINDOWS\System32\KERNELBASE.dll
0x00007ff878a00000 - 0x00007ff878b11000 	C:\WINDOWS\System32\ucrtbase.dll
0x00007ff872110000 - 0x00007ff872127000 	C:\Users\yojah\.jdks\corretto-17.0.13\bin\jli.dll
0x00007ff86d1f0000 - 0x00007ff86d20b000 	C:\Users\yojah\.jdks\corretto-17.0.13\bin\VCRUNTIME140.dll
0x00007ff879640000 - 0x00007ff8797ee000 	C:\WINDOWS\System32\USER32.dll
0x00007ff878930000 - 0x00007ff878956000 	C:\WINDOWS\System32\win32u.dll
0x00007ff8795b0000 - 0x00007ff8795d9000 	C:\WINDOWS\System32\GDI32.dll
0x00007ff866a10000 - 0x00007ff866ca2000 	C:\WINDOWS\WinSxS\amd64_microsoft.windows.common-controls_6595b64144ccf1df_6.0.22621.4391_none_2715d37f73803e96\COMCTL32.dll
0x00007ff878c90000 - 0x00007ff878dab000 	C:\WINDOWS\System32\gdi32full.dll
0x00007ff879880000 - 0x00007ff879927000 	C:\WINDOWS\System32\msvcrt.dll
0x00007ff878960000 - 0x00007ff8789fa000 	C:\WINDOWS\System32\msvcp_win.dll
0x00007ff878f30000 - 0x00007ff878f61000 	C:\WINDOWS\System32\IMM32.DLL
0x00007ff86ca20000 - 0x00007ff86ca2c000 	C:\Users\yojah\.jdks\corretto-17.0.13\bin\vcruntime140_1.dll
0x00007ff85efe0000 - 0x00007ff85f06d000 	C:\Users\yojah\.jdks\corretto-17.0.13\bin\msvcp140.dll
0x00007fffcd480000 - 0x00007fffce0ec000 	C:\Users\yojah\.jdks\corretto-17.0.13\bin\server\jvm.dll
0x00007ff879160000 - 0x00007ff879212000 	C:\WINDOWS\System32\ADVAPI32.dll
0x00007ff879c90000 - 0x00007ff879d37000 	C:\WINDOWS\System32\sechost.dll
0x00007ff878450000 - 0x00007ff878478000 	C:\WINDOWS\System32\bcrypt.dll
0x00007ff879a30000 - 0x00007ff879b44000 	C:\WINDOWS\System32\RPCRT4.dll
0x00007ff878eb0000 - 0x00007ff878f21000 	C:\WINDOWS\System32\WS2_32.dll
0x00007ff8771f0000 - 0x00007ff87723d000 	C:\WINDOWS\SYSTEM32\POWRPROF.dll
0x00007ff873a90000 - 0x00007ff873ac4000 	C:\WINDOWS\SYSTEM32\WINMM.dll
0x00007ff873e50000 - 0x00007ff873e5a000 	C:\WINDOWS\SYSTEM32\VERSION.dll
0x00007ff8771d0000 - 0x00007ff8771e3000 	C:\WINDOWS\SYSTEM32\UMPDC.dll
0x00007ff877490000 - 0x00007ff8774a8000 	C:\WINDOWS\SYSTEM32\kernel.appcore.dll
0x00007ff86ca10000 - 0x00007ff86ca1a000 	C:\Users\yojah\.jdks\corretto-17.0.13\bin\jimage.dll
0x00007ff8704f0000 - 0x00007ff870722000 	C:\WINDOWS\SYSTEM32\DBGHELP.DLL
0x00007ff879220000 - 0x00007ff8795af000 	C:\WINDOWS\System32\combase.dll
0x00007ff87a780000 - 0x00007ff87a857000 	C:\WINDOWS\System32\OLEAUT32.dll
0x00007ff86d4f0000 - 0x00007ff86d522000 	C:\WINDOWS\SYSTEM32\dbgcore.DLL
0x00007ff8788b0000 - 0x00007ff87892b000 	C:\WINDOWS\System32\bcryptPrimitives.dll
0x00007ff8677c0000 - 0x00007ff8677ce000 	C:\Users\yojah\.jdks\corretto-17.0.13\bin\instrument.dll
0x00007ff86c9c0000 - 0x00007ff86c9e5000 	C:\Users\yojah\.jdks\corretto-17.0.13\bin\java.dll
0x00007fffe6120000 - 0x00007fffe61f7000 	C:\Users\yojah\.jdks\corretto-17.0.13\bin\jsvml.dll
0x00007ff879f00000 - 0x00007ff87a776000 	C:\WINDOWS\System32\SHELL32.dll
0x00007ff876280000 - 0x00007ff876b83000 	C:\WINDOWS\SYSTEM32\windows.storage.dll
0x00007ff876140000 - 0x00007ff87627f000 	C:\WINDOWS\SYSTEM32\wintypes.dll
0x00007ff878db0000 - 0x00007ff878ea9000 	C:\WINDOWS\System32\SHCORE.dll
0x00007ff879b50000 - 0x00007ff879bae000 	C:\WINDOWS\System32\shlwapi.dll
0x00007ff8782c0000 - 0x00007ff8782eb000 	C:\WINDOWS\SYSTEM32\profapi.dll
0x00007ff86c930000 - 0x00007ff86c948000 	C:\Users\yojah\.jdks\corretto-17.0.13\bin\zip.dll
0x00007ff86c9a0000 - 0x00007ff86c9b9000 	C:\Users\yojah\.jdks\corretto-17.0.13\bin\net.dll
0x00007ff874f70000 - 0x00007ff8750a6000 	C:\WINDOWS\SYSTEM32\WINHTTP.dll
0x00007ff877920000 - 0x00007ff877989000 	C:\WINDOWS\system32\mswsock.dll
0x00007ff86c980000 - 0x00007ff86c996000 	C:\Users\yojah\.jdks\corretto-17.0.13\bin\nio.dll
0x00007ff867790000 - 0x00007ff8677aa000 	C:\Program Files\JetBrains\IntelliJ IDEA Community Edition 2024.2.3\bin\breakgen64.dll
0x00007ff8677b0000 - 0x00007ff8677b9000 	C:\Users\yojah\.jdks\corretto-17.0.13\bin\extnet.dll
0x00007ff8679f0000 - 0x00007ff8679fe000 	C:\Users\yojah\.jdks\corretto-17.0.13\bin\sunmscapi.dll
0x00007ff878b20000 - 0x00007ff878c86000 	C:\WINDOWS\System32\CRYPT32.dll
0x00007ff877d30000 - 0x00007ff877d5d000 	C:\WINDOWS\SYSTEM32\ncrypt.dll
0x00007ff877cf0000 - 0x00007ff877d27000 	C:\WINDOWS\SYSTEM32\NTASN1.dll

dbghelp: loaded successfully - version: 4.0.5 - missing functions: none
symbol engine: initialized successfully - sym options: 0x614 - pdb path: .;C:\Users\yojah\.jdks\corretto-17.0.13\bin;C:\WINDOWS\SYSTEM32;C:\WINDOWS\WinSxS\amd64_microsoft.windows.common-controls_6595b64144ccf1df_6.0.22621.4391_none_2715d37f73803e96;C:\Users\yojah\.jdks\corretto-17.0.13\bin\server;C:\Program Files\JetBrains\IntelliJ IDEA Community Edition 2024.2.3\bin

VM Arguments:
jvm_args: -javaagent:C:\Program Files\JetBrains\IntelliJ IDEA Community Edition 2024.2.3\lib\idea_rt.jar=55745:C:\Program Files\JetBrains\IntelliJ IDEA Community Edition 2024.2.3\bin -Dfile.encoding=UTF-8 
java_command: com.customer.ApiCustomer.ApiCustomerApplication
java_class_path (initial): D:\Estudios_2024\Bootcamp-Java-Girl-Tech\Entregable-2\ApiCustomer\target\classes;C:\Users\yojah\.m2\repository\org\springframework\boot\spring-boot-starter-data-jpa\3.3.5\spring-boot-starter-data-jpa-3.3.5.jar;C:\Users\yojah\.m2\repository\org\springframework\boot\spring-boot-starter-aop\3.3.5\spring-boot-starter-aop-3.3.5.jar;C:\Users\yojah\.m2\repository\org\springframework\spring-aop\6.1.14\spring-aop-6.1.14.jar;C:\Users\yojah\.m2\repository\org\aspectj\aspectjweaver\1.9.22.1\aspectjweaver-1.9.22.1.jar;C:\Users\yojah\.m2\repository\org\springframework\boot\spring-boot-starter-jdbc\3.3.5\spring-boot-starter-jdbc-3.3.5.jar;C:\Users\yojah\.m2\repository\com\zaxxer\HikariCP\5.1.0\HikariCP-5.1.0.jar;C:\Users\yojah\.m2\repository\org\springframework\spring-jdbc\6.1.14\spring-jdbc-6.1.14.jar;C:\Users\yojah\.m2\repository\org\hibernate\orm\hibernate-core\6.5.3.Final\hibernate-core-6.5.3.Final.jar;C:\Users\yojah\.m2\repository\jakarta\persistence\jakarta.persistence-api\3.1.0\jakarta.persistence-api-3.1.0.jar;C:\Users\yojah\.m2\repository\jakarta\transaction\jakarta.transaction-api\2.0.1\jakarta.transaction-api-2.0.1.jar;C:\Users\yojah\.m2\repository\org\jboss\logging\jboss-logging\3.5.3.Final\jboss-logging-3.5.3.Final.jar;C:\Users\yojah\.m2\repository\org\hibernate\common\hibernate-commons-annotations\6.0.6.Final\hibernate-commons-annotations-6.0.6.Final.jar;C:\Users\yojah\.m2\repository\io\smallrye\jandex\3.1.2\jandex-3.1.2.jar;C:\Users\yojah\.m2\repository\net\bytebuddy\byte-buddy\1.14.19\byte-buddy-1.14.19.jar;C:\Users\yojah\.m2\repository\jakarta\xml\bind\jakarta.xml.bind-api\4.0.2\jakarta.xml.bind-api-4.0.2.jar;C:\Users\yojah\.m2\repository\jakarta\activation\jakarta.activation-api\2.1.3\jakarta.activation-api-2.1.3.jar;C:\Users\yojah\.m2\repository\org\glassfish\jaxb\jaxb-runtime\4.0.5\jaxb-runtime-4.0.5.jar;C:\Users\yojah\.m2\repository\org\glassfish\jaxb\jaxb-core\4.0.5\jaxb-core-4.0.5.jar;C:\Users\yojah\.m2\repository\org\eclipse\ang
Launcher Type: SUN_STANDARD

[Global flags]
     intx CICompilerCount                          = 12                                        {product} {ergonomic}
     uint ConcGCThreads                            = 3                                         {product} {ergonomic}
     uint G1ConcRefinementThreads                  = 13                                        {product} {ergonomic}
   size_t G1HeapRegionSize                         = 2097152                                   {product} {ergonomic}
    uintx GCDrainStackTargetSize                   = 64                                        {product} {ergonomic}
   size_t InitialHeapSize                          = 257949696                                 {product} {ergonomic}
   size_t MarkStackSize                            = 4194304                                   {product} {ergonomic}
   size_t MaxHeapSize                              = 4123000832                                {product} {ergonomic}
   size_t MaxNewSize                               = 2472542208                                {product} {ergonomic}
   size_t MinHeapDeltaBytes                        = 2097152                                   {product} {ergonomic}
   size_t MinHeapSize                              = 8388608                                   {product} {ergonomic}
    uintx NonNMethodCodeHeapSize                   = 7602480                                {pd product} {ergonomic}
    uintx NonProfiledCodeHeapSize                  = 122027880                              {pd product} {ergonomic}
    uintx ProfiledCodeHeapSize                     = 122027880                              {pd product} {ergonomic}
    uintx ReservedCodeCacheSize                    = 251658240                              {pd product} {ergonomic}
     bool SegmentedCodeCache                       = true                                      {product} {ergonomic}
   size_t SoftMaxHeapSize                          = 4123000832                             {manageable} {ergonomic}
     bool UseCompressedClassPointers               = true                           {product lp64_product} {ergonomic}
     bool UseCompressedOops                        = true                           {product lp64_product} {ergonomic}
     bool UseG1GC                                  = true                                      {product} {ergonomic}
     bool UseLargePagesIndividualAllocation        = false                                  {pd product} {ergonomic}

Logging:
Log output configuration:
 #0: stdout all=warning uptime,level,tags
 #1: stderr all=off uptime,level,tags

Environment Variables:
JAVA_HOME=C:\Program Files\Java\jdk-17
PATH=C:\Program Files\Common Files\Oracle\Java\javapath;C:\Windows\system32;C:\Windows;C:\Windows\System32\Wbem;C:\Windows\System32\WindowsPowerShell\v1.0\;C:\Windows\System32\OpenSSH\;C:\Program Files (x86)\NVIDIA Corporation\PhysX\Common;C:\Program Files\NVIDIA Corporation\NVIDIA NvDLISR;C:\Program Files\dotnet\;C:\Program Files\Microsoft SQL Server\Client SDK\ODBC\170\Tools\Binn\;C:\Program Files (x86)\Microsoft SQL Server\150\Tools\Binn\;C:\Program Files\Microsoft SQL Server\150\Tools\Binn\;C:\Program Files\Microsoft SQL Server\150\DTS\Binn\;C:\Program Files (x86)\Microsoft SQL Server\150\DTS\Binn\;C:\Program Files\Azure Data Studio\bin;C:\WINDOWS\system32;C:\WINDOWS;C:\WINDOWS\System32\Wbem;C:\WINDOWS\System32\WindowsPowerShell\v1.0\;C:\WINDOWS\System32\OpenSSH\;C:\Program Files\nodejs\;C:\Program Files\Git\cmd;C:\tools\apache-maven-3.9.9\bin;C:\Program Files\Java\jdk-17\bin;C:\Users\yojah\AppData\Local\Programs\Python\Python312\;C:\Users\yojah\AppData\Local\Programs\Python\Python312\Scripts;C:\Users\yojah\AppData\Local\Programs\Python\Launcher\;C:\Users\yojah\AppData\Local\Microsoft\WindowsApps;C:\Program Files\Azure Data Studio\bin;C:\Users\yojah\AppData\Local\Programs\Microsoft VS Code\bin;C:\Users\yojah\AppData\Roaming\npm;C:\Program Files\MongoDB\Server\6.0\bin;C:\Program Files\MongoDB\Server\7.0\bin;C:\mongosh-2.2.9\bin;;C:\Program Files\JetBrains\IntelliJ IDEA Community Edition 2024.2.3\bin;
USERNAME=yojah
OS=Windows_NT
PROCESSOR_IDENTIFIER=AMD64 Family 25 Model 80 Stepping 0, AuthenticAMD
TMP=C:\Users\yojah\AppData\Local\Temp
TEMP=C:\Users\yojah\AppData\Local\Temp



Periodic native trim disabled


---------------  S Y S T E M  ---------------

OS:
 Windows 11 , 64 bit Build 22621 (10.0.22621.4391)
OS uptime: 0 days 4:02 hours
Hyper-V role detected

CPU: total 16 (initial active 16) (16 cores per cpu, 2 threads per core) family 25 model 80 stepping 0 microcode 0x0, cx8, cmov, fxsr, ht, mmx, 3dnowpref, sse, sse2, sse3, ssse3, sse4a, sse4.1, sse4.2, popcnt, lzcnt, tsc, tscinvbit, avx, avx2, aes, erms, clmul, bmi1, bmi2, adx, sha, fma, vzeroupper, clflush, clflushopt, hv
Processor Information for processor 0
  Max Mhz: 3201, Current Mhz: 2555, Mhz Limit: 3201
Processor Information for processor 1
  Max Mhz: 3201, Current Mhz: 3201, Mhz Limit: 3201
Processor Information for processor 2
  Max Mhz: 3201, Current Mhz: 2555, Mhz Limit: 3201
Processor Information for processor 3
  Max Mhz: 3201, Current Mhz: 2555, Mhz Limit: 3201
Processor Information for processor 4
  Max Mhz: 3201, Current Mhz: 2555, Mhz Limit: 3201
Processor Information for processor 5
  Max Mhz: 3201, Current Mhz: 3201, Mhz Limit: 3201
Processor Information for processor 6
  Max Mhz: 3201, Current Mhz: 2555, Mhz Limit: 3201
Processor Information for processor 7
  Max Mhz: 3201, Current Mhz: 2555, Mhz Limit: 3201
Processor Information for processor 8
  Max Mhz: 3201, Current Mhz: 2555, Mhz Limit: 3201
Processor Information for processor 9
  Max Mhz: 3201, Current Mhz: 2555, Mhz Limit: 3201
Processor Information for processor 10
  Max Mhz: 3201, Current Mhz: 2555, Mhz Limit: 3201
Processor Information for processor 11
  Max Mhz: 3201, Current Mhz: 2555, Mhz Limit: 3201
Processor Information for processor 12
  Max Mhz: 3201, Current Mhz: 2555, Mhz Limit: 3201
Processor Information for processor 13
  Max Mhz: 3201, Current Mhz: 2555, Mhz Limit: 3201
Processor Information for processor 14
  Max Mhz: 3201, Current Mhz: 2555, Mhz Limit: 3201
Processor Information for processor 15
  Max Mhz: 3201, Current Mhz: 3201, Mhz Limit: 3201

Memory: 4k page, system-wide physical 15720M (1667M free)
TotalPageFile size 21442M (AvailPageFile size 9M)
current process WorkingSet (physical memory assigned to process): 130M, peak: 137M
current process commit charge ("private bytes"): 397M, peak: 405M

vm_info: OpenJDK 64-Bit Server VM (17.0.13+11-LTS) for windows-amd64 JRE (17.0.13+11-LTS), built on Oct 10 2024 19:51:30 by "Administrator" with MS VC++ 16.10 / 16.11 (VS2019)

END.
