#
# There is insufficient memory for the Java Runtime Environment to continue.
# Native memory allocation (malloc) failed to allocate 2163216 bytes. Error detail: Chunk::new
# Possible reasons:
#   The system is out of physical RAM or swap space
#   This process is running with CompressedOops enabled, and the Java Heap may be blocking the growth of the native heap
# Possible solutions:
#   Reduce memory load on the system
#   Increase physical memory or swap space
#   Check if swap backing store is full
#   Decrease Java heap size (-Xmx/-Xms)
#   Decrease number of Java threads
#   Decrease Java thread stack sizes (-Xss)
#   Set larger code cache with -XX:ReservedCodeCacheSize=
#   JVM is running with Zero Based Compressed Oops mode in which the Java heap is
#     placed in the first 32GB address space. The Java Heap base address is the
#     maximum limit for the native heap growth. Please use -XX:HeapBaseMinAddress
#     to set the Java Heap base and to place the Java Heap above 32GB virtual address.
# This output file may be truncated or incomplete.
#
#  Out of Memory Error (arena.cpp:191), pid=19620, tid=27692
#
# JRE version: OpenJDK Runtime Environment Corretto-17.0.13.11.1 (17.0.13+11) (build 17.0.13+11-LTS)
# Java VM: OpenJDK 64-Bit Server VM Corretto-17.0.13.11.1 (17.0.13+11-LTS, mixed mode, sharing, tiered, compressed oops, compressed class ptrs, g1 gc, windows-amd64)
# No core dump will be written. Minidumps are not enabled by default on client versions of Windows
#

---------------  S U M M A R Y ------------

Command Line: -Dmaven.multiModuleProjectDirectory=D:\Estudios_2024\Bootcamp-Java-Girl-Tech\Entregable-4\Entregable-4\ApiCustomer -Djansi.passthrough=true -Dmaven.home=C:\Users\yojah\.m2\wrapper\dists\apache-maven-3.9.9-bin\4nf9hui3q3djbarqar9g711ggc\apache-maven-3.9.9 -Dclassworlds.conf=C:\Users\yojah\.m2\wrapper\dists\apache-maven-3.9.9-bin\4nf9hui3q3djbarqar9g711ggc\apache-maven-3.9.9\bin\m2.conf -Dmaven.ext.class.path=C:\Program Files\JetBrains\IntelliJ IDEA Community Edition 2024.2.3\plugins\maven\lib\maven-event-listener.jar -javaagent:C:\Program Files\JetBrains\IntelliJ IDEA Community Edition 2024.2.3\lib\idea_rt.jar=64438:C:\Program Files\JetBrains\IntelliJ IDEA Community Edition 2024.2.3\bin -Dfile.encoding=UTF-8 org.codehaus.classworlds.Launcher -Didea.version=2024.2.4 clean test

Host: AMD Ryzen 7 5800H with Radeon Graphics         , 16 cores, 15G,  Windows 11 , 64 bit Build 22621 (10.0.22621.4391)
Time: Wed Nov 27 20:32:28 2024 Hora est. Pacífico, Sudamérica elapsed time: 7.605961 seconds (0d 0h 0m 7s)

---------------  T H R E A D  ---------------

Current thread (0x0000022d664ec2b0):  JavaThread "C2 CompilerThread0" daemon [_thread_in_native, id=27692, stack(0x0000004500300000,0x0000004500400000)]


Current CompileTask:
C2:   7606 7974       4       org.apache.maven.model.inheritance.DefaultInheritanceAssembler$InheritanceModelMerger::mergePluginContainer_Plugins (433 bytes)

Stack: [0x0000004500300000,0x0000004500400000]
Native frames: (J=compiled Java code, j=interpreted, Vv=VM code, C=native code)
V  [jvm.dll+0x680c19]
V  [jvm.dll+0x83888a]
V  [jvm.dll+0x83a34e]
V  [jvm.dll+0x83a9b3]
V  [jvm.dll+0x2481af]
V  [jvm.dll+0xac9f4]
V  [jvm.dll+0xad03c]
V  [jvm.dll+0x367762]
V  [jvm.dll+0x331b9a]
V  [jvm.dll+0x33103a]
V  [jvm.dll+0x21a701]
V  [jvm.dll+0x219b41]
V  [jvm.dll+0x1a58ed]
V  [jvm.dll+0x22988d]
V  [jvm.dll+0x227a1c]
V  [jvm.dll+0x7ed737]
V  [jvm.dll+0x7e7b2c]
V  [jvm.dll+0x67fae7]
C  [ucrtbase.dll+0x29333]
C  [KERNEL32.DLL+0x1259d]
C  [ntdll.dll+0x5af38]


---------------  P R O C E S S  ---------------

Threads class SMR info:
_java_thread_list=0x0000022dac1c93c0, length=20, elements={
0x0000022d42f3a4c0, 0x0000022d664d5eb0, 0x0000022d664d6b30, 0x0000022d664e91c0,
0x0000022d664e9b80, 0x0000022d664ea540, 0x0000022d664eaf00, 0x0000022d664ec2b0,
0x0000022d664f8270, 0x0000022d664fffb0, 0x0000022d665fb790, 0x0000022d666202e0,
0x0000022d66620800, 0x0000022d66752c80, 0x0000022d66753160, 0x0000022dac1cca80,
0x0000022dac1ccfa0, 0x0000022dac177690, 0x0000022dace572f0, 0x0000022dad46e790
}

Java Threads: ( => current thread )
  0x0000022d42f3a4c0 JavaThread "main" [_thread_in_Java, id=14512, stack(0x000000457f600000,0x000000457f700000)]
  0x0000022d664d5eb0 JavaThread "Reference Handler" daemon [_thread_blocked, id=28328, stack(0x000000457fd00000,0x000000457fe00000)]
  0x0000022d664d6b30 JavaThread "Finalizer" daemon [_thread_blocked, id=6376, stack(0x000000457fe00000,0x000000457ff00000)]
  0x0000022d664e91c0 JavaThread "Signal Dispatcher" daemon [_thread_blocked, id=26448, stack(0x000000457ff00000,0x0000004580000000)]
  0x0000022d664e9b80 JavaThread "Attach Listener" daemon [_thread_blocked, id=18108, stack(0x0000004500000000,0x0000004500100000)]
  0x0000022d664ea540 JavaThread "Service Thread" daemon [_thread_blocked, id=22116, stack(0x0000004500100000,0x0000004500200000)]
  0x0000022d664eaf00 JavaThread "Monitor Deflation Thread" daemon [_thread_blocked, id=28268, stack(0x0000004500200000,0x0000004500300000)]
=>0x0000022d664ec2b0 JavaThread "C2 CompilerThread0" daemon [_thread_in_native, id=27692, stack(0x0000004500300000,0x0000004500400000)]
  0x0000022d664f8270 JavaThread "C1 CompilerThread0" daemon [_thread_blocked, id=13560, stack(0x0000004500400000,0x0000004500500000)]
  0x0000022d664fffb0 JavaThread "Sweeper thread" daemon [_thread_blocked, id=31328, stack(0x0000004500500000,0x0000004500600000)]
  0x0000022d665fb790 JavaThread "Common-Cleaner" daemon [_thread_blocked, id=26892, stack(0x0000004500600000,0x0000004500700000)]
  0x0000022d666202e0 JavaThread "C1 CompilerThread1" daemon [_thread_blocked, id=27444, stack(0x0000004500700000,0x0000004500800000)]
  0x0000022d66620800 JavaThread "C1 CompilerThread2" daemon [_thread_blocked, id=31940, stack(0x0000004500800000,0x0000004500900000)]
  0x0000022d66752c80 JavaThread "Monitor Ctrl-Break" daemon [_thread_in_native, id=28508, stack(0x0000004500900000,0x0000004500a00000)]
  0x0000022d66753160 JavaThread "Notification Thread" daemon [_thread_blocked, id=6516, stack(0x0000004500a00000,0x0000004500b00000)]
  0x0000022dac1cca80 JavaThread "C2 CompilerThread1" daemon [_thread_blocked, id=31972, stack(0x0000004500c00000,0x0000004500d00000)]
  0x0000022dac1ccfa0 JavaThread "C2 CompilerThread2" daemon [_thread_blocked, id=27088, stack(0x0000004500d00000,0x0000004500e00000)]
  0x0000022dac177690 JavaThread "C1 CompilerThread3" daemon [_thread_blocked, id=7888, stack(0x0000004500e00000,0x0000004500f00000)]
  0x0000022dace572f0 JavaThread "C2 CompilerThread3" daemon [_thread_in_native, id=29840, stack(0x0000004501500000,0x0000004501600000)]
  0x0000022dad46e790 JavaThread "Thread-1" daemon [_thread_blocked, id=23560, stack(0x0000004501600000,0x0000004501700000)]

Other Threads:
  0x0000022d664ce380 VMThread "VM Thread" [stack: 0x000000457fc00000,0x000000457fd00000] [id=28172]
  0x0000022d66753640 WatcherThread [stack: 0x0000004500b00000,0x0000004500c00000] [id=27644]
  0x0000022d42fa51e0 GCTaskThread "GC Thread#0" [stack: 0x000000457f700000,0x000000457f800000] [id=32744]
  0x0000022dad7d09c0 GCTaskThread "GC Thread#1" [stack: 0x0000004500f00000,0x0000004501000000] [id=23184]
  0x0000022dad7d0c80 GCTaskThread "GC Thread#2" [stack: 0x0000004501000000,0x0000004501100000] [id=28924]
  0x0000022dad0033b0 GCTaskThread "GC Thread#3" [stack: 0x0000004501100000,0x0000004501200000] [id=26180]
  0x0000022dad003670 GCTaskThread "GC Thread#4" [stack: 0x0000004501200000,0x0000004501300000] [id=13668]
  0x0000022dac795e80 GCTaskThread "GC Thread#5" [stack: 0x0000004501300000,0x0000004501400000] [id=31860]
  0x0000022dad189680 GCTaskThread "GC Thread#6" [stack: 0x0000004501400000,0x0000004501500000] [id=11768]
  0x0000022dad184140 GCTaskThread "GC Thread#7" [stack: 0x0000004501800000,0x0000004501900000] [id=24684]
  0x0000022dad362c80 GCTaskThread "GC Thread#8" [stack: 0x0000004501900000,0x0000004501a00000] [id=23344]
  0x0000022dae4d8c20 GCTaskThread "GC Thread#9" [stack: 0x0000004501700000,0x0000004501800000] [id=27108]
  0x0000022dae146d50 GCTaskThread "GC Thread#10" [stack: 0x0000004501a00000,0x0000004501b00000] [id=21332]
  0x0000022daddc2840 GCTaskThread "GC Thread#11" [stack: 0x0000004501b00000,0x0000004501c00000] [id=27236]
  0x0000022dadcd0310 GCTaskThread "GC Thread#12" [stack: 0x0000004501c00000,0x0000004501d00000] [id=568]
  0x0000022d42fb56f0 ConcurrentGCThread "G1 Main Marker" [stack: 0x000000457f800000,0x000000457f900000] [id=32148]
  0x0000022d42fb6110 ConcurrentGCThread "G1 Conc#0" [stack: 0x000000457f900000,0x000000457fa00000] [id=27640]
  0x0000022dadcd10d0 ConcurrentGCThread "G1 Conc#1" [stack: 0x0000004501d00000,0x0000004501e00000] [id=19476]
  0x0000022dadcd1650 ConcurrentGCThread "G1 Conc#2" [stack: 0x0000004501e00000,0x0000004501f00000] [id=12576]
  0x0000022d42feeb70 ConcurrentGCThread "G1 Refine#0" [stack: 0x000000457fa00000,0x000000457fb00000] [id=32400]
  0x0000022dad467730 ConcurrentGCThread "G1 Refine#1" [stack: 0x0000004502300000,0x0000004502400000] [id=18740]
  0x0000022dad467a20 ConcurrentGCThread "G1 Refine#2" [stack: 0x0000004502400000,0x0000004502500000] [id=22088]
  0x0000022dad466880 ConcurrentGCThread "G1 Refine#3" [stack: 0x0000004502500000,0x0000004502600000] [id=19848]
  0x0000022d66383790 ConcurrentGCThread "G1 Service" [stack: 0x000000457fb00000,0x000000457fc00000] [id=22324]

Threads with active compile tasks:
C2 CompilerThread0     7627 7974       4       org.apache.maven.model.inheritance.DefaultInheritanceAssembler$InheritanceModelMerger::mergePluginContainer_Plugins (433 bytes)
C2 CompilerThread3     7627 7849   !   4       java.lang.ClassLoader::loadClass (121 bytes)

VM state: not at safepoint (normal execution)

VM Mutex/Monitor currently owned by a thread: None

Heap address: 0x000000070a400000, size: 3932 MB, Compressed Oops mode: Zero based, Oop shift amount: 3

CDS archive(s) mapped at: [0x0000022d67000000-0x0000022d67bb0000-0x0000022d67bb0000), size 12255232, SharedBaseAddress: 0x0000022d67000000, ArchiveRelocationMode: 1.
Compressed class space mapped at: 0x0000022d68000000-0x0000022da8000000, reserved size: 1073741824
Narrow klass base: 0x0000022d67000000, Narrow klass shift: 0, Narrow klass range: 0x100000000

GC Precious Log:
 CPUs: 16 total, 16 available
 Memory: 15720M
 Large Page Support: Disabled
 NUMA Support: Disabled
 Compressed Oops: Enabled (Zero based)
 Heap Region Size: 2M
 Heap Min Capacity: 8M
 Heap Initial Capacity: 246M
 Heap Max Capacity: 3932M
 Pre-touch: Disabled
 Parallel Workers: 13
 Concurrent Workers: 3
 Concurrent Refinement Workers: 13
 Periodic GC: Disabled

Heap:
 garbage-first heap   total 198656K, used 129024K [0x000000070a400000, 0x0000000800000000)
  region size 2048K, 34 young (69632K), 2 survivors (4096K)
 Metaspace       used 32919K, committed 33280K, reserved 1114112K
  class space    used 3746K, committed 3904K, reserved 1048576K

Heap Regions: E=young(eden), S=young(survivor), O=old, HS=humongous(starts), HC=humongous(continues), CS=collection set, F=free, OA=open archive, CA=closed archive, TAMS=top-at-mark-start (previous, next)
|   0|0x000000070a400000, 0x000000070a600000, 0x000000070a600000|100%| O|  |TAMS 0x000000070a600000, 0x000000070a400000| Untracked 
|   1|0x000000070a600000, 0x000000070a800000, 0x000000070a800000|100%| O|  |TAMS 0x000000070a800000, 0x000000070a600000| Untracked 
|   2|0x000000070a800000, 0x000000070aa00000, 0x000000070aa00000|100%| O|  |TAMS 0x000000070aa00000, 0x000000070a800000| Untracked 
|   3|0x000000070aa00000, 0x000000070ac00000, 0x000000070ac00000|100%|HS|  |TAMS 0x000000070ac00000, 0x000000070aa00000| Complete 
|   4|0x000000070ac00000, 0x000000070ae00000, 0x000000070ae00000|100%| O|  |TAMS 0x000000070ae00000, 0x000000070ac00000| Untracked 
|   5|0x000000070ae00000, 0x000000070b000000, 0x000000070b000000|100%| O|  |TAMS 0x000000070b000000, 0x000000070ae00000| Untracked 
|   6|0x000000070b000000, 0x000000070b200000, 0x000000070b200000|100%| O|  |TAMS 0x000000070b200000, 0x000000070b000000| Untracked 
|   7|0x000000070b200000, 0x000000070b400000, 0x000000070b400000|100%| O|  |TAMS 0x000000070b400000, 0x000000070b200000| Untracked 
|   8|0x000000070b400000, 0x000000070b600000, 0x000000070b600000|100%| O|  |TAMS 0x000000070b600000, 0x000000070b400000| Untracked 
|   9|0x000000070b600000, 0x000000070b800000, 0x000000070b800000|100%|HS|  |TAMS 0x000000070b800000, 0x000000070b600000| Complete 
|  10|0x000000070b800000, 0x000000070ba00000, 0x000000070ba00000|100%| O|  |TAMS 0x000000070ba00000, 0x000000070b800000| Untracked 
|  11|0x000000070ba00000, 0x000000070bc00000, 0x000000070bc00000|100%| O|  |TAMS 0x000000070bc00000, 0x000000070ba00000| Complete 
|  12|0x000000070bc00000, 0x000000070be00000, 0x000000070be00000|100%| O|  |TAMS 0x000000070be00000, 0x000000070bc00000| Complete 
|  13|0x000000070be00000, 0x000000070c000000, 0x000000070c000000|100%| O|  |TAMS 0x000000070c000000, 0x000000070be00000| Untracked 
|  14|0x000000070c000000, 0x000000070c200000, 0x000000070c200000|100%| O|  |TAMS 0x000000070c200000, 0x000000070c000000| Untracked 
|  15|0x000000070c200000, 0x000000070c400000, 0x000000070c400000|100%| O|  |TAMS 0x000000070c400000, 0x000000070c200000| Untracked 
|  16|0x000000070c400000, 0x000000070c600000, 0x000000070c600000|100%| O|  |TAMS 0x000000070c600000, 0x000000070c400000| Untracked 
|  17|0x000000070c600000, 0x000000070c800000, 0x000000070c800000|100%| O|  |TAMS 0x000000070c800000, 0x000000070c600000| Untracked 
|  18|0x000000070c800000, 0x000000070ca00000, 0x000000070ca00000|100%| O|  |TAMS 0x000000070ca00000, 0x000000070c800000| Untracked 
|  19|0x000000070ca00000, 0x000000070cc00000, 0x000000070cc00000|100%| O|  |TAMS 0x000000070cc00000, 0x000000070ca00000| Complete 
|  20|0x000000070cc00000, 0x000000070ce00000, 0x000000070ce00000|100%| O|  |TAMS 0x000000070ce00000, 0x000000070cc00000| Untracked 
|  21|0x000000070ce00000, 0x000000070d000000, 0x000000070d000000|100%| O|  |TAMS 0x000000070d000000, 0x000000070ce00000| Untracked 
|  22|0x000000070d000000, 0x000000070d200000, 0x000000070d200000|100%| O|  |TAMS 0x000000070d200000, 0x000000070d000000| Untracked 
|  23|0x000000070d200000, 0x000000070d400000, 0x000000070d400000|100%| O|  |TAMS 0x000000070d400000, 0x000000070d200000| Untracked 
|  24|0x000000070d400000, 0x000000070d600000, 0x000000070d600000|100%| O|  |TAMS 0x000000070d4c7a00, 0x000000070d400000| Untracked 
|  25|0x000000070d600000, 0x000000070d800000, 0x000000070d800000|100%| O|  |TAMS 0x000000070d600000, 0x000000070d600000| Untracked 
|  26|0x000000070d800000, 0x000000070d800000, 0x000000070da00000|  0%| F|  |TAMS 0x000000070d800000, 0x000000070d800000| Untracked 
|  27|0x000000070da00000, 0x000000070da00000, 0x000000070dc00000|  0%| F|  |TAMS 0x000000070da00000, 0x000000070da00000| Untracked 
|  28|0x000000070dc00000, 0x000000070de00000, 0x000000070de00000|100%| O|  |TAMS 0x000000070dc00000, 0x000000070dc00000| Untracked 
|  29|0x000000070de00000, 0x000000070e000000, 0x000000070e000000|100%| O|  |TAMS 0x000000070de00000, 0x000000070de00000| Untracked 
|  30|0x000000070e000000, 0x000000070e000000, 0x000000070e200000|  0%| F|  |TAMS 0x000000070e000000, 0x000000070e000000| Untracked 
|  31|0x000000070e200000, 0x000000070e200000, 0x000000070e400000|  0%| F|  |TAMS 0x000000070e200000, 0x000000070e200000| Untracked 
|  32|0x000000070e400000, 0x000000070e400000, 0x000000070e600000|  0%| F|  |TAMS 0x000000070e400000, 0x000000070e400000| Untracked 
|  33|0x000000070e600000, 0x000000070e600000, 0x000000070e800000|  0%| F|  |TAMS 0x000000070e600000, 0x000000070e600000| Untracked 
|  34|0x000000070e800000, 0x000000070e800000, 0x000000070ea00000|  0%| F|  |TAMS 0x000000070e800000, 0x000000070e800000| Untracked 
|  35|0x000000070ea00000, 0x000000070ea00000, 0x000000070ec00000|  0%| F|  |TAMS 0x000000070ea00000, 0x000000070ea00000| Untracked 
|  36|0x000000070ec00000, 0x000000070ec00000, 0x000000070ee00000|  0%| F|  |TAMS 0x000000070ec00000, 0x000000070ec00000| Untracked 
|  37|0x000000070ee00000, 0x000000070f000000, 0x000000070f000000|100%| S|CS|TAMS 0x000000070ee00000, 0x000000070ee00000| Complete 
|  38|0x000000070f000000, 0x000000070f200000, 0x000000070f200000|100%| S|CS|TAMS 0x000000070f000000, 0x000000070f000000| Complete 
|  39|0x000000070f200000, 0x000000070f200000, 0x000000070f400000|  0%| F|  |TAMS 0x000000070f200000, 0x000000070f200000| Untracked 
|  40|0x000000070f400000, 0x000000070f400000, 0x000000070f600000|  0%| F|  |TAMS 0x000000070f400000, 0x000000070f400000| Untracked 
|  41|0x000000070f600000, 0x000000070f600000, 0x000000070f800000|  0%| F|  |TAMS 0x000000070f600000, 0x000000070f600000| Untracked 
|  42|0x000000070f800000, 0x000000070f800000, 0x000000070fa00000|  0%| F|  |TAMS 0x000000070f800000, 0x000000070f800000| Untracked 
|  43|0x000000070fa00000, 0x000000070fa00000, 0x000000070fc00000|  0%| F|  |TAMS 0x000000070fa00000, 0x000000070fa00000| Untracked 
|  44|0x000000070fc00000, 0x000000070fc00000, 0x000000070fe00000|  0%| F|  |TAMS 0x000000070fc00000, 0x000000070fc00000| Untracked 
|  45|0x000000070fe00000, 0x000000070fe00000, 0x0000000710000000|  0%| F|  |TAMS 0x000000070fe00000, 0x000000070fe00000| Untracked 
|  46|0x0000000710000000, 0x0000000710000000, 0x0000000710200000|  0%| F|  |TAMS 0x0000000710000000, 0x0000000710000000| Untracked 
|  47|0x0000000710200000, 0x0000000710200000, 0x0000000710400000|  0%| F|  |TAMS 0x0000000710200000, 0x0000000710200000| Untracked 
|  48|0x0000000710400000, 0x0000000710400000, 0x0000000710600000|  0%| F|  |TAMS 0x0000000710400000, 0x0000000710400000| Untracked 
|  49|0x0000000710600000, 0x0000000710600000, 0x0000000710800000|  0%| F|  |TAMS 0x0000000710600000, 0x0000000710600000| Untracked 
|  50|0x0000000710800000, 0x0000000710800000, 0x0000000710a00000|  0%| F|  |TAMS 0x0000000710800000, 0x0000000710800000| Untracked 
|  51|0x0000000710a00000, 0x0000000710a00000, 0x0000000710c00000|  0%| F|  |TAMS 0x0000000710a00000, 0x0000000710a00000| Untracked 
|  52|0x0000000710c00000, 0x0000000710c00000, 0x0000000710e00000|  0%| F|  |TAMS 0x0000000710c00000, 0x0000000710c00000| Untracked 
|  53|0x0000000710e00000, 0x0000000710e00000, 0x0000000711000000|  0%| F|  |TAMS 0x0000000710e00000, 0x0000000710e00000| Untracked 
|  54|0x0000000711000000, 0x0000000711000000, 0x0000000711200000|  0%| F|  |TAMS 0x0000000711000000, 0x0000000711000000| Untracked 
|  55|0x0000000711200000, 0x0000000711200000, 0x0000000711400000|  0%| F|  |TAMS 0x0000000711200000, 0x0000000711200000| Untracked 
|  56|0x0000000711400000, 0x0000000711400000, 0x0000000711600000|  0%| F|  |TAMS 0x0000000711400000, 0x0000000711400000| Untracked 
|  57|0x0000000711600000, 0x0000000711600000, 0x0000000711800000|  0%| F|  |TAMS 0x0000000711600000, 0x0000000711600000| Untracked 
|  58|0x0000000711800000, 0x0000000711800000, 0x0000000711a00000|  0%| F|  |TAMS 0x0000000711800000, 0x0000000711800000| Untracked 
|  59|0x0000000711a00000, 0x0000000711a00000, 0x0000000711c00000|  0%| F|  |TAMS 0x0000000711a00000, 0x0000000711a00000| Untracked 
|  60|0x0000000711c00000, 0x0000000711c00000, 0x0000000711e00000|  0%| F|  |TAMS 0x0000000711c00000, 0x0000000711c00000| Untracked 
|  61|0x0000000711e00000, 0x0000000711e00000, 0x0000000712000000|  0%| F|  |TAMS 0x0000000711e00000, 0x0000000711e00000| Untracked 
|  62|0x0000000712000000, 0x0000000712000000, 0x0000000712200000|  0%| F|  |TAMS 0x0000000712000000, 0x0000000712000000| Untracked 
|  63|0x0000000712200000, 0x0000000712400000, 0x0000000712400000|100%| E|  |TAMS 0x0000000712200000, 0x0000000712200000| Complete 
|  64|0x0000000712400000, 0x0000000712600000, 0x0000000712600000|100%| E|CS|TAMS 0x0000000712400000, 0x0000000712400000| Complete 
|  65|0x0000000712600000, 0x0000000712800000, 0x0000000712800000|100%| E|CS|TAMS 0x0000000712600000, 0x0000000712600000| Complete 
|  66|0x0000000712800000, 0x0000000712a00000, 0x0000000712a00000|100%| E|CS|TAMS 0x0000000712800000, 0x0000000712800000| Complete 
|  67|0x0000000712a00000, 0x0000000712c00000, 0x0000000712c00000|100%| E|CS|TAMS 0x0000000712a00000, 0x0000000712a00000| Complete 
|  68|0x0000000712c00000, 0x0000000712e00000, 0x0000000712e00000|100%| E|CS|TAMS 0x0000000712c00000, 0x0000000712c00000| Complete 
|  69|0x0000000712e00000, 0x0000000713000000, 0x0000000713000000|100%| E|CS|TAMS 0x0000000712e00000, 0x0000000712e00000| Complete 
|  70|0x0000000713000000, 0x0000000713200000, 0x0000000713200000|100%| E|CS|TAMS 0x0000000713000000, 0x0000000713000000| Complete 
|  71|0x0000000713200000, 0x0000000713400000, 0x0000000713400000|100%| E|CS|TAMS 0x0000000713200000, 0x0000000713200000| Complete 
|  72|0x0000000713400000, 0x0000000713600000, 0x0000000713600000|100%| E|CS|TAMS 0x0000000713400000, 0x0000000713400000| Complete 
|  73|0x0000000713600000, 0x0000000713800000, 0x0000000713800000|100%| E|CS|TAMS 0x0000000713600000, 0x0000000713600000| Complete 
|  74|0x0000000713800000, 0x0000000713a00000, 0x0000000713a00000|100%| E|CS|TAMS 0x0000000713800000, 0x0000000713800000| Complete 
|  75|0x0000000713a00000, 0x0000000713c00000, 0x0000000713c00000|100%| E|CS|TAMS 0x0000000713a00000, 0x0000000713a00000| Complete 
|  76|0x0000000713c00000, 0x0000000713e00000, 0x0000000713e00000|100%| E|CS|TAMS 0x0000000713c00000, 0x0000000713c00000| Complete 
|  77|0x0000000713e00000, 0x0000000714000000, 0x0000000714000000|100%| E|CS|TAMS 0x0000000713e00000, 0x0000000713e00000| Complete 
|  78|0x0000000714000000, 0x0000000714200000, 0x0000000714200000|100%| E|CS|TAMS 0x0000000714000000, 0x0000000714000000| Complete 
|  79|0x0000000714200000, 0x0000000714400000, 0x0000000714400000|100%| E|CS|TAMS 0x0000000714200000, 0x0000000714200000| Complete 
|  80|0x0000000714400000, 0x0000000714600000, 0x0000000714600000|100%| E|CS|TAMS 0x0000000714400000, 0x0000000714400000| Complete 
|  81|0x0000000714600000, 0x0000000714800000, 0x0000000714800000|100%| E|CS|TAMS 0x0000000714600000, 0x0000000714600000| Complete 
|  82|0x0000000714800000, 0x0000000714a00000, 0x0000000714a00000|100%| E|CS|TAMS 0x0000000714800000, 0x0000000714800000| Complete 
|  83|0x0000000714a00000, 0x0000000714c00000, 0x0000000714c00000|100%| E|CS|TAMS 0x0000000714a00000, 0x0000000714a00000| Complete 
|  84|0x0000000714c00000, 0x0000000714e00000, 0x0000000714e00000|100%| E|CS|TAMS 0x0000000714c00000, 0x0000000714c00000| Complete 
|  85|0x0000000714e00000, 0x0000000715000000, 0x0000000715000000|100%| E|CS|TAMS 0x0000000714e00000, 0x0000000714e00000| Complete 
|  86|0x0000000715000000, 0x0000000715200000, 0x0000000715200000|100%| E|CS|TAMS 0x0000000715000000, 0x0000000715000000| Complete 
|  87|0x0000000715200000, 0x0000000715400000, 0x0000000715400000|100%| E|CS|TAMS 0x0000000715200000, 0x0000000715200000| Complete 
|  88|0x0000000715400000, 0x0000000715600000, 0x0000000715600000|100%| E|CS|TAMS 0x0000000715400000, 0x0000000715400000| Complete 
|  89|0x0000000715600000, 0x0000000715800000, 0x0000000715800000|100%| E|CS|TAMS 0x0000000715600000, 0x0000000715600000| Complete 
|  90|0x0000000715800000, 0x0000000715a00000, 0x0000000715a00000|100%| E|CS|TAMS 0x0000000715800000, 0x0000000715800000| Complete 
| 102|0x0000000717000000, 0x0000000717200000, 0x0000000717200000|100%| E|CS|TAMS 0x0000000717000000, 0x0000000717000000| Complete 
| 103|0x0000000717200000, 0x0000000717400000, 0x0000000717400000|100%| E|CS|TAMS 0x0000000717200000, 0x0000000717200000| Complete 
| 104|0x0000000717400000, 0x0000000717600000, 0x0000000717600000|100%| E|CS|TAMS 0x0000000717400000, 0x0000000717400000| Complete 
| 122|0x0000000719800000, 0x0000000719a00000, 0x0000000719a00000|100%| E|CS|TAMS 0x0000000719800000, 0x0000000719800000| Complete 
|1964|0x00000007ffc00000, 0x00000007ffe00000, 0x00000007ffe00000|100%| O|  |TAMS 0x00000007ffe00000, 0x00000007ffc00000| Untracked 
|1965|0x00000007ffe00000, 0x0000000800000000, 0x0000000800000000|100%| O|  |TAMS 0x0000000800000000, 0x00000007ffe00000| Untracked 

Card table byte_map: [0x0000022d5aab0000,0x0000022d5b260000] _byte_map_base: 0x0000022d5725e000

Marking Bits (Prev, Next): (CMBitMap*) 0x0000022d42fa5800, (CMBitMap*) 0x0000022d42fa5840
 Prev Bits: [0x0000022d5ba10000, 0x0000022d5f780000)
 Next Bits: [0x0000022d5f780000, 0x0000022d634f0000)

Polling page: 0x0000022d40ee0000

Metaspace:

Usage:
  Non-class:     28.49 MB used.
      Class:      3.66 MB used.
       Both:     32.15 MB used.

Virtual space:
  Non-class space:       64.00 MB reserved,      28.69 MB ( 45%) committed,  1 nodes.
      Class space:        1.00 GB reserved,       3.81 MB ( <1%) committed,  1 nodes.
             Both:        1.06 GB reserved,      32.50 MB (  3%) committed. 

Chunk freelists:
   Non-Class:  3.19 MB
       Class:  12.16 MB
        Both:  15.34 MB

MaxMetaspaceSize: unlimited
CompressedClassSpaceSize: 1.00 GB
Initial GC threshold: 21.00 MB
Current GC threshold: 50.94 MB
CDS: on
MetaspaceReclaimPolicy: balanced
 - commit_granule_bytes: 65536.
 - commit_granule_words: 8192.
 - virtual_space_node_default_size: 8388608.
 - enlarge_chunks_in_place: 1.
 - new_chunks_are_fully_committed: 0.
 - uncommit_free_chunks: 1.
 - use_allocation_guard: 0.
 - handle_deallocations: 1.


Internal statistics:

num_allocs_failed_limit: 3.
num_arena_births: 232.
num_arena_deaths: 0.
num_vsnodes_births: 2.
num_vsnodes_deaths: 0.
num_space_committed: 520.
num_space_uncommitted: 0.
num_chunks_returned_to_freelist: 3.
num_chunks_taken_from_freelist: 1484.
num_chunk_merges: 0.
num_chunk_splits: 1014.
num_chunks_enlarged: 793.
num_inconsistent_stats: 0.

CodeHeap 'non-profiled nmethods': size=119168Kb used=4764Kb max_used=4764Kb free=114403Kb
 bounds [0x0000022d52610000, 0x0000022d52ac0000, 0x0000022d59a70000]
CodeHeap 'profiled nmethods': size=119104Kb used=16387Kb max_used=16387Kb free=102716Kb
 bounds [0x0000022d4aa70000, 0x0000022d4ba80000, 0x0000022d51ec0000]
CodeHeap 'non-nmethods': size=7488Kb used=2910Kb max_used=3003Kb free=4577Kb
 bounds [0x0000022d51ec0000, 0x0000022d521c0000, 0x0000022d52610000]
 total_blobs=7880 nmethods=7356 adapters=431
 compilation: enabled
              stopped_count=0, restarted_count=0
 full_count=0

Compilation events (20 events):
Event: 7.556 Thread 0x0000022dac177690 8137       3       sun.net.www.protocol.jar.JarURLConnection::setUseCaches (9 bytes)
Event: 7.556 Thread 0x0000022d664f8270 nmethod 8136 0x0000022d4ba62290 code [0x0000022d4ba62460, 0x0000022d4ba62948]
Event: 7.556 Thread 0x0000022dac177690 nmethod 8137 0x0000022d4ba62b10 code [0x0000022d4ba62cc0, 0x0000022d4ba62ea8]
Event: 7.556 Thread 0x0000022d664f8270 8138       3       java.util.zip.ZipFile$Source$Key::equals (93 bytes)
Event: 7.556 Thread 0x0000022dac177690 8139       3       java.nio.file.attribute.FileTime::equals (28 bytes)
Event: 7.556 Thread 0x0000022d66620800 8140       3       java.nio.file.attribute.FileTime::compareTo (154 bytes)
Event: 7.556 Thread 0x0000022dac177690 nmethod 8139 0x0000022d4ba62f90 code [0x0000022d4ba63140, 0x0000022d4ba63508]
Event: 7.557 Thread 0x0000022d664f8270 nmethod 8138 0x0000022d4ba63610 code [0x0000022d4ba638c0, 0x0000022d4ba64808]
Event: 7.557 Thread 0x0000022dac177690 8141       3       org.eclipse.sisu.space.Streams::open (26 bytes)
Event: 7.557 Thread 0x0000022d66620800 nmethod 8140 0x0000022d4ba64c10 code [0x0000022d4ba64f20, 0x0000022d4ba65d98]
Event: 7.557 Thread 0x0000022dac177690 nmethod 8141 0x0000022d4ba66290 code [0x0000022d4ba66460, 0x0000022d4ba66828]
Event: 7.564 Thread 0x0000022dac1cca80 8142   !   4       java.util.zip.ZipFile$Source::readFullyAt (74 bytes)
Event: 7.569 Thread 0x0000022dac1cca80 nmethod 8142 0x0000022d52aaf810 code [0x0000022d52aaf9c0, 0x0000022d52aafe18]
Event: 7.586 Thread 0x0000022d664f8270 8144       3       java.net.URLClassLoader::definePackage (274 bytes)
Event: 7.586 Thread 0x0000022d666202e0 8145       3       java.lang.ClassLoader::definePackage (53 bytes)
Event: 7.587 Thread 0x0000022d666202e0 nmethod 8145 0x0000022d4ba66990 code [0x0000022d4ba66b80, 0x0000022d4ba670d8]
Event: 7.589 Thread 0x0000022d664f8270 nmethod 8144 0x0000022d4ba67390 code [0x0000022d4ba67a20, 0x0000022d4ba6bb08]
Event: 7.599 Thread 0x0000022dac1cca80 8146       4       jdk.internal.loader.BuiltinClassLoader::loadClassOrNull (7 bytes)
Event: 7.602 Thread 0x0000022dac1cca80 nmethod 8146 0x0000022d52ab0610 code [0x0000022d52ab07c0, 0x0000022d52ab0a90]
Event: 7.603 Thread 0x0000022dac1cca80 8147   !   4       jdk.internal.loader.URLClassPath$JarLoader::getResource (65 bytes)

GC Heap History (20 events):
Event: 0.559 GC heap before
{Heap before GC invocations=0 (full 0):
 garbage-first heap   total 251904K, used 20480K [0x000000070a400000, 0x0000000800000000)
  region size 2048K, 11 young (22528K), 0 survivors (0K)
 Metaspace       used 5717K, committed 5888K, reserved 1114112K
  class space    used 670K, committed 768K, reserved 1048576K
}
Event: 0.563 GC heap after
{Heap after GC invocations=1 (full 0):
 garbage-first heap   total 251904K, used 3838K [0x000000070a400000, 0x0000000800000000)
  region size 2048K, 2 young (4096K), 2 survivors (4096K)
 Metaspace       used 5717K, committed 5888K, reserved 1114112K
  class space    used 670K, committed 768K, reserved 1048576K
}
Event: 0.976 GC heap before
{Heap before GC invocations=1 (full 0):
 garbage-first heap   total 251904K, used 34558K [0x000000070a400000, 0x0000000800000000)
  region size 2048K, 17 young (34816K), 2 survivors (4096K)
 Metaspace       used 8684K, committed 8832K, reserved 1114112K
  class space    used 1033K, committed 1152K, reserved 1048576K
}
Event: 0.980 GC heap after
{Heap after GC invocations=2 (full 0):
 garbage-first heap   total 251904K, used 4887K [0x000000070a400000, 0x0000000800000000)
  region size 2048K, 1 young (2048K), 1 survivors (2048K)
 Metaspace       used 8684K, committed 8832K, reserved 1114112K
  class space    used 1033K, committed 1152K, reserved 1048576K
}
Event: 3.405 GC heap before
{Heap before GC invocations=2 (full 0):
 garbage-first heap   total 251904K, used 152343K [0x000000070a400000, 0x0000000800000000)
  region size 2048K, 73 young (149504K), 1 survivors (2048K)
 Metaspace       used 17753K, committed 17920K, reserved 1114112K
  class space    used 2032K, committed 2112K, reserved 1048576K
}
Event: 3.418 GC heap after
{Heap after GC invocations=3 (full 0):
 garbage-first heap   total 251904K, used 15332K [0x000000070a400000, 0x0000000800000000)
  region size 2048K, 6 young (12288K), 6 survivors (12288K)
 Metaspace       used 17753K, committed 17920K, reserved 1114112K
  class space    used 2032K, committed 2112K, reserved 1048576K
}
Event: 3.955 GC heap before
{Heap before GC invocations=3 (full 0):
 garbage-first heap   total 251904K, used 54244K [0x000000070a400000, 0x0000000800000000)
  region size 2048K, 24 young (49152K), 6 survivors (12288K)
 Metaspace       used 21256K, committed 21504K, reserved 1114112K
  class space    used 2406K, committed 2496K, reserved 1048576K
}
Event: 3.966 GC heap after
{Heap after GC invocations=4 (full 0):
 garbage-first heap   total 251904K, used 24355K [0x000000070a400000, 0x0000000800000000)
  region size 2048K, 3 young (6144K), 3 survivors (6144K)
 Metaspace       used 21256K, committed 21504K, reserved 1114112K
  class space    used 2406K, committed 2496K, reserved 1048576K
}
Event: 4.771 GC heap before
{Heap before GC invocations=5 (full 0):
 garbage-first heap   total 96256K, used 73507K [0x000000070a400000, 0x0000000800000000)
  region size 2048K, 28 young (57344K), 3 survivors (6144K)
 Metaspace       used 27081K, committed 27392K, reserved 1114112K
  class space    used 3104K, committed 3264K, reserved 1048576K
}
Event: 4.789 GC heap after
{Heap after GC invocations=6 (full 0):
 garbage-first heap   total 100352K, used 38866K [0x000000070a400000, 0x0000000800000000)
  region size 2048K, 4 young (8192K), 4 survivors (8192K)
 Metaspace       used 27081K, committed 27392K, reserved 1114112K
  class space    used 3104K, committed 3264K, reserved 1048576K
}
Event: 4.813 GC heap before
{Heap before GC invocations=6 (full 0):
 garbage-first heap   total 100352K, used 40914K [0x000000070a400000, 0x0000000800000000)
  region size 2048K, 5 young (10240K), 4 survivors (8192K)
 Metaspace       used 27090K, committed 27392K, reserved 1114112K
  class space    used 3104K, committed 3264K, reserved 1048576K
}
Event: 4.822 GC heap after
{Heap after GC invocations=7 (full 0):
 garbage-first heap   total 100352K, used 40890K [0x000000070a400000, 0x0000000800000000)
  region size 2048K, 1 young (2048K), 1 survivors (2048K)
 Metaspace       used 27090K, committed 27392K, reserved 1114112K
  class space    used 3104K, committed 3264K, reserved 1048576K
}
Event: 5.405 GC heap before
{Heap before GC invocations=7 (full 0):
 garbage-first heap   total 100352K, used 69562K [0x000000070a400000, 0x0000000800000000)
  region size 2048K, 16 young (32768K), 1 survivors (2048K)
 Metaspace       used 28826K, committed 29248K, reserved 1114112K
  class space    used 3289K, committed 3456K, reserved 1048576K
}
Event: 5.411 GC heap after
{Heap after GC invocations=8 (full 0):
 garbage-first heap   total 100352K, used 41884K [0x000000070a400000, 0x0000000800000000)
  region size 2048K, 1 young (2048K), 1 survivors (2048K)
 Metaspace       used 28826K, committed 29248K, reserved 1114112K
  class space    used 3289K, committed 3456K, reserved 1048576K
}
Event: 6.040 GC heap before
{Heap before GC invocations=8 (full 0):
 garbage-first heap   total 100352K, used 72604K [0x000000070a400000, 0x0000000800000000)
  region size 2048K, 17 young (34816K), 1 survivors (2048K)
 Metaspace       used 30861K, committed 31232K, reserved 1114112K
  class space    used 3532K, committed 3712K, reserved 1048576K
}
Event: 6.050 GC heap after
{Heap after GC invocations=9 (full 0):
 garbage-first heap   total 100352K, used 43572K [0x000000070a400000, 0x0000000800000000)
  region size 2048K, 2 young (4096K), 2 survivors (4096K)
 Metaspace       used 30861K, committed 31232K, reserved 1114112K
  class space    used 3532K, committed 3712K, reserved 1048576K
}
Event: 6.342 GC heap before
{Heap before GC invocations=9 (full 0):
 garbage-first heap   total 100352K, used 76340K [0x000000070a400000, 0x0000000800000000)
  region size 2048K, 18 young (36864K), 2 survivors (4096K)
 Metaspace       used 30926K, committed 31296K, reserved 1114112K
  class space    used 3533K, committed 3712K, reserved 1048576K
}
Event: 6.354 GC heap after
{Heap after GC invocations=10 (full 0):
 garbage-first heap   total 100352K, used 60190K [0x000000070a400000, 0x0000000800000000)
  region size 2048K, 3 young (6144K), 3 survivors (6144K)
 Metaspace       used 30926K, committed 31296K, reserved 1114112K
  class space    used 3533K, committed 3712K, reserved 1048576K
}
Event: 6.579 GC heap before
{Heap before GC invocations=10 (full 0):
 garbage-first heap   total 100352K, used 76574K [0x000000070a400000, 0x0000000800000000)
  region size 2048K, 11 young (22528K), 3 survivors (6144K)
 Metaspace       used 30936K, committed 31296K, reserved 1114112K
  class space    used 3533K, committed 3712K, reserved 1048576K
}
Event: 6.589 GC heap after
{Heap after GC invocations=11 (full 0):
 garbage-first heap   total 198656K, used 65536K [0x000000070a400000, 0x0000000800000000)
  region size 2048K, 2 young (4096K), 2 survivors (4096K)
 Metaspace       used 30936K, committed 31296K, reserved 1114112K
  class space    used 3533K, committed 3712K, reserved 1048576K
}

Dll operation events (12 events):
Event: 0.009 Loaded shared library C:\Users\yojah\.jdks\corretto-17.0.13\bin\java.dll
Event: 0.027 Loaded shared library C:\Users\yojah\.jdks\corretto-17.0.13\bin\jsvml.dll
Event: 0.072 Loaded shared library C:\Users\yojah\.jdks\corretto-17.0.13\bin\zip.dll
Event: 0.074 Loaded shared library C:\Users\yojah\.jdks\corretto-17.0.13\bin\instrument.dll
Event: 0.079 Loaded shared library C:\Users\yojah\.jdks\corretto-17.0.13\bin\net.dll
Event: 0.081 Loaded shared library C:\Users\yojah\.jdks\corretto-17.0.13\bin\nio.dll
Event: 0.083 Loaded shared library C:\Users\yojah\.jdks\corretto-17.0.13\bin\zip.dll
Event: 0.090 Loaded shared library C:\Program Files\JetBrains\IntelliJ IDEA Community Edition 2024.2.3\bin\breakgen64.dll
Event: 0.102 Loaded shared library C:\Users\yojah\.jdks\corretto-17.0.13\bin\extnet.dll
Event: 0.194 Loaded shared library C:\Users\yojah\.jdks\corretto-17.0.13\bin\jimage.dll
Event: 0.219 Loaded shared library C:\Users\yojah\AppData\Local\Temp\jansi-2.4.1-59b38603a87034b-jansi.dll
Event: 0.232 Loaded shared library C:\Users\yojah\.jdks\corretto-17.0.13\bin\verify.dll

Deoptimization events (20 events):
Event: 7.223 Thread 0x0000022d42f3a4c0 Uncommon trap: trap_request=0xffffff45 fr.pc=0x0000022d52a75c48 relative=0x0000000000000908
Event: 7.223 Thread 0x0000022d42f3a4c0 Uncommon trap: reason=unstable_if action=reinterpret pc=0x0000022d52a75c48 method=lombok.launch.PackageShader.apply([B)Z @ 190 c2
Event: 7.223 Thread 0x0000022d42f3a4c0 DEOPT PACKING pc=0x0000022d52a75c48 sp=0x000000457f6fc6b0
Event: 7.223 Thread 0x0000022d42f3a4c0 DEOPT UNPACKING pc=0x0000022d51f169a3 sp=0x000000457f6fc630 mode 2
Event: 7.308 Thread 0x0000022d42f3a4c0 Uncommon trap: trap_request=0xffffff6e fr.pc=0x0000022d529ec2e4 relative=0x0000000000000144
Event: 7.308 Thread 0x0000022d42f3a4c0 Uncommon trap: reason=loop_limit_check action=maybe_recompile pc=0x0000022d529ec2e4 method=java.util.regex.Pattern$Start.match(Ljava/util/regex/Matcher;ILjava/lang/CharSequence;)Z @ 34 c2
Event: 7.308 Thread 0x0000022d42f3a4c0 DEOPT PACKING pc=0x0000022d529ec2e4 sp=0x000000457f6fcc10
Event: 7.309 Thread 0x0000022d42f3a4c0 DEOPT UNPACKING pc=0x0000022d51f169a3 sp=0x000000457f6fcba0 mode 2
Event: 7.496 Thread 0x0000022d42f3a4c0 Uncommon trap: trap_request=0xffffff45 fr.pc=0x0000022d52a9b560 relative=0x0000000000000640
Event: 7.496 Thread 0x0000022d42f3a4c0 Uncommon trap: reason=unstable_if action=reinterpret pc=0x0000022d52a9b560 method=org.apache.maven.model.interpolation.StringVisitorModelInterpolator$ModelVisitor.visit(Lorg/apache/maven/model/Dependency;)V @ 159 c2
Event: 7.496 Thread 0x0000022d42f3a4c0 DEOPT PACKING pc=0x0000022d52a9b560 sp=0x000000457f6fb460
Event: 7.496 Thread 0x0000022d42f3a4c0 DEOPT UNPACKING pc=0x0000022d51f169a3 sp=0x000000457f6fb408 mode 2
Event: 7.513 Thread 0x0000022d42f3a4c0 Uncommon trap: trap_request=0xffffff45 fr.pc=0x0000022d52881cf8 relative=0x0000000000000698
Event: 7.513 Thread 0x0000022d42f3a4c0 Uncommon trap: reason=unstable_if action=reinterpret pc=0x0000022d52881cf8 method=org.eclipse.aether.util.graph.transformer.ConflictResolver$State.deriveScope(Lorg/eclipse/aether/graph/DependencyNode;Ljava/lang/Object;)Ljava/lang/String; @ 8 c2
Event: 7.513 Thread 0x0000022d42f3a4c0 DEOPT PACKING pc=0x0000022d52881cf8 sp=0x000000457f6fd160
Event: 7.513 Thread 0x0000022d42f3a4c0 DEOPT UNPACKING pc=0x0000022d51f169a3 sp=0x000000457f6fd120 mode 2
Event: 7.513 Thread 0x0000022d42f3a4c0 Uncommon trap: trap_request=0xffffff45 fr.pc=0x0000022d52895f00 relative=0x0000000000003a00
Event: 7.513 Thread 0x0000022d42f3a4c0 Uncommon trap: reason=unstable_if action=reinterpret pc=0x0000022d52895f00 method=org.eclipse.aether.util.graph.transformer.ConflictResolver$State.deriveScope(Lorg/eclipse/aether/graph/DependencyNode;Ljava/lang/Object;)Ljava/lang/String; @ 8 c2
Event: 7.513 Thread 0x0000022d42f3a4c0 DEOPT PACKING pc=0x0000022d52895f00 sp=0x000000457f6fd240
Event: 7.513 Thread 0x0000022d42f3a4c0 DEOPT UNPACKING pc=0x0000022d51f169a3 sp=0x000000457f6fd198 mode 2

Classes loaded (20 events):
Event: 5.732 Loading class java/nio/file/Path$1
Event: 5.732 Loading class java/nio/file/Path$1 done
Event: 5.771 Loading class java/util/EnumMap$EntrySet
Event: 5.771 Loading class java/util/EnumMap$EntrySet done
Event: 5.771 Loading class java/util/EnumMap$EntryIterator
Event: 5.771 Loading class java/util/EnumMap$EnumMapIterator
Event: 5.771 Loading class java/util/EnumMap$EnumMapIterator done
Event: 5.771 Loading class java/util/EnumMap$EntryIterator done
Event: 5.771 Loading class java/util/EnumMap$EntryIterator$Entry
Event: 5.771 Loading class java/util/EnumMap$EntryIterator$Entry done
Event: 5.798 Loading class java/util/function/ToIntBiFunction
Event: 5.799 Loading class java/util/function/ToIntBiFunction done
Event: 5.859 Loading class java/util/EnumMap$Values
Event: 5.859 Loading class java/util/EnumMap$Values done
Event: 5.859 Loading class java/util/EnumMap$ValueIterator
Event: 5.859 Loading class java/util/EnumMap$ValueIterator done
Event: 5.862 Loading class java/util/WeakHashMap$KeyIterator
Event: 5.862 Loading class java/util/WeakHashMap$KeyIterator done
Event: 6.649 Loading class jdk/internal/module/IllegalAccessLogger
Event: 6.649 Loading class jdk/internal/module/IllegalAccessLogger done

Classes unloaded (0 events):
No events

Classes redefined (0 events):
No events

Internal exceptions (20 events):
Event: 7.199 Thread 0x0000022d42f3a4c0 Exception <a 'sun/nio/fs/WindowsException'{0x0000000714102618}> (0x0000000714102618) 
thrown [s\src\hotspot\share\prims\jni.cpp, line 516]
Event: 7.199 Thread 0x0000022d42f3a4c0 Exception <a 'sun/nio/fs/WindowsException'{0x0000000714102a98}> (0x0000000714102a98) 
thrown [s\src\hotspot\share\prims\jni.cpp, line 516]
Event: 7.199 Thread 0x0000022d42f3a4c0 Exception <a 'sun/nio/fs/WindowsException'{0x0000000714103b78}> (0x0000000714103b78) 
thrown [s\src\hotspot\share\prims\jni.cpp, line 516]
Event: 7.199 Thread 0x0000022d42f3a4c0 Exception <a 'sun/nio/fs/WindowsException'{0x0000000714103f68}> (0x0000000714103f68) 
thrown [s\src\hotspot\share\prims\jni.cpp, line 516]
Event: 7.200 Thread 0x0000022d42f3a4c0 Exception <a 'sun/nio/fs/WindowsException'{0x0000000714125fc8}> (0x0000000714125fc8) 
thrown [s\src\hotspot\share\prims\jni.cpp, line 516]
Event: 7.200 Thread 0x0000022d42f3a4c0 Exception <a 'sun/nio/fs/WindowsException'{0x0000000714126388}> (0x0000000714126388) 
thrown [s\src\hotspot\share\prims\jni.cpp, line 516]
Event: 7.200 Thread 0x0000022d42f3a4c0 Exception <a 'sun/nio/fs/WindowsException'{0x00000007141273a0}> (0x00000007141273a0) 
thrown [s\src\hotspot\share\prims\jni.cpp, line 516]
Event: 7.200 Thread 0x0000022d42f3a4c0 Exception <a 'sun/nio/fs/WindowsException'{0x0000000714127820}> (0x0000000714127820) 
thrown [s\src\hotspot\share\prims\jni.cpp, line 516]
Event: 7.200 Thread 0x0000022d42f3a4c0 Exception <a 'sun/nio/fs/WindowsException'{0x0000000714128900}> (0x0000000714128900) 
thrown [s\src\hotspot\share\prims\jni.cpp, line 516]
Event: 7.200 Thread 0x0000022d42f3a4c0 Exception <a 'sun/nio/fs/WindowsException'{0x0000000714128cf0}> (0x0000000714128cf0) 
thrown [s\src\hotspot\share\prims\jni.cpp, line 516]
Event: 7.205 Thread 0x0000022d42f3a4c0 Exception <a 'sun/nio/fs/WindowsException'{0x0000000713e083a8}> (0x0000000713e083a8) 
thrown [s\src\hotspot\share\prims\jni.cpp, line 516]
Event: 7.208 Thread 0x0000022d42f3a4c0 Exception <a 'sun/nio/fs/WindowsException'{0x0000000713e22040}> (0x0000000713e22040) 
thrown [s\src\hotspot\share\prims\jni.cpp, line 516]
Event: 7.212 Thread 0x0000022d42f3a4c0 Exception <a 'sun/nio/fs/WindowsException'{0x0000000713e3e430}> (0x0000000713e3e430) 
thrown [s\src\hotspot\share\prims\jni.cpp, line 516]
Event: 7.212 Thread 0x0000022d42f3a4c0 Exception <a 'sun/nio/fs/WindowsException'{0x0000000713e3ebf0}> (0x0000000713e3ebf0) 
thrown [s\src\hotspot\share\prims\jni.cpp, line 516]
Event: 7.212 Thread 0x0000022d42f3a4c0 Exception <a 'sun/nio/fs/WindowsException'{0x0000000713e3f1b0}> (0x0000000713e3f1b0) 
thrown [s\src\hotspot\share\prims\jni.cpp, line 516]
Event: 7.212 Thread 0x0000022d42f3a4c0 Exception <a 'sun/nio/fs/WindowsException'{0x0000000713e3f940}> (0x0000000713e3f940) 
thrown [s\src\hotspot\share\prims\jni.cpp, line 516]
Event: 7.212 Thread 0x0000022d42f3a4c0 Exception <a 'sun/nio/fs/WindowsException'{0x0000000713e3fd10}> (0x0000000713e3fd10) 
thrown [s\src\hotspot\share\prims\jni.cpp, line 516]
Event: 7.212 Thread 0x0000022d42f3a4c0 Exception <a 'sun/nio/fs/WindowsException'{0x0000000713e40a08}> (0x0000000713e40a08) 
thrown [s\src\hotspot\share\prims\jni.cpp, line 516]
Event: 7.212 Thread 0x0000022d42f3a4c0 Exception <a 'sun/nio/fs/WindowsException'{0x0000000713e40d98}> (0x0000000713e40d98) 
thrown [s\src\hotspot\share\prims\jni.cpp, line 516]
Event: 7.213 Thread 0x0000022d42f3a4c0 Exception <a 'sun/nio/fs/WindowsException'{0x0000000713e41a88}> (0x0000000713e41a88) 
thrown [s\src\hotspot\share\prims\jni.cpp, line 516]

VM Operations (20 events):
Event: 5.737 Executing VM operation: HandshakeAllThreads
Event: 5.737 Executing VM operation: HandshakeAllThreads done
Event: 5.762 Executing VM operation: ICBufferFull
Event: 5.762 Executing VM operation: ICBufferFull done
Event: 5.785 Executing VM operation: HandshakeAllThreads
Event: 5.785 Executing VM operation: HandshakeAllThreads done
Event: 5.786 Executing VM operation: HandshakeAllThreads
Event: 5.786 Executing VM operation: HandshakeAllThreads done
Event: 5.833 Executing VM operation: ICBufferFull
Event: 5.833 Executing VM operation: ICBufferFull done
Event: 6.040 Executing VM operation: G1CollectForAllocation
Event: 6.050 Executing VM operation: G1CollectForAllocation done
Event: 6.342 Executing VM operation: G1CollectForAllocation
Event: 6.354 Executing VM operation: G1CollectForAllocation done
Event: 6.578 Executing VM operation: G1CollectForAllocation
Event: 6.589 Executing VM operation: G1CollectForAllocation done
Event: 6.611 Executing VM operation: G1PauseRemark
Event: 6.620 Executing VM operation: G1PauseRemark done
Event: 6.629 Executing VM operation: G1PauseCleanup
Event: 6.629 Executing VM operation: G1PauseCleanup done

Memory protections (0 events):
No events

Nmethod flushes (20 events):
Event: 3.922 Thread 0x0000022d664fffb0 flushing  nmethod 0x0000022d4b3daa10
Event: 3.922 Thread 0x0000022d664fffb0 flushing  nmethod 0x0000022d4b431c10
Event: 3.922 Thread 0x0000022d664fffb0 flushing  nmethod 0x0000022d4b432510
Event: 3.922 Thread 0x0000022d664fffb0 flushing  nmethod 0x0000022d4b433590
Event: 3.922 Thread 0x0000022d664fffb0 flushing  nmethod 0x0000022d4b434890
Event: 3.922 Thread 0x0000022d664fffb0 flushing  nmethod 0x0000022d4b436b90
Event: 3.922 Thread 0x0000022d664fffb0 flushing  nmethod 0x0000022d4b43b210
Event: 3.922 Thread 0x0000022d664fffb0 flushing  nmethod 0x0000022d4b43c110
Event: 3.922 Thread 0x0000022d664fffb0 flushing  nmethod 0x0000022d4b464110
Event: 3.922 Thread 0x0000022d664fffb0 flushing  nmethod 0x0000022d4b47d690
Event: 3.922 Thread 0x0000022d664fffb0 flushing  nmethod 0x0000022d4b486710
Event: 3.922 Thread 0x0000022d664fffb0 flushing  nmethod 0x0000022d4b4b9e90
Event: 3.923 Thread 0x0000022d664fffb0 flushing  nmethod 0x0000022d4b4d9910
Event: 3.923 Thread 0x0000022d664fffb0 flushing  nmethod 0x0000022d4b59c010
Event: 5.743 Thread 0x0000022d664fffb0 flushing  nmethod 0x0000022d4b131490
Event: 5.745 Thread 0x0000022d664fffb0 flushing  nmethod 0x0000022d4b3f0810
Event: 5.745 Thread 0x0000022d664fffb0 flushing  nmethod 0x0000022d4b50ac90
Event: 5.745 Thread 0x0000022d664fffb0 flushing  nmethod 0x0000022d4b50de10
Event: 5.745 Thread 0x0000022d664fffb0 flushing  nmethod 0x0000022d4b51aa10
Event: 5.746 Thread 0x0000022d664fffb0 flushing  nmethod 0x0000022d4b64e490

Events (20 events):
Event: 0.203 Thread 0x0000022dac028590 Thread exited: 0x0000022dac028590
Event: 0.307 Thread 0x0000022d66620800 Thread added: 0x0000022dac1cca80
Event: 0.307 Thread 0x0000022d66620800 Thread added: 0x0000022dac1ccfa0
Event: 0.333 Thread 0x0000022d66620800 Thread added: 0x0000022dac177690
Event: 0.571 Thread 0x0000022d666202e0 Thread added: 0x0000022dace572f0
Event: 0.571 Thread 0x0000022d666202e0 Thread added: 0x0000022dacba8aa0
Event: 0.575 Thread 0x0000022d664ec2b0 Thread added: 0x0000022dacb8de90
Event: 0.575 Thread 0x0000022d664ec2b0 Thread added: 0x0000022dacb8e3b0
Event: 0.954 Thread 0x0000022dacb8e3b0 Thread exited: 0x0000022dacb8e3b0
Event: 1.166 Thread 0x0000022dacba8aa0 Thread exited: 0x0000022dacba8aa0
Event: 1.166 Thread 0x0000022dacb8de90 Thread exited: 0x0000022dacb8de90
Event: 1.549 Thread 0x0000022d42f3a4c0 Thread added: 0x0000022dad46e790
Event: 4.353 Thread 0x0000022dac1ccfa0 Thread added: 0x0000022dad4174a0
Event: 4.353 Thread 0x0000022dac1ccfa0 Thread added: 0x0000022dacb8d760
Event: 4.353 Thread 0x0000022dac1ccfa0 Thread added: 0x0000022dae588450
Event: 4.354 Thread 0x0000022dac1ccfa0 Thread added: 0x0000022dad2ebfd0
Event: 5.032 Thread 0x0000022dad2ebfd0 Thread exited: 0x0000022dad2ebfd0
Event: 5.092 Thread 0x0000022dae588450 Thread exited: 0x0000022dae588450
Event: 5.518 Thread 0x0000022dacb8d760 Thread exited: 0x0000022dacb8d760
Event: 6.560 Thread 0x0000022dad4174a0 Thread exited: 0x0000022dad4174a0


Dynamic libraries:
0x00007ff72ef80000 - 0x00007ff72ef8e000 	C:\Users\yojah\.jdks\corretto-17.0.13\bin\java.exe
0x00007ff9a2f30000 - 0x00007ff9a3147000 	C:\WINDOWS\SYSTEM32\ntdll.dll
0x00007ff9a2040000 - 0x00007ff9a2104000 	C:\WINDOWS\System32\KERNEL32.DLL
0x00007ff9a0230000 - 0x00007ff9a05e9000 	C:\WINDOWS\System32\KERNELBASE.dll
0x00007ff9a0950000 - 0x00007ff9a0a61000 	C:\WINDOWS\System32\ucrtbase.dll
0x00007ff99b120000 - 0x00007ff99b137000 	C:\Users\yojah\.jdks\corretto-17.0.13\bin\jli.dll
0x00007ff994840000 - 0x00007ff99485b000 	C:\Users\yojah\.jdks\corretto-17.0.13\bin\VCRUNTIME140.dll
0x00007ff9a2740000 - 0x00007ff9a28ee000 	C:\WINDOWS\System32\USER32.dll
0x00007ff9a0690000 - 0x00007ff9a06b6000 	C:\WINDOWS\System32\win32u.dll
0x00007ff98e970000 - 0x00007ff98ec02000 	C:\WINDOWS\WinSxS\amd64_microsoft.windows.common-controls_6595b64144ccf1df_6.0.22621.4391_none_2715d37f73803e96\COMCTL32.dll
0x00007ff9a2a90000 - 0x00007ff9a2ab9000 	C:\WINDOWS\System32\GDI32.dll
0x00007ff9a0b30000 - 0x00007ff9a0c4b000 	C:\WINDOWS\System32\gdi32full.dll
0x00007ff9a0c50000 - 0x00007ff9a0cf7000 	C:\WINDOWS\System32\msvcrt.dll
0x00007ff9a05f0000 - 0x00007ff9a068a000 	C:\WINDOWS\System32\msvcp_win.dll
0x00007ff9a1410000 - 0x00007ff9a1441000 	C:\WINDOWS\System32\IMM32.DLL
0x00007ff99b160000 - 0x00007ff99b16c000 	C:\Users\yojah\.jdks\corretto-17.0.13\bin\vcruntime140_1.dll
0x00007ff964010000 - 0x00007ff96409d000 	C:\Users\yojah\.jdks\corretto-17.0.13\bin\msvcp140.dll
0x00007ff8e7a50000 - 0x00007ff8e86bc000 	C:\Users\yojah\.jdks\corretto-17.0.13\bin\server\jvm.dll
0x00007ff9a2b80000 - 0x00007ff9a2c32000 	C:\WINDOWS\System32\ADVAPI32.dll
0x00007ff9a10c0000 - 0x00007ff9a1167000 	C:\WINDOWS\System32\sechost.dll
0x00007ff9a06c0000 - 0x00007ff9a06e8000 	C:\WINDOWS\System32\bcrypt.dll
0x00007ff9a2c40000 - 0x00007ff9a2d54000 	C:\WINDOWS\System32\RPCRT4.dll
0x00007ff9a28f0000 - 0x00007ff9a2961000 	C:\WINDOWS\System32\WS2_32.dll
0x00007ff99f090000 - 0x00007ff99f0dd000 	C:\WINDOWS\SYSTEM32\POWRPROF.dll
0x00007ff99b8d0000 - 0x00007ff99b904000 	C:\WINDOWS\SYSTEM32\WINMM.dll
0x00007ff9991d0000 - 0x00007ff9991da000 	C:\WINDOWS\SYSTEM32\VERSION.dll
0x00007ff99f060000 - 0x00007ff99f073000 	C:\WINDOWS\SYSTEM32\UMPDC.dll
0x00007ff99f330000 - 0x00007ff99f348000 	C:\WINDOWS\SYSTEM32\kernel.appcore.dll
0x00007ff99b110000 - 0x00007ff99b11a000 	C:\Users\yojah\.jdks\corretto-17.0.13\bin\jimage.dll
0x00007ff9983a0000 - 0x00007ff9985d2000 	C:\WINDOWS\SYSTEM32\DBGHELP.DLL
0x00007ff9a0d30000 - 0x00007ff9a10bf000 	C:\WINDOWS\System32\combase.dll
0x00007ff9a1330000 - 0x00007ff9a1407000 	C:\WINDOWS\System32\OLEAUT32.dll
0x00007ff996870000 - 0x00007ff9968a2000 	C:\WINDOWS\SYSTEM32\dbgcore.DLL
0x00007ff9a06f0000 - 0x00007ff9a076b000 	C:\WINDOWS\System32\bcryptPrimitives.dll
0x00007ff99a950000 - 0x00007ff99a95e000 	C:\Users\yojah\.jdks\corretto-17.0.13\bin\instrument.dll
0x00007ff98f6c0000 - 0x00007ff98f6e5000 	C:\Users\yojah\.jdks\corretto-17.0.13\bin\java.dll
0x00007ff9582d0000 - 0x00007ff9583a7000 	C:\Users\yojah\.jdks\corretto-17.0.13\bin\jsvml.dll
0x00007ff9a1710000 - 0x00007ff9a1f86000 	C:\WINDOWS\System32\SHELL32.dll
0x00007ff99e120000 - 0x00007ff99ea23000 	C:\WINDOWS\SYSTEM32\windows.storage.dll
0x00007ff99dfe0000 - 0x00007ff99e11f000 	C:\WINDOWS\SYSTEM32\wintypes.dll
0x00007ff9a2990000 - 0x00007ff9a2a89000 	C:\WINDOWS\System32\SHCORE.dll
0x00007ff9a14d0000 - 0x00007ff9a152e000 	C:\WINDOWS\System32\shlwapi.dll
0x00007ff9a0160000 - 0x00007ff9a018b000 	C:\WINDOWS\SYSTEM32\profapi.dll
0x00007ff98f590000 - 0x00007ff98f5a8000 	C:\Users\yojah\.jdks\corretto-17.0.13\bin\zip.dll
0x00007ff98f570000 - 0x00007ff98f589000 	C:\Users\yojah\.jdks\corretto-17.0.13\bin\net.dll
0x00007ff99cec0000 - 0x00007ff99cff6000 	C:\WINDOWS\SYSTEM32\WINHTTP.dll
0x00007ff99f7c0000 - 0x00007ff99f829000 	C:\WINDOWS\system32\mswsock.dll
0x00007ff98eee0000 - 0x00007ff98eef6000 	C:\Users\yojah\.jdks\corretto-17.0.13\bin\nio.dll
0x00007ff98eec0000 - 0x00007ff98eeda000 	C:\Program Files\JetBrains\IntelliJ IDEA Community Edition 2024.2.3\bin\breakgen64.dll
0x00007ff994830000 - 0x00007ff994839000 	C:\Users\yojah\.jdks\corretto-17.0.13\bin\extnet.dll
0x00007ff986fe0000 - 0x00007ff987004000 	C:\Users\yojah\AppData\Local\Temp\jansi-2.4.1-59b38603a87034b-jansi.dll
0x00007ff98f720000 - 0x00007ff98f730000 	C:\Users\yojah\.jdks\corretto-17.0.13\bin\verify.dll
0x00007ff99f440000 - 0x00007ff99f474000 	C:\WINDOWS\SYSTEM32\ntmarta.dll

dbghelp: loaded successfully - version: 4.0.5 - missing functions: none
symbol engine: initialized successfully - sym options: 0x614 - pdb path: .;C:\Users\yojah\.jdks\corretto-17.0.13\bin;C:\WINDOWS\SYSTEM32;C:\WINDOWS\WinSxS\amd64_microsoft.windows.common-controls_6595b64144ccf1df_6.0.22621.4391_none_2715d37f73803e96;C:\Users\yojah\.jdks\corretto-17.0.13\bin\server;C:\Program Files\JetBrains\IntelliJ IDEA Community Edition 2024.2.3\bin;C:\Users\yojah\AppData\Local\Temp

VM Arguments:
jvm_args: -Dmaven.multiModuleProjectDirectory=D:\Estudios_2024\Bootcamp-Java-Girl-Tech\Entregable-4\Entregable-4\ApiCustomer -Djansi.passthrough=true -Dmaven.home=C:\Users\yojah\.m2\wrapper\dists\apache-maven-3.9.9-bin\4nf9hui3q3djbarqar9g711ggc\apache-maven-3.9.9 -Dclassworlds.conf=C:\Users\yojah\.m2\wrapper\dists\apache-maven-3.9.9-bin\4nf9hui3q3djbarqar9g711ggc\apache-maven-3.9.9\bin\m2.conf -Dmaven.ext.class.path=C:\Program Files\JetBrains\IntelliJ IDEA Community Edition 2024.2.3\plugins\maven\lib\maven-event-listener.jar -javaagent:C:\Program Files\JetBrains\IntelliJ IDEA Community Edition 2024.2.3\lib\idea_rt.jar=64438:C:\Program Files\JetBrains\IntelliJ IDEA Community Edition 2024.2.3\bin -Dfile.encoding=UTF-8 
java_command: org.codehaus.classworlds.Launcher -Didea.version=2024.2.4 clean test
java_class_path (initial): C:\Users\yojah\.m2\wrapper\dists\apache-maven-3.9.9-bin\4nf9hui3q3djbarqar9g711ggc\apache-maven-3.9.9\boot\plexus-classworlds-2.8.0.jar;C:\Users\yojah\.m2\wrapper\dists\apache-maven-3.9.9-bin\4nf9hui3q3djbarqar9g711ggc\apache-maven-3.9.9\boot\plexus-classworlds.license
Launcher Type: SUN_STANDARD

[Global flags]
     intx CICompilerCount                          = 12                                        {product} {ergonomic}
     uint ConcGCThreads                            = 3                                         {product} {ergonomic}
     uint G1ConcRefinementThreads                  = 13                                        {product} {ergonomic}
   size_t G1HeapRegionSize                         = 2097152                                   {product} {ergonomic}
    uintx GCDrainStackTargetSize                   = 64                                        {product} {ergonomic}
   size_t InitialHeapSize                          = 257949696                                 {product} {ergonomic}
   size_t MarkStackSize                            = 4194304                                   {product} {ergonomic}
   size_t MaxHeapSize                              = 4123000832                                {product} {ergonomic}
   size_t MaxNewSize                               = 2472542208                                {product} {ergonomic}
   size_t MinHeapDeltaBytes                        = 2097152                                   {product} {ergonomic}
   size_t MinHeapSize                              = 8388608                                   {product} {ergonomic}
    uintx NonNMethodCodeHeapSize                   = 7602480                                {pd product} {ergonomic}
    uintx NonProfiledCodeHeapSize                  = 122027880                              {pd product} {ergonomic}
    uintx ProfiledCodeHeapSize                     = 122027880                              {pd product} {ergonomic}
    uintx ReservedCodeCacheSize                    = 251658240                              {pd product} {ergonomic}
     bool SegmentedCodeCache                       = true                                      {product} {ergonomic}
   size_t SoftMaxHeapSize                          = 4123000832                             {manageable} {ergonomic}
     bool UseCompressedClassPointers               = true                           {product lp64_product} {ergonomic}
     bool UseCompressedOops                        = true                           {product lp64_product} {ergonomic}
     bool UseG1GC                                  = true                                      {product} {ergonomic}
     bool UseLargePagesIndividualAllocation        = false                                  {pd product} {ergonomic}

Logging:
Log output configuration:
 #0: stdout all=warning uptime,level,tags
 #1: stderr all=off uptime,level,tags

Environment Variables:
JAVA_HOME=C:\Program Files\Java\jdk-17
PATH=C:\Program Files\Common Files\Oracle\Java\javapath;C:\Windows\system32;C:\Windows;C:\Windows\System32\Wbem;C:\Windows\System32\WindowsPowerShell\v1.0\;C:\Windows\System32\OpenSSH\;C:\Program Files (x86)\NVIDIA Corporation\PhysX\Common;C:\Program Files\NVIDIA Corporation\NVIDIA NvDLISR;C:\Program Files\dotnet\;C:\Program Files\Microsoft SQL Server\Client SDK\ODBC\170\Tools\Binn\;C:\Program Files (x86)\Microsoft SQL Server\150\Tools\Binn\;C:\Program Files\Microsoft SQL Server\150\Tools\Binn\;C:\Program Files\Microsoft SQL Server\150\DTS\Binn\;C:\Program Files (x86)\Microsoft SQL Server\150\DTS\Binn\;C:\Program Files\Azure Data Studio\bin;C:\WINDOWS\system32;C:\WINDOWS;C:\WINDOWS\System32\Wbem;C:\WINDOWS\System32\WindowsPowerShell\v1.0\;C:\WINDOWS\System32\OpenSSH\;C:\Program Files\nodejs\;C:\Program Files\Git\cmd;C:\tools\apache-maven-3.9.9\bin;C:\Program Files\Java\jdk-17\bin;C:\Users\yojah\AppData\Local\Programs\Python\Python312\;C:\Users\yojah\AppData\Local\Programs\Python\Python312\Scripts;C:\Users\yojah\AppData\Local\Programs\Python\Launcher\;C:\Users\yojah\AppData\Local\Microsoft\WindowsApps;C:\Program Files\Azure Data Studio\bin;C:\Users\yojah\AppData\Local\Programs\Microsoft VS Code\bin;C:\Users\yojah\AppData\Roaming\npm;C:\Program Files\MongoDB\Server\6.0\bin;C:\Program Files\MongoDB\Server\7.0\bin;C:\mongosh-2.2.9\bin;;C:\Program Files\JetBrains\IntelliJ IDEA Community Edition 2024.2.3\bin;C:\Program Files\MongoDB\Server\7.0\bin;
USERNAME=yojah
OS=Windows_NT
PROCESSOR_IDENTIFIER=AMD64 Family 25 Model 80 Stepping 0, AuthenticAMD
TMP=C:\Users\yojah\AppData\Local\Temp
TEMP=C:\Users\yojah\AppData\Local\Temp



Periodic native trim disabled


---------------  S Y S T E M  ---------------

OS:
 Windows 11 , 64 bit Build 22621 (10.0.22621.4391)
OS uptime: 0 days 5:14 hours
Hyper-V role detected

CPU: total 16 (initial active 16) (16 cores per cpu, 2 threads per core) family 25 model 80 stepping 0 microcode 0x0, cx8, cmov, fxsr, ht, mmx, 3dnowpref, sse, sse2, sse3, ssse3, sse4a, sse4.1, sse4.2, popcnt, lzcnt, tsc, tscinvbit, avx, avx2, aes, erms, clmul, bmi1, bmi2, adx, sha, fma, vzeroupper, clflush, clflushopt, hv
Processor Information for all 16 processors :
  Max Mhz: 3201, Current Mhz: 3201, Mhz Limit: 3201

Memory: 4k page, system-wide physical 15720M (1480M free)
TotalPageFile size 21442M (AvailPageFile size 2M)
current process WorkingSet (physical memory assigned to process): 356M, peak: 356M
current process commit charge ("private bytes"): 443M, peak: 445M

vm_info: OpenJDK 64-Bit Server VM (17.0.13+11-LTS) for windows-amd64 JRE (17.0.13+11-LTS), built on Oct 10 2024 19:51:30 by "Administrator" with MS VC++ 16.10 / 16.11 (VS2019)

END.
