#
# There is insufficient memory for the Java Runtime Environment to continue.
# Native memory allocation (malloc) failed to allocate 296256 bytes. Error detail: Chunk::new
# Possible reasons:
#   The system is out of physical RAM or swap space
#   This process is running with CompressedOops enabled, and the Java Heap may be blocking the growth of the native heap
# Possible solutions:
#   Reduce memory load on the system
#   Increase physical memory or swap space
#   Check if swap backing store is full
#   Decrease Java heap size (-Xmx/-Xms)
#   Decrease number of Java threads
#   Decrease Java thread stack sizes (-Xss)
#   Set larger code cache with -XX:ReservedCodeCacheSize=
#   JVM is running with Zero Based Compressed Oops mode in which the Java heap is
#     placed in the first 32GB address space. The Java Heap base address is the
#     maximum limit for the native heap growth. Please use -XX:HeapBaseMinAddress
#     to set the Java Heap base and to place the Java Heap above 32GB virtual address.
# This output file may be truncated or incomplete.
#
#  Out of Memory Error (arena.cpp:191), pid=4360, tid=3108
#
# JRE version: OpenJDK Runtime Environment Corretto-17.0.13.11.1 (17.0.13+11) (build 17.0.13+11-LTS)
# Java VM: OpenJDK 64-Bit Server VM Corretto-17.0.13.11.1 (17.0.13+11-LTS, mixed mode, sharing, tiered, compressed oops, compressed class ptrs, g1 gc, windows-amd64)
# No core dump will be written. Minidumps are not enabled by default on client versions of Windows
#

---------------  S U M M A R Y ------------

Command Line: -javaagent:C:\Program Files\JetBrains\IntelliJ IDEA Community Edition 2024.2.3\lib\idea_rt.jar=58955:C:\Program Files\JetBrains\IntelliJ IDEA Community Edition 2024.2.3\bin -Dfile.encoding=UTF-8 com.customer.ApiCustomer.ApiCustomerApplication

Host: AMD Ryzen 7 5800H with Radeon Graphics         , 16 cores, 15G,  Windows 11 , 64 bit Build 22621 (10.0.22621.4391)
Time: Mon Nov 18 02:00:47 2024 Hora est. Pacífico, Sudamérica elapsed time: 0.861070 seconds (0d 0h 0m 0s)

---------------  T H R E A D  ---------------

Current thread (0x0000020309b0b0d0):  JavaThread "C2 CompilerThread0" daemon [_thread_in_native, id=3108, stack(0x000000af28400000,0x000000af28500000)]


Current CompileTask:
C2:    861 2000   !   4       java.net.URL::<init> (543 bytes)

Stack: [0x000000af28400000,0x000000af28500000]
Native frames: (J=compiled Java code, j=interpreted, Vv=VM code, C=native code)
V  [jvm.dll+0x680c19]
V  [jvm.dll+0x83888a]
V  [jvm.dll+0x83a34e]
V  [jvm.dll+0x83a9b3]
V  [jvm.dll+0x2481af]
V  [jvm.dll+0xac9f4]
V  [jvm.dll+0xad03c]
V  [jvm.dll+0x2af7df]
V  [jvm.dll+0x587047]
V  [jvm.dll+0x223012]
V  [jvm.dll+0x21c320]
V  [jvm.dll+0x219a31]
V  [jvm.dll+0x1a58ed]
V  [jvm.dll+0x22988d]
V  [jvm.dll+0x227a1c]
V  [jvm.dll+0x7ed737]
V  [jvm.dll+0x7e7b2c]
V  [jvm.dll+0x67fae7]
C  [ucrtbase.dll+0x29333]
C  [KERNEL32.DLL+0x1259d]
C  [ntdll.dll+0x5af38]


---------------  P R O C E S S  ---------------

Threads class SMR info:
_java_thread_list=0x000002035002a740, length=19, elements={
0x0000020365705f40, 0x0000020309af5ec0, 0x0000020309af6c90, 0x0000020309b051a0,
0x0000020309b05b60, 0x0000020309b06520, 0x0000020309b06ee0, 0x0000020309b0b0d0,
0x0000020309b1c8e0, 0x0000020309b078a0, 0x000002037ee5daa0, 0x0000020309c40280,
0x0000020309c530d0, 0x0000020309ca7390, 0x000002034f1b8fe0, 0x0000020309ed8e80,
0x000002034fc2f230, 0x000002034ffa8d50, 0x000002034fc2c260
}

Java Threads: ( => current thread )
  0x0000020365705f40 JavaThread "main" [_thread_in_vm, id=18848, stack(0x000000af27700000,0x000000af27800000)]
  0x0000020309af5ec0 JavaThread "Reference Handler" daemon [_thread_blocked, id=8300, stack(0x000000af27e00000,0x000000af27f00000)]
  0x0000020309af6c90 JavaThread "Finalizer" daemon [_thread_blocked, id=30528, stack(0x000000af27f00000,0x000000af28000000)]
  0x0000020309b051a0 JavaThread "Signal Dispatcher" daemon [_thread_blocked, id=18104, stack(0x000000af28000000,0x000000af28100000)]
  0x0000020309b05b60 JavaThread "Attach Listener" daemon [_thread_blocked, id=3344, stack(0x000000af28100000,0x000000af28200000)]
  0x0000020309b06520 JavaThread "Service Thread" daemon [_thread_blocked, id=28020, stack(0x000000af28200000,0x000000af28300000)]
  0x0000020309b06ee0 JavaThread "Monitor Deflation Thread" daemon [_thread_blocked, id=17492, stack(0x000000af28300000,0x000000af28400000)]
=>0x0000020309b0b0d0 JavaThread "C2 CompilerThread0" daemon [_thread_in_native, id=3108, stack(0x000000af28400000,0x000000af28500000)]
  0x0000020309b1c8e0 JavaThread "C1 CompilerThread0" daemon [_thread_blocked, id=31080, stack(0x000000af28500000,0x000000af28600000)]
  0x0000020309b078a0 JavaThread "Sweeper thread" daemon [_thread_blocked, id=28168, stack(0x000000af28600000,0x000000af28700000)]
  0x000002037ee5daa0 JavaThread "Common-Cleaner" daemon [_thread_blocked, id=23204, stack(0x000000af28700000,0x000000af28800000)]
  0x0000020309c40280 JavaThread "C1 CompilerThread1" daemon [_thread_blocked, id=31256, stack(0x000000af28800000,0x000000af28900000)]
  0x0000020309c530d0 JavaThread "C1 CompilerThread2" daemon [_thread_blocked, id=21204, stack(0x000000af28900000,0x000000af28a00000)]
  0x0000020309ca7390 JavaThread "C2 CompilerThread1" daemon [_thread_in_native, id=21340, stack(0x000000af28a00000,0x000000af28b00000)]
  0x000002034f1b8fe0 JavaThread "Monitor Ctrl-Break" daemon [_thread_in_native, id=14248, stack(0x000000af28b00000,0x000000af28c00000)]
  0x0000020309ed8e80 JavaThread "Notification Thread" daemon [_thread_blocked, id=19904, stack(0x000000af28c00000,0x000000af28d00000)]
  0x000002034fc2f230 JavaThread "C2 CompilerThread2" daemon [_thread_in_native, id=27872, stack(0x000000af28e00000,0x000000af28f00000)]
  0x000002034ffa8d50 JavaThread "background-preinit" [_thread_in_vm, id=14376, stack(0x000000af29300000,0x000000af29400000)]
  0x000002034fc2c260 JavaThread "C1 CompilerThread3" daemon [_thread_in_native, id=29876, stack(0x000000af29400000,0x000000af29500000)]

Other Threads:
  0x0000020309aefa70 VMThread "VM Thread" [stack: 0x000000af27d00000,0x000000af27e00000] [id=29304]
  0x0000020309ed9d10 WatcherThread [stack: 0x000000af28d00000,0x000000af28e00000] [id=22572]
  0x00000203657710d0 GCTaskThread "GC Thread#0" [stack: 0x000000af27800000,0x000000af27900000] [id=8244]
  0x000002034f8401b0 GCTaskThread "GC Thread#1" [stack: 0x000000af28f00000,0x000000af29000000] [id=24332]
  0x000002034f647f10 GCTaskThread "GC Thread#2" [stack: 0x000000af29000000,0x000000af29100000] [id=28348]
  0x000002034f7de070 GCTaskThread "GC Thread#3" [stack: 0x000000af29100000,0x000000af29200000] [id=2796]
  0x000002034fe401a0 GCTaskThread "GC Thread#4" [stack: 0x000000af29200000,0x000000af29300000] [id=4024]
  0x0000020350471220 GCTaskThread "GC Thread#5" [stack: 0x000000af29500000,0x000000af29600000] [id=13100]
  0x00000203501dc930 GCTaskThread "GC Thread#6" [stack: 0x000000af29600000,0x000000af29700000] [id=31592]
  0x0000020350204970 GCTaskThread "GC Thread#7" [stack: 0x000000af29700000,0x000000af29800000] [id=23824]
  0x00000203501fc670 GCTaskThread "GC Thread#8" [stack: 0x000000af29800000,0x000000af29900000] [id=13872]
  0x000002035032e3d0 GCTaskThread "GC Thread#9" [stack: 0x000000af29900000,0x000000af29a00000] [id=4508]
  0x00000203657815e0 ConcurrentGCThread "G1 Main Marker" [stack: 0x000000af27900000,0x000000af27a00000] [id=28432]
  0x0000020365782000 ConcurrentGCThread "G1 Conc#0" [stack: 0x000000af27a00000,0x000000af27b00000] [id=29092]
  0x000002037ed26cd0 ConcurrentGCThread "G1 Refine#0" [stack: 0x000000af27b00000,0x000000af27c00000] [id=21320]
  0x000002037ed284b0 ConcurrentGCThread "G1 Service" [stack: 0x000000af27c00000,0x000000af27d00000] [id=11976]

Threads with active compile tasks:
C2 CompilerThread0      877 2000   !   4       java.net.URL::<init> (543 bytes)
C2 CompilerThread1      877 1877       4       jdk.internal.org.objectweb.asm.Frame::execute (2305 bytes)
C2 CompilerThread2      877 2049       4       jdk.internal.misc.Unsafe::allocateUninitializedArray (55 bytes)
C1 CompilerThread3      877 2048   !   3       java.lang.invoke.MethodHandles$Lookup::canBeCached (150 bytes)

VM state: not at safepoint (normal execution)

VM Mutex/Monitor currently owned by a thread:  ([mutex/lock_event])
[0x00000203657007e0] Metaspace_lock - owner thread: 0x000002034ffa8d50

Heap address: 0x000000070a400000, size: 3932 MB, Compressed Oops mode: Zero based, Oop shift amount: 3

CDS archive(s) mapped at: [0x000002030a000000-0x000002030abb0000-0x000002030abb0000), size 12255232, SharedBaseAddress: 0x000002030a000000, ArchiveRelocationMode: 1.
Compressed class space mapped at: 0x000002030b000000-0x000002034b000000, reserved size: 1073741824
Narrow klass base: 0x000002030a000000, Narrow klass shift: 0, Narrow klass range: 0x100000000

GC Precious Log:
 CPUs: 16 total, 16 available
 Memory: 15720M
 Large Page Support: Disabled
 NUMA Support: Disabled
 Compressed Oops: Enabled (Zero based)
 Heap Region Size: 2M
 Heap Min Capacity: 8M
 Heap Initial Capacity: 246M
 Heap Max Capacity: 3932M
 Pre-touch: Disabled
 Parallel Workers: 13
 Concurrent Workers: 3
 Concurrent Refinement Workers: 13
 Periodic GC: Disabled

Heap:
 garbage-first heap   total 251904K, used 17834K [0x000000070a400000, 0x0000000800000000)
  region size 2048K, 7 young (14336K), 2 survivors (4096K)
 Metaspace       used 14888K, committed 15104K, reserved 1114112K
  class space    used 1828K, committed 1984K, reserved 1048576K

Heap Regions: E=young(eden), S=young(survivor), O=old, HS=humongous(starts), HC=humongous(continues), CS=collection set, F=free, OA=open archive, CA=closed archive, TAMS=top-at-mark-start (previous, next)
|   0|0x000000070a400000, 0x000000070a600000, 0x000000070a600000|100%| O|  |TAMS 0x000000070a400000, 0x000000070a400000| Untracked 
|   1|0x000000070a600000, 0x000000070a800000, 0x000000070a800000|100%| O|  |TAMS 0x000000070a600000, 0x000000070a600000| Untracked 
|   2|0x000000070a800000, 0x000000070aa00000, 0x000000070aa00000|100%| O|  |TAMS 0x000000070a800000, 0x000000070a800000| Untracked 
|   3|0x000000070aa00000, 0x000000070ab0b800, 0x000000070ac00000| 52%| O|  |TAMS 0x000000070aa00000, 0x000000070aa00000| Untracked 
|   4|0x000000070ac00000, 0x000000070ac00000, 0x000000070ae00000|  0%| F|  |TAMS 0x000000070ac00000, 0x000000070ac00000| Untracked 
|   5|0x000000070ae00000, 0x000000070ae00000, 0x000000070b000000|  0%| F|  |TAMS 0x000000070ae00000, 0x000000070ae00000| Untracked 
|   6|0x000000070b000000, 0x000000070b000000, 0x000000070b200000|  0%| F|  |TAMS 0x000000070b000000, 0x000000070b000000| Untracked 
|   7|0x000000070b200000, 0x000000070b200000, 0x000000070b400000|  0%| F|  |TAMS 0x000000070b200000, 0x000000070b200000| Untracked 
|   8|0x000000070b400000, 0x000000070b400000, 0x000000070b600000|  0%| F|  |TAMS 0x000000070b400000, 0x000000070b400000| Untracked 
|   9|0x000000070b600000, 0x000000070b600000, 0x000000070b800000|  0%| F|  |TAMS 0x000000070b600000, 0x000000070b600000| Untracked 
|  10|0x000000070b800000, 0x000000070b800000, 0x000000070ba00000|  0%| F|  |TAMS 0x000000070b800000, 0x000000070b800000| Untracked 
|  11|0x000000070ba00000, 0x000000070ba00000, 0x000000070bc00000|  0%| F|  |TAMS 0x000000070ba00000, 0x000000070ba00000| Untracked 
|  12|0x000000070bc00000, 0x000000070bc00000, 0x000000070be00000|  0%| F|  |TAMS 0x000000070bc00000, 0x000000070bc00000| Untracked 
|  13|0x000000070be00000, 0x000000070be00000, 0x000000070c000000|  0%| F|  |TAMS 0x000000070be00000, 0x000000070be00000| Untracked 
|  14|0x000000070c000000, 0x000000070c000000, 0x000000070c200000|  0%| F|  |TAMS 0x000000070c000000, 0x000000070c000000| Untracked 
|  15|0x000000070c200000, 0x000000070c200000, 0x000000070c400000|  0%| F|  |TAMS 0x000000070c200000, 0x000000070c200000| Untracked 
|  16|0x000000070c400000, 0x000000070c400000, 0x000000070c600000|  0%| F|  |TAMS 0x000000070c400000, 0x000000070c400000| Untracked 
|  17|0x000000070c600000, 0x000000070c600000, 0x000000070c800000|  0%| F|  |TAMS 0x000000070c600000, 0x000000070c600000| Untracked 
|  18|0x000000070c800000, 0x000000070c800000, 0x000000070ca00000|  0%| F|  |TAMS 0x000000070c800000, 0x000000070c800000| Untracked 
|  19|0x000000070ca00000, 0x000000070ca00000, 0x000000070cc00000|  0%| F|  |TAMS 0x000000070ca00000, 0x000000070ca00000| Untracked 
|  20|0x000000070cc00000, 0x000000070cc00000, 0x000000070ce00000|  0%| F|  |TAMS 0x000000070cc00000, 0x000000070cc00000| Untracked 
|  21|0x000000070ce00000, 0x000000070ce00000, 0x000000070d000000|  0%| F|  |TAMS 0x000000070ce00000, 0x000000070ce00000| Untracked 
|  22|0x000000070d000000, 0x000000070d000000, 0x000000070d200000|  0%| F|  |TAMS 0x000000070d000000, 0x000000070d000000| Untracked 
|  23|0x000000070d200000, 0x000000070d200000, 0x000000070d400000|  0%| F|  |TAMS 0x000000070d200000, 0x000000070d200000| Untracked 
|  24|0x000000070d400000, 0x000000070d400000, 0x000000070d600000|  0%| F|  |TAMS 0x000000070d400000, 0x000000070d400000| Untracked 
|  25|0x000000070d600000, 0x000000070d600000, 0x000000070d800000|  0%| F|  |TAMS 0x000000070d600000, 0x000000070d600000| Untracked 
|  26|0x000000070d800000, 0x000000070d800000, 0x000000070da00000|  0%| F|  |TAMS 0x000000070d800000, 0x000000070d800000| Untracked 
|  27|0x000000070da00000, 0x000000070da00000, 0x000000070dc00000|  0%| F|  |TAMS 0x000000070da00000, 0x000000070da00000| Untracked 
|  28|0x000000070dc00000, 0x000000070dc00000, 0x000000070de00000|  0%| F|  |TAMS 0x000000070dc00000, 0x000000070dc00000| Untracked 
|  29|0x000000070de00000, 0x000000070de00000, 0x000000070e000000|  0%| F|  |TAMS 0x000000070de00000, 0x000000070de00000| Untracked 
|  30|0x000000070e000000, 0x000000070e000000, 0x000000070e200000|  0%| F|  |TAMS 0x000000070e000000, 0x000000070e000000| Untracked 
|  31|0x000000070e200000, 0x000000070e200000, 0x000000070e400000|  0%| F|  |TAMS 0x000000070e200000, 0x000000070e200000| Untracked 
|  32|0x000000070e400000, 0x000000070e400000, 0x000000070e600000|  0%| F|  |TAMS 0x000000070e400000, 0x000000070e400000| Untracked 
|  33|0x000000070e600000, 0x000000070e600000, 0x000000070e800000|  0%| F|  |TAMS 0x000000070e600000, 0x000000070e600000| Untracked 
|  34|0x000000070e800000, 0x000000070e800000, 0x000000070ea00000|  0%| F|  |TAMS 0x000000070e800000, 0x000000070e800000| Untracked 
|  35|0x000000070ea00000, 0x000000070ea00000, 0x000000070ec00000|  0%| F|  |TAMS 0x000000070ea00000, 0x000000070ea00000| Untracked 
|  36|0x000000070ec00000, 0x000000070ec00000, 0x000000070ee00000|  0%| F|  |TAMS 0x000000070ec00000, 0x000000070ec00000| Untracked 
|  37|0x000000070ee00000, 0x000000070ee00000, 0x000000070f000000|  0%| F|  |TAMS 0x000000070ee00000, 0x000000070ee00000| Untracked 
|  38|0x000000070f000000, 0x000000070f000000, 0x000000070f200000|  0%| F|  |TAMS 0x000000070f000000, 0x000000070f000000| Untracked 
|  39|0x000000070f200000, 0x000000070f200000, 0x000000070f400000|  0%| F|  |TAMS 0x000000070f200000, 0x000000070f200000| Untracked 
|  40|0x000000070f400000, 0x000000070f400000, 0x000000070f600000|  0%| F|  |TAMS 0x000000070f400000, 0x000000070f400000| Untracked 
|  41|0x000000070f600000, 0x000000070f600000, 0x000000070f800000|  0%| F|  |TAMS 0x000000070f600000, 0x000000070f600000| Untracked 
|  42|0x000000070f800000, 0x000000070f800000, 0x000000070fa00000|  0%| F|  |TAMS 0x000000070f800000, 0x000000070f800000| Untracked 
|  43|0x000000070fa00000, 0x000000070fa00000, 0x000000070fc00000|  0%| F|  |TAMS 0x000000070fa00000, 0x000000070fa00000| Untracked 
|  44|0x000000070fc00000, 0x000000070fc00000, 0x000000070fe00000|  0%| F|  |TAMS 0x000000070fc00000, 0x000000070fc00000| Untracked 
|  45|0x000000070fe00000, 0x000000070fe00000, 0x0000000710000000|  0%| F|  |TAMS 0x000000070fe00000, 0x000000070fe00000| Untracked 
|  46|0x0000000710000000, 0x0000000710000000, 0x0000000710200000|  0%| F|  |TAMS 0x0000000710000000, 0x0000000710000000| Untracked 
|  47|0x0000000710200000, 0x0000000710200000, 0x0000000710400000|  0%| F|  |TAMS 0x0000000710200000, 0x0000000710200000| Untracked 
|  48|0x0000000710400000, 0x0000000710400000, 0x0000000710600000|  0%| F|  |TAMS 0x0000000710400000, 0x0000000710400000| Untracked 
|  49|0x0000000710600000, 0x0000000710600000, 0x0000000710800000|  0%| F|  |TAMS 0x0000000710600000, 0x0000000710600000| Untracked 
|  50|0x0000000710800000, 0x0000000710800000, 0x0000000710a00000|  0%| F|  |TAMS 0x0000000710800000, 0x0000000710800000| Untracked 
|  51|0x0000000710a00000, 0x0000000710a00000, 0x0000000710c00000|  0%| F|  |TAMS 0x0000000710a00000, 0x0000000710a00000| Untracked 
|  52|0x0000000710c00000, 0x0000000710c00000, 0x0000000710e00000|  0%| F|  |TAMS 0x0000000710c00000, 0x0000000710c00000| Untracked 
|  53|0x0000000710e00000, 0x0000000710e00000, 0x0000000711000000|  0%| F|  |TAMS 0x0000000710e00000, 0x0000000710e00000| Untracked 
|  54|0x0000000711000000, 0x0000000711000000, 0x0000000711200000|  0%| F|  |TAMS 0x0000000711000000, 0x0000000711000000| Untracked 
|  55|0x0000000711200000, 0x0000000711200000, 0x0000000711400000|  0%| F|  |TAMS 0x0000000711200000, 0x0000000711200000| Untracked 
|  56|0x0000000711400000, 0x0000000711400000, 0x0000000711600000|  0%| F|  |TAMS 0x0000000711400000, 0x0000000711400000| Untracked 
|  57|0x0000000711600000, 0x0000000711600000, 0x0000000711800000|  0%| F|  |TAMS 0x0000000711600000, 0x0000000711600000| Untracked 
|  58|0x0000000711800000, 0x0000000711800000, 0x0000000711a00000|  0%| F|  |TAMS 0x0000000711800000, 0x0000000711800000| Untracked 
|  59|0x0000000711a00000, 0x0000000711a00000, 0x0000000711c00000|  0%| F|  |TAMS 0x0000000711a00000, 0x0000000711a00000| Untracked 
|  60|0x0000000711c00000, 0x0000000711c00000, 0x0000000711e00000|  0%| F|  |TAMS 0x0000000711c00000, 0x0000000711c00000| Untracked 
|  61|0x0000000711e00000, 0x0000000711e00000, 0x0000000712000000|  0%| F|  |TAMS 0x0000000711e00000, 0x0000000711e00000| Untracked 
|  62|0x0000000712000000, 0x0000000712000000, 0x0000000712200000|  0%| F|  |TAMS 0x0000000712000000, 0x0000000712000000| Untracked 
|  63|0x0000000712200000, 0x0000000712200000, 0x0000000712400000|  0%| F|  |TAMS 0x0000000712200000, 0x0000000712200000| Untracked 
|  64|0x0000000712400000, 0x0000000712400000, 0x0000000712600000|  0%| F|  |TAMS 0x0000000712400000, 0x0000000712400000| Untracked 
|  65|0x0000000712600000, 0x0000000712600000, 0x0000000712800000|  0%| F|  |TAMS 0x0000000712600000, 0x0000000712600000| Untracked 
|  66|0x0000000712800000, 0x0000000712800000, 0x0000000712a00000|  0%| F|  |TAMS 0x0000000712800000, 0x0000000712800000| Untracked 
|  67|0x0000000712a00000, 0x0000000712a00000, 0x0000000712c00000|  0%| F|  |TAMS 0x0000000712a00000, 0x0000000712a00000| Untracked 
|  68|0x0000000712c00000, 0x0000000712c00000, 0x0000000712e00000|  0%| F|  |TAMS 0x0000000712c00000, 0x0000000712c00000| Untracked 
|  69|0x0000000712e00000, 0x0000000712e00000, 0x0000000713000000|  0%| F|  |TAMS 0x0000000712e00000, 0x0000000712e00000| Untracked 
|  70|0x0000000713000000, 0x0000000713000000, 0x0000000713200000|  0%| F|  |TAMS 0x0000000713000000, 0x0000000713000000| Untracked 
|  71|0x0000000713200000, 0x0000000713200000, 0x0000000713400000|  0%| F|  |TAMS 0x0000000713200000, 0x0000000713200000| Untracked 
|  72|0x0000000713400000, 0x0000000713400000, 0x0000000713600000|  0%| F|  |TAMS 0x0000000713400000, 0x0000000713400000| Untracked 
|  73|0x0000000713600000, 0x0000000713600000, 0x0000000713800000|  0%| F|  |TAMS 0x0000000713600000, 0x0000000713600000| Untracked 
|  74|0x0000000713800000, 0x0000000713800000, 0x0000000713a00000|  0%| F|  |TAMS 0x0000000713800000, 0x0000000713800000| Untracked 
|  75|0x0000000713a00000, 0x0000000713a00000, 0x0000000713c00000|  0%| F|  |TAMS 0x0000000713a00000, 0x0000000713a00000| Untracked 
|  76|0x0000000713c00000, 0x0000000713c00000, 0x0000000713e00000|  0%| F|  |TAMS 0x0000000713c00000, 0x0000000713c00000| Untracked 
|  77|0x0000000713e00000, 0x0000000713e00000, 0x0000000714000000|  0%| F|  |TAMS 0x0000000713e00000, 0x0000000713e00000| Untracked 
|  78|0x0000000714000000, 0x0000000714000000, 0x0000000714200000|  0%| F|  |TAMS 0x0000000714000000, 0x0000000714000000| Untracked 
|  79|0x0000000714200000, 0x0000000714200000, 0x0000000714400000|  0%| F|  |TAMS 0x0000000714200000, 0x0000000714200000| Untracked 
|  80|0x0000000714400000, 0x0000000714400000, 0x0000000714600000|  0%| F|  |TAMS 0x0000000714400000, 0x0000000714400000| Untracked 
|  81|0x0000000714600000, 0x0000000714600000, 0x0000000714800000|  0%| F|  |TAMS 0x0000000714600000, 0x0000000714600000| Untracked 
|  82|0x0000000714800000, 0x0000000714800000, 0x0000000714a00000|  0%| F|  |TAMS 0x0000000714800000, 0x0000000714800000| Untracked 
|  83|0x0000000714a00000, 0x0000000714a00000, 0x0000000714c00000|  0%| F|  |TAMS 0x0000000714a00000, 0x0000000714a00000| Untracked 
|  84|0x0000000714c00000, 0x0000000714c00000, 0x0000000714e00000|  0%| F|  |TAMS 0x0000000714c00000, 0x0000000714c00000| Untracked 
|  85|0x0000000714e00000, 0x0000000714e00000, 0x0000000715000000|  0%| F|  |TAMS 0x0000000714e00000, 0x0000000714e00000| Untracked 
|  86|0x0000000715000000, 0x0000000715000000, 0x0000000715200000|  0%| F|  |TAMS 0x0000000715000000, 0x0000000715000000| Untracked 
|  87|0x0000000715200000, 0x0000000715200000, 0x0000000715400000|  0%| F|  |TAMS 0x0000000715200000, 0x0000000715200000| Untracked 
|  88|0x0000000715400000, 0x0000000715400000, 0x0000000715600000|  0%| F|  |TAMS 0x0000000715400000, 0x0000000715400000| Untracked 
|  89|0x0000000715600000, 0x0000000715600000, 0x0000000715800000|  0%| F|  |TAMS 0x0000000715600000, 0x0000000715600000| Untracked 
|  90|0x0000000715800000, 0x0000000715800000, 0x0000000715a00000|  0%| F|  |TAMS 0x0000000715800000, 0x0000000715800000| Untracked 
|  91|0x0000000715a00000, 0x0000000715a00000, 0x0000000715c00000|  0%| F|  |TAMS 0x0000000715a00000, 0x0000000715a00000| Untracked 
|  92|0x0000000715c00000, 0x0000000715c00000, 0x0000000715e00000|  0%| F|  |TAMS 0x0000000715c00000, 0x0000000715c00000| Untracked 
|  93|0x0000000715e00000, 0x0000000715e00000, 0x0000000716000000|  0%| F|  |TAMS 0x0000000715e00000, 0x0000000715e00000| Untracked 
|  94|0x0000000716000000, 0x0000000716000000, 0x0000000716200000|  0%| F|  |TAMS 0x0000000716000000, 0x0000000716000000| Untracked 
|  95|0x0000000716200000, 0x0000000716200000, 0x0000000716400000|  0%| F|  |TAMS 0x0000000716200000, 0x0000000716200000| Untracked 
|  96|0x0000000716400000, 0x0000000716400000, 0x0000000716600000|  0%| F|  |TAMS 0x0000000716400000, 0x0000000716400000| Untracked 
|  97|0x0000000716600000, 0x0000000716600000, 0x0000000716800000|  0%| F|  |TAMS 0x0000000716600000, 0x0000000716600000| Untracked 
|  98|0x0000000716800000, 0x0000000716800000, 0x0000000716a00000|  0%| F|  |TAMS 0x0000000716800000, 0x0000000716800000| Untracked 
|  99|0x0000000716a00000, 0x0000000716a00000, 0x0000000716c00000|  0%| F|  |TAMS 0x0000000716a00000, 0x0000000716a00000| Untracked 
| 100|0x0000000716c00000, 0x0000000716c00000, 0x0000000716e00000|  0%| F|  |TAMS 0x0000000716c00000, 0x0000000716c00000| Untracked 
| 101|0x0000000716e00000, 0x0000000716e00000, 0x0000000717000000|  0%| F|  |TAMS 0x0000000716e00000, 0x0000000716e00000| Untracked 
| 102|0x0000000717000000, 0x0000000717000000, 0x0000000717200000|  0%| F|  |TAMS 0x0000000717000000, 0x0000000717000000| Untracked 
| 103|0x0000000717200000, 0x0000000717200000, 0x0000000717400000|  0%| F|  |TAMS 0x0000000717200000, 0x0000000717200000| Untracked 
| 104|0x0000000717400000, 0x0000000717400000, 0x0000000717600000|  0%| F|  |TAMS 0x0000000717400000, 0x0000000717400000| Untracked 
| 105|0x0000000717600000, 0x000000071765f320, 0x0000000717800000| 18%| S|CS|TAMS 0x0000000717600000, 0x0000000717600000| Complete 
| 106|0x0000000717800000, 0x0000000717a00000, 0x0000000717a00000|100%| S|CS|TAMS 0x0000000717800000, 0x0000000717800000| Complete 
| 107|0x0000000717a00000, 0x0000000717a00000, 0x0000000717c00000|  0%| F|  |TAMS 0x0000000717a00000, 0x0000000717a00000| Untracked 
| 108|0x0000000717c00000, 0x0000000717c00000, 0x0000000717e00000|  0%| F|  |TAMS 0x0000000717c00000, 0x0000000717c00000| Untracked 
| 109|0x0000000717e00000, 0x0000000717e00000, 0x0000000718000000|  0%| F|  |TAMS 0x0000000717e00000, 0x0000000717e00000| Untracked 
| 110|0x0000000718000000, 0x0000000718000000, 0x0000000718200000|  0%| F|  |TAMS 0x0000000718000000, 0x0000000718000000| Untracked 
| 111|0x0000000718200000, 0x0000000718200000, 0x0000000718400000|  0%| F|  |TAMS 0x0000000718200000, 0x0000000718200000| Untracked 
| 112|0x0000000718400000, 0x0000000718400000, 0x0000000718600000|  0%| F|  |TAMS 0x0000000718400000, 0x0000000718400000| Untracked 
| 113|0x0000000718600000, 0x0000000718600000, 0x0000000718800000|  0%| F|  |TAMS 0x0000000718600000, 0x0000000718600000| Untracked 
| 114|0x0000000718800000, 0x0000000718800000, 0x0000000718a00000|  0%| F|  |TAMS 0x0000000718800000, 0x0000000718800000| Untracked 
| 115|0x0000000718a00000, 0x0000000718a00000, 0x0000000718c00000|  0%| F|  |TAMS 0x0000000718a00000, 0x0000000718a00000| Untracked 
| 116|0x0000000718c00000, 0x0000000718c00000, 0x0000000718e00000|  0%| F|  |TAMS 0x0000000718c00000, 0x0000000718c00000| Untracked 
| 117|0x0000000718e00000, 0x0000000718e00000, 0x0000000719000000|  0%| F|  |TAMS 0x0000000718e00000, 0x0000000718e00000| Untracked 
| 118|0x0000000719000000, 0x0000000719200000, 0x0000000719200000|100%| E|  |TAMS 0x0000000719000000, 0x0000000719000000| Complete 
| 119|0x0000000719200000, 0x0000000719400000, 0x0000000719400000|100%| E|CS|TAMS 0x0000000719200000, 0x0000000719200000| Complete 
| 120|0x0000000719400000, 0x0000000719600000, 0x0000000719600000|100%| E|CS|TAMS 0x0000000719400000, 0x0000000719400000| Complete 
| 121|0x0000000719600000, 0x0000000719800000, 0x0000000719800000|100%| E|CS|TAMS 0x0000000719600000, 0x0000000719600000| Complete 
| 122|0x0000000719800000, 0x0000000719a00000, 0x0000000719a00000|100%| E|CS|TAMS 0x0000000719800000, 0x0000000719800000| Complete 

Card table byte_map: [0x000002037d260000,0x000002037da10000] _byte_map_base: 0x0000020379a0e000

Marking Bits (Prev, Next): (CMBitMap*) 0x00000203657716f0, (CMBitMap*) 0x0000020365771730
 Prev Bits: [0x0000020300000000, 0x0000020303d70000)
 Next Bits: [0x0000020303d70000, 0x0000020307ae0000)

Polling page: 0x00000203636c0000

Metaspace:

Usage:
  Non-class:     12.75 MB used.
      Class:      1.79 MB used.
       Both:     14.54 MB used.

Virtual space:
  Non-class space:       64.00 MB reserved,      12.81 MB ( 20%) committed,  1 nodes.
      Class space:        1.00 GB reserved,       1.94 MB ( <1%) committed,  1 nodes.
             Both:        1.06 GB reserved,      14.75 MB (  1%) committed. 

Chunk freelists:
   Non-Class:  3.05 MB
       Class:  14.05 MB
        Both:  17.09 MB

MaxMetaspaceSize: unlimited
CompressedClassSpaceSize: 1.00 GB
Initial GC threshold: 21.00 MB
Current GC threshold: 21.00 MB
CDS: on
MetaspaceReclaimPolicy: balanced
 - commit_granule_bytes: 65536.
 - commit_granule_words: 8192.
 - virtual_space_node_default_size: 8388608.
 - enlarge_chunks_in_place: 1.
 - new_chunks_are_fully_committed: 0.
 - uncommit_free_chunks: 1.
 - use_allocation_guard: 0.
 - handle_deallocations: 1.


Internal statistics:

num_allocs_failed_limit: 0.
num_arena_births: 186.
num_arena_deaths: 0.
num_vsnodes_births: 2.
num_vsnodes_deaths: 0.
num_space_committed: 236.
num_space_uncommitted: 0.
num_chunks_returned_to_freelist: 0.
num_chunks_taken_from_freelist: 637.
num_chunk_merges: 0.
num_chunk_splits: 464.
num_chunks_enlarged: 371.
num_inconsistent_stats: 0.

CodeHeap 'non-profiled nmethods': size=119168Kb used=659Kb max_used=659Kb free=118508Kb
 bounds [0x0000020374dd0000, 0x0000020375040000, 0x000002037c230000]
CodeHeap 'profiled nmethods': size=119104Kb used=3979Kb max_used=3979Kb free=115124Kb
 bounds [0x000002036d230000, 0x000002036d620000, 0x0000020374680000]
CodeHeap 'non-nmethods': size=7488Kb used=2888Kb max_used=2906Kb free=4599Kb
 bounds [0x0000020374680000, 0x0000020374960000, 0x0000020374dd0000]
 total_blobs=2544 nmethods=2046 adapters=407
 compilation: enabled
              stopped_count=0, restarted_count=0
 full_count=0

Compilation events (20 events):
Event: 0.844 Thread 0x0000020309b1c8e0 2029       3       jdk.internal.org.objectweb.asm.MethodVisitor::visitEnd (15 bytes)
Event: 0.844 Thread 0x0000020309c530d0 nmethod 2028 0x000002036d5fe210 code [0x000002036d5fe3c0, 0x000002036d5fe5c8]
Event: 0.844 Thread 0x000002034fc2c260 nmethod 2027 0x000002036d5fe690 code [0x000002036d5fe860, 0x000002036d5fed28]
Event: 0.844 Thread 0x0000020309b1c8e0 nmethod 2029 0x000002036d5fee90 code [0x000002036d5ff040, 0x000002036d5ff248]
Event: 0.844 Thread 0x000002034fc2c260 2030       3       java.util.HashSet::contains (9 bytes)
Event: 0.844 Thread 0x000002034fc2c260 nmethod 2030 0x000002036d5ff310 code [0x000002036d5ff4c0, 0x000002036d5ff6a8]
Event: 0.845 Thread 0x000002034fc2c260 2031   !   3       java.util.zip.ZipFile::getEntry (59 bytes)
Event: 0.845 Thread 0x0000020309c40280 2032   !   3       jdk.internal.loader.URLClassPath$JarLoader::getResource (65 bytes)
Event: 0.846 Thread 0x0000020309b1c8e0 2033   !   3       java.util.zip.ZipFile$Source::getEntryPos (195 bytes)
Event: 0.846 Thread 0x0000020309c530d0 2034       3       java.util.zip.ZipCoder::hash (36 bytes)
Event: 0.846 Thread 0x000002034fc2c260 nmethod 2031 0x000002036d5ff790 code [0x000002036d5ff980, 0x000002036d5ffdf8]
Event: 0.846 Thread 0x0000020309c40280 nmethod 2032 0x000002036d600090 code [0x000002036d6002e0, 0x000002036d600d28]
Event: 0.847 Thread 0x0000020309c530d0 nmethod 2034 0x000002036d601090 code [0x000002036d6012a0, 0x000002036d6019a8]
Event: 0.847 Thread 0x0000020309b1c8e0 nmethod 2033 0x000002036d601c90 code [0x000002036d601fa0, 0x000002036d6030d8]
Event: 0.847 Thread 0x0000020309b1c8e0 2035       3       java.lang.StringBuilder::append (8 bytes)
Event: 0.848 Thread 0x0000020309b1c8e0 nmethod 2035 0x000002036d603b10 code [0x000002036d603ca0, 0x000002036d603de8]
Event: 0.848 Thread 0x000002034fc2f230 nmethod 2001 0x0000020374e73190 code [0x0000020374e73340, 0x0000020374e73ee8]
Event: 0.848 Thread 0x000002034fc2f230 2007       4       jdk.internal.misc.Unsafe::allocateUninitializedArray (55 bytes)
Event: 0.848 Thread 0x000002034fc2c260 2036       3       java.util.ArrayDeque::poll (5 bytes)
Event: 0.849 Thread 0x000002034fc2c260 nmethod 2036 0x000002036d603e90 code [0x000002036d604020, 0x000002036d6041e8]

GC Heap History (4 events):
Event: 0.489 GC heap before
{Heap before GC invocations=0 (full 0):
 garbage-first heap   total 251904K, used 20480K [0x000000070a400000, 0x0000000800000000)
  region size 2048K, 11 young (22528K), 0 survivors (0K)
 Metaspace       used 5882K, committed 6016K, reserved 1114112K
  class space    used 681K, committed 768K, reserved 1048576K
}
Event: 0.493 GC heap after
{Heap after GC invocations=1 (full 0):
 garbage-first heap   total 251904K, used 6481K [0x000000070a400000, 0x0000000800000000)
  region size 2048K, 2 young (4096K), 2 survivors (4096K)
 Metaspace       used 5882K, committed 6016K, reserved 1114112K
  class space    used 681K, committed 768K, reserved 1048576K
}
Event: 0.789 GC heap before
{Heap before GC invocations=1 (full 0):
 garbage-first heap   total 251904K, used 33105K [0x000000070a400000, 0x0000000800000000)
  region size 2048K, 16 young (32768K), 2 survivors (4096K)
 Metaspace       used 13024K, committed 13184K, reserved 1114112K
  class space    used 1568K, committed 1664K, reserved 1048576K
}
Event: 0.793 GC heap after
{Heap after GC invocations=2 (full 0):
 garbage-first heap   total 251904K, used 9642K [0x000000070a400000, 0x0000000800000000)
  region size 2048K, 2 young (4096K), 2 survivors (4096K)
 Metaspace       used 13024K, committed 13184K, reserved 1114112K
  class space    used 1568K, committed 1664K, reserved 1048576K
}

Dll operation events (10 events):
Event: 0.009 Loaded shared library C:\Users\yojah\.jdks\corretto-17.0.13\bin\java.dll
Event: 0.024 Loaded shared library C:\Users\yojah\.jdks\corretto-17.0.13\bin\jsvml.dll
Event: 0.102 Loaded shared library C:\Users\yojah\.jdks\corretto-17.0.13\bin\zip.dll
Event: 0.104 Loaded shared library C:\Users\yojah\.jdks\corretto-17.0.13\bin\instrument.dll
Event: 0.108 Loaded shared library C:\Users\yojah\.jdks\corretto-17.0.13\bin\net.dll
Event: 0.109 Loaded shared library C:\Users\yojah\.jdks\corretto-17.0.13\bin\nio.dll
Event: 0.111 Loaded shared library C:\Users\yojah\.jdks\corretto-17.0.13\bin\zip.dll
Event: 0.176 Loaded shared library C:\Program Files\JetBrains\IntelliJ IDEA Community Edition 2024.2.3\bin\breakgen64.dll
Event: 0.185 Loaded shared library C:\Users\yojah\.jdks\corretto-17.0.13\bin\extnet.dll
Event: 0.203 Loaded shared library C:\Users\yojah\.jdks\corretto-17.0.13\bin\jimage.dll

Deoptimization events (20 events):
Event: 0.845 Thread 0x0000020365705f40 Uncommon trap: trap_request=0xffffff45 fr.pc=0x0000020374e250c4 relative=0x0000000000002aa4
Event: 0.845 Thread 0x0000020365705f40 Uncommon trap: reason=unstable_if action=reinterpret pc=0x0000020374e250c4 method=java.util.zip.ZipCoder.hash(Ljava/lang/String;)I @ 23 c2
Event: 0.845 Thread 0x0000020365705f40 DEOPT PACKING pc=0x0000020374e250c4 sp=0x000000af277fdeb0
Event: 0.845 Thread 0x0000020365705f40 DEOPT UNPACKING pc=0x00000203746d69a3 sp=0x000000af277fdc20 mode 2
Event: 0.845 Thread 0x0000020365705f40 Uncommon trap: trap_request=0xffffff45 fr.pc=0x0000020374e19b38 relative=0x0000000000000fd8
Event: 0.845 Thread 0x0000020365705f40 Uncommon trap: reason=unstable_if action=reinterpret pc=0x0000020374e19b38 method=java.util.zip.ZipCoder.hash(Ljava/lang/String;)I @ 23 c2
Event: 0.845 Thread 0x0000020365705f40 DEOPT PACKING pc=0x0000020374e19b38 sp=0x000000af277fdd50
Event: 0.845 Thread 0x0000020365705f40 DEOPT UNPACKING pc=0x00000203746d69a3 sp=0x000000af277fdbf8 mode 2
Event: 0.845 Thread 0x0000020365705f40 Uncommon trap: trap_request=0xffffff45 fr.pc=0x0000020374e1443c relative=0x00000000000005dc
Event: 0.845 Thread 0x0000020365705f40 Uncommon trap: reason=unstable_if action=reinterpret pc=0x0000020374e1443c method=java.util.zip.ZipCoder.hash(Ljava/lang/String;)I @ 23 c2
Event: 0.845 Thread 0x0000020365705f40 DEOPT PACKING pc=0x0000020374e1443c sp=0x000000af277fdcd0
Event: 0.845 Thread 0x0000020365705f40 DEOPT UNPACKING pc=0x00000203746d69a3 sp=0x000000af277fdbe8 mode 2
Event: 0.845 Thread 0x0000020365705f40 Uncommon trap: trap_request=0xffffff45 fr.pc=0x0000020374df92d8 relative=0x0000000000000238
Event: 0.845 Thread 0x0000020365705f40 Uncommon trap: reason=unstable_if action=reinterpret pc=0x0000020374df92d8 method=java.util.zip.ZipCoder.hash(Ljava/lang/String;)I @ 23 c2
Event: 0.845 Thread 0x0000020365705f40 DEOPT PACKING pc=0x0000020374df92d8 sp=0x000000af277fdc50
Event: 0.845 Thread 0x0000020365705f40 DEOPT UNPACKING pc=0x00000203746d69a3 sp=0x000000af277fdbe8 mode 2
Event: 0.847 Thread 0x0000020365705f40 Uncommon trap: trap_request=0xffffff45 fr.pc=0x0000020374deb940 relative=0x0000000000000040
Event: 0.847 Thread 0x0000020365705f40 Uncommon trap: reason=unstable_if action=reinterpret pc=0x0000020374deb940 method=sun.nio.fs.WindowsPathParser.isSlash(C)Z @ 9 c2
Event: 0.847 Thread 0x0000020365705f40 DEOPT PACKING pc=0x0000020374deb940 sp=0x000000af277fdf30
Event: 0.847 Thread 0x0000020365705f40 DEOPT UNPACKING pc=0x00000203746d69a3 sp=0x000000af277fdeb8 mode 2

Classes loaded (20 events):
Event: 0.835 Loading class java/util/Collections$ReverseComparator
Event: 0.835 Loading class java/util/Collections$ReverseComparator done
Event: 0.836 Loading class java/util/Comparators$NaturalOrderComparator
Event: 0.836 Loading class java/util/Comparators$NaturalOrderComparator done
Event: 0.836 Loading class java/util/Collections$ReverseComparator2
Event: 0.836 Loading class java/util/Collections$ReverseComparator2 done
Event: 0.836 Loading class java/util/stream/SortedOps
Event: 0.836 Loading class java/util/stream/SortedOps done
Event: 0.836 Loading class java/util/stream/SortedOps$OfRef
Event: 0.836 Loading class java/util/stream/SortedOps$OfRef done
Event: 0.837 Loading class java/util/stream/SortedOps$RefSortingSink
Event: 0.837 Loading class java/util/stream/SortedOps$AbstractRefSortingSink
Event: 0.837 Loading class java/util/stream/SortedOps$AbstractRefSortingSink done
Event: 0.837 Loading class java/util/stream/SortedOps$RefSortingSink done
Event: 0.847 Loading class java/nio/file/AccessMode
Event: 0.848 Loading class java/nio/file/AccessMode done
Event: 0.848 Loading class sun/nio/fs/WindowsDirectoryStream
Event: 0.848 Loading class java/nio/file/DirectoryStream
Event: 0.848 Loading class java/nio/file/DirectoryStream done
Event: 0.848 Loading class sun/nio/fs/WindowsDirectoryStream done

Classes unloaded (0 events):
No events

Classes redefined (0 events):
No events

Internal exceptions (20 events):
Event: 0.538 Thread 0x0000020365705f40 Exception <a 'java/lang/NoSuchMethodError'{0x0000000719730408}: 'java.lang.Object java.lang.invoke.DirectMethodHandle$Holder.newInvokeSpecial(java.lang.Object, java.lang.Object, java.lang.Object, java.lang.Object, java.lang.Object, java.lang.Object, int)'> (0x0000000719730408) 
thrown [s\src\hotspot\share\interpreter\linkResolver.cpp, line 759]
Event: 0.538 Thread 0x0000020365705f40 Exception <a 'java/lang/NoSuchMethodError'{0x0000000719735448}: 'java.lang.Object java.lang.invoke.DirectMethodHandle$Holder.invokeSpecial(java.lang.Object, java.lang.Object, java.lang.Object, java.lang.Object, java.lang.Object, java.lang.Object, java.lang.Object, int)'> (0x0000000719735448) 
thrown [s\src\hotspot\share\interpreter\linkResolver.cpp, line 759]
Event: 0.560 Thread 0x0000020365705f40 Exception <a 'java/lang/NoSuchMethodError'{0x00000007194acc10}: 'int java.lang.invoke.DirectMethodHandle$Holder.invokeInterface(java.lang.Object, java.lang.Object)'> (0x00000007194acc10) 
thrown [s\src\hotspot\share\interpreter\linkResolver.cpp, line 759]
Event: 0.563 Thread 0x0000020365705f40 Exception <a 'java/lang/NoSuchMethodError'{0x00000007194d27e0}: 'void java.lang.invoke.DirectMethodHandle$Holder.invokeSpecial(java.lang.Object, java.lang.Object, java.lang.Object, java.lang.Object, java.lang.Object)'> (0x00000007194d27e0) 
thrown [s\src\hotspot\share\interpreter\linkResolver.cpp, line 759]
Event: 0.580 Thread 0x0000020365705f40 Exception <a 'java/lang/NoSuchMethodError'{0x00000007195b1a18}: 'java.lang.Object java.lang.invoke.DirectMethodHandle$Holder.invokeSpecial(java.lang.Object, java.lang.Object, java.lang.Object, int, java.lang.Object)'> (0x00000007195b1a18) 
thrown [s\src\hotspot\share\interpreter\linkResolver.cpp, line 759]
Event: 0.580 Thread 0x0000020365705f40 Exception <a 'java/lang/NoSuchMethodError'{0x00000007195ba078}: 'java.lang.Object java.lang.invoke.DirectMethodHandle$Holder.newInvokeSpecial(java.lang.Object, java.lang.Object, java.lang.Object, int, java.lang.Object)'> (0x00000007195ba078) 
thrown [s\src\hotspot\share\interpreter\linkResolver.cpp, line 759]
Event: 0.581 Thread 0x0000020365705f40 Exception <a 'java/lang/NoSuchMethodError'{0x00000007195c1a48}: 'java.lang.Object java.lang.invoke.Invokers$Holder.linkToTargetMethod(java.lang.Object, java.lang.Object, int, java.lang.Object, java.lang.Object)'> (0x00000007195c1a48) 
thrown [s\src\hotspot\share\interpreter\linkResolver.cpp, line 759]
Event: 0.581 Thread 0x0000020365705f40 Exception <a 'java/lang/NoSuchMethodError'{0x00000007195d08b8}: 'java.lang.Object java.lang.invoke.DirectMethodHandle$Holder.newInvokeSpecial(java.lang.Object, int, java.lang.Object)'> (0x00000007195d08b8) 
thrown [s\src\hotspot\share\interpreter\linkResolver.cpp, line 759]
Event: 0.582 Thread 0x0000020365705f40 Exception <a 'java/lang/NoSuchMethodError'{0x00000007195d5598}: 'int java.lang.invoke.DirectMethodHandle$Holder.invokeSpecialIFC(java.lang.Object, java.lang.Object, java.lang.Object, java.lang.Object)'> (0x00000007195d5598) 
thrown [s\src\hotspot\share\interpreter\linkResolver.cpp, line 759]
Event: 0.597 Thread 0x0000020365705f40 Exception <a 'java/lang/NoSuchMethodError'{0x00000007192a66d8}: 'void java.lang.invoke.DirectMethodHandle$Holder.invokeInterface(java.lang.Object, java.lang.Object, java.lang.Object)'> (0x00000007192a66d8) 
thrown [s\src\hotspot\share\interpreter\linkResolver.cpp, line 759]
Event: 0.608 Thread 0x0000020365705f40 Exception <a 'java/lang/NoSuchMethodError'{0x0000000719331f18}: 'void java.lang.invoke.DirectMethodHandle$Holder.invokeStaticInit(java.lang.Object, java.lang.Object, java.lang.Object)'> (0x0000000719331f18) 
thrown [s\src\hotspot\share\interpreter\linkResolver.cpp, line 759]
Event: 0.612 Thread 0x0000020365705f40 Exception <a 'java/lang/NoSuchMethodError'{0x0000000719377598}: 'java.lang.Object java.lang.invoke.DirectMethodHandle$Holder.invokeStatic(java.lang.Object, java.lang.Object, long, java.lang.Object)'> (0x0000000719377598) 
thrown [s\src\hotspot\share\interpreter\linkResolver.cpp, line 759]
Event: 0.612 Thread 0x0000020365705f40 Exception <a 'java/lang/NoSuchMethodError'{0x000000071937b030}: 'java.lang.Object java.lang.invoke.DirectMethodHandle$Holder.invokeStaticInit(java.lang.Object, java.lang.Object, long, java.lang.Object)'> (0x000000071937b030) 
thrown [s\src\hotspot\share\interpreter\linkResolver.cpp, line 759]
Event: 0.612 Thread 0x0000020365705f40 Exception <a 'java/lang/NoSuchMethodError'{0x0000000719381770}: 'java.lang.Object java.lang.invoke.DirectMethodHandle$Holder.newInvokeSpecial(java.lang.Object, java.lang.Object, long)'> (0x0000000719381770) 
thrown [s\src\hotspot\share\interpreter\linkResolver.cpp, line 759]
Event: 0.612 Thread 0x0000020365705f40 Exception <a 'java/lang/NoSuchMethodError'{0x00000007193852e0}: 'java.lang.Object java.lang.invoke.Invokers$Holder.linkToTargetMethod(java.lang.Object, long, java.lang.Object)'> (0x00000007193852e0) 
thrown [s\src\hotspot\share\interpreter\linkResolver.cpp, line 759]
Event: 0.623 Thread 0x0000020365705f40 Exception <a 'java/lang/NoSuchMethodError'{0x00000007193e2f78}: 'void java.lang.invoke.DirectMethodHandle$Holder.invokeVirtual(java.lang.Object, java.lang.Object, java.lang.Object, java.lang.Object)'> (0x00000007193e2f78) 
thrown [s\src\hotspot\share\interpreter\linkResolver.cpp, line 759]
Event: 0.645 Thread 0x0000020365705f40 Exception <a 'java/lang/NoSuchMethodError'{0x000000071914d8e8}: 'void java.lang.invoke.DirectMethodHandle$Holder.invokeSpecial(java.lang.Object, java.lang.Object, java.lang.Object)'> (0x000000071914d8e8) 
thrown [s\src\hotspot\share\interpreter\linkResolver.cpp, line 759]
Event: 0.651 Thread 0x0000020365705f40 Exception <a 'java/lang/IncompatibleClassChangeError'{0x000000071917e580}: Found class java.lang.Object, but interface was expected> (0x000000071917e580) 
thrown [s\src\hotspot\share\interpreter\linkResolver.cpp, line 826]
Event: 0.842 Thread 0x0000020365705f40 Exception <a 'java/lang/NoSuchMethodError'{0x00000007192aec90}: 'java.lang.Object java.lang.invoke.DirectMethodHandle$Holder.invokeVirtual(java.lang.Object, java.lang.Object, java.lang.Object)'> (0x00000007192aec90) 
thrown [s\src\hotspot\share\interpreter\linkResolver.cpp, line 759]
Event: 0.848 Thread 0x0000020365705f40 Exception <a 'sun/nio/fs/WindowsException'{0x00000007192c8a90}> (0x00000007192c8a90) 
thrown [s\src\hotspot\share\prims\jni.cpp, line 516]

VM Operations (20 events):
Event: 0.283 Executing VM operation: HandshakeAllThreads
Event: 0.283 Executing VM operation: HandshakeAllThreads done
Event: 0.437 Executing VM operation: HandshakeAllThreads
Event: 0.437 Executing VM operation: HandshakeAllThreads done
Event: 0.489 Executing VM operation: G1CollectForAllocation
Event: 0.493 Executing VM operation: G1CollectForAllocation done
Event: 0.568 Executing VM operation: HandshakeAllThreads
Event: 0.568 Executing VM operation: HandshakeAllThreads done
Event: 0.643 Executing VM operation: HandshakeAllThreads
Event: 0.643 Executing VM operation: HandshakeAllThreads done
Event: 0.653 Executing VM operation: ICBufferFull
Event: 0.653 Executing VM operation: ICBufferFull done
Event: 0.737 Executing VM operation: HandshakeAllThreads
Event: 0.737 Executing VM operation: HandshakeAllThreads done
Event: 0.785 Executing VM operation: HandshakeAllThreads
Event: 0.785 Executing VM operation: HandshakeAllThreads done
Event: 0.789 Executing VM operation: G1CollectForAllocation
Event: 0.793 Executing VM operation: G1CollectForAllocation done
Event: 0.827 Executing VM operation: HandshakeAllThreads
Event: 0.828 Executing VM operation: HandshakeAllThreads done

Memory protections (0 events):
No events

Nmethod flushes (0 events):
No events

Events (19 events):
Event: 0.024 Thread 0x0000020365705f40 Thread added: 0x0000020365705f40
Event: 0.026 Thread 0x0000020365705f40 Thread added: 0x0000020309af5ec0
Event: 0.026 Thread 0x0000020365705f40 Thread added: 0x0000020309af6c90
Event: 0.033 Thread 0x0000020365705f40 Thread added: 0x0000020309b051a0
Event: 0.033 Thread 0x0000020365705f40 Thread added: 0x0000020309b05b60
Event: 0.033 Thread 0x0000020365705f40 Thread added: 0x0000020309b06520
Event: 0.033 Thread 0x0000020365705f40 Thread added: 0x0000020309b06ee0
Event: 0.033 Thread 0x0000020365705f40 Thread added: 0x0000020309b0b0d0
Event: 0.033 Thread 0x0000020365705f40 Thread added: 0x0000020309b1c8e0
Event: 0.033 Thread 0x0000020365705f40 Thread added: 0x0000020309b078a0
Event: 0.088 Thread 0x0000020365705f40 Thread added: 0x000002037ee5daa0
Event: 0.092 Thread 0x0000020309b1c8e0 Thread added: 0x0000020309c40280
Event: 0.094 Thread 0x0000020309b1c8e0 Thread added: 0x0000020309c530d0
Event: 0.098 Thread 0x0000020309c40280 Thread added: 0x0000020309ca7390
Event: 0.176 Thread 0x0000020365705f40 Thread added: 0x000002034f1b8fe0
Event: 0.177 Thread 0x0000020365705f40 Thread added: 0x0000020309ed8e80
Event: 0.308 Thread 0x0000020309b1c8e0 Thread added: 0x000002034fc2f230
Event: 0.647 Thread 0x0000020365705f40 Thread added: 0x000002034ffa8d50
Event: 0.728 Thread 0x0000020309c40280 Thread added: 0x000002034fc2c260


Dynamic libraries:
0x00007ff7e5100000 - 0x00007ff7e510e000 	C:\Users\yojah\.jdks\corretto-17.0.13\bin\java.exe
0x00007ff87b090000 - 0x00007ff87b2a7000 	C:\WINDOWS\SYSTEM32\ntdll.dll
0x00007ff879bc0000 - 0x00007ff879c84000 	C:\WINDOWS\System32\KERNEL32.DLL
0x00007ff8784f0000 - 0x00007ff8788a9000 	C:\WINDOWS\System32\KERNELBASE.dll
0x00007ff878a00000 - 0x00007ff878b11000 	C:\WINDOWS\System32\ucrtbase.dll
0x00007ff870f70000 - 0x00007ff870f8b000 	C:\Users\yojah\.jdks\corretto-17.0.13\bin\VCRUNTIME140.dll
0x00007ff86ca40000 - 0x00007ff86ca57000 	C:\Users\yojah\.jdks\corretto-17.0.13\bin\jli.dll
0x00007ff879640000 - 0x00007ff8797ee000 	C:\WINDOWS\System32\USER32.dll
0x00007ff866a10000 - 0x00007ff866ca2000 	C:\WINDOWS\WinSxS\amd64_microsoft.windows.common-controls_6595b64144ccf1df_6.0.22621.4391_none_2715d37f73803e96\COMCTL32.dll
0x00007ff878930000 - 0x00007ff878956000 	C:\WINDOWS\System32\win32u.dll
0x00007ff879880000 - 0x00007ff879927000 	C:\WINDOWS\System32\msvcrt.dll
0x00007ff8795b0000 - 0x00007ff8795d9000 	C:\WINDOWS\System32\GDI32.dll
0x00007ff878c90000 - 0x00007ff878dab000 	C:\WINDOWS\System32\gdi32full.dll
0x00007ff878960000 - 0x00007ff8789fa000 	C:\WINDOWS\System32\msvcp_win.dll
0x00007ff878f30000 - 0x00007ff878f61000 	C:\WINDOWS\System32\IMM32.DLL
0x00007ff86ca30000 - 0x00007ff86ca3c000 	C:\Users\yojah\.jdks\corretto-17.0.13\bin\vcruntime140_1.dll
0x00007ff867590000 - 0x00007ff86761d000 	C:\Users\yojah\.jdks\corretto-17.0.13\bin\msvcp140.dll
0x00007fffd3b90000 - 0x00007fffd47fc000 	C:\Users\yojah\.jdks\corretto-17.0.13\bin\server\jvm.dll
0x00007ff879160000 - 0x00007ff879212000 	C:\WINDOWS\System32\ADVAPI32.dll
0x00007ff879c90000 - 0x00007ff879d37000 	C:\WINDOWS\System32\sechost.dll
0x00007ff878450000 - 0x00007ff878478000 	C:\WINDOWS\System32\bcrypt.dll
0x00007ff879a30000 - 0x00007ff879b44000 	C:\WINDOWS\System32\RPCRT4.dll
0x00007ff878eb0000 - 0x00007ff878f21000 	C:\WINDOWS\System32\WS2_32.dll
0x00007ff8771f0000 - 0x00007ff87723d000 	C:\WINDOWS\SYSTEM32\POWRPROF.dll
0x00007ff873e50000 - 0x00007ff873e5a000 	C:\WINDOWS\SYSTEM32\VERSION.dll
0x00007ff873a90000 - 0x00007ff873ac4000 	C:\WINDOWS\SYSTEM32\WINMM.dll
0x00007ff8771d0000 - 0x00007ff8771e3000 	C:\WINDOWS\SYSTEM32\UMPDC.dll
0x00007ff877490000 - 0x00007ff8774a8000 	C:\WINDOWS\SYSTEM32\kernel.appcore.dll
0x00007ff8679f0000 - 0x00007ff8679fa000 	C:\Users\yojah\.jdks\corretto-17.0.13\bin\jimage.dll
0x00007ff8704f0000 - 0x00007ff870722000 	C:\WINDOWS\SYSTEM32\DBGHELP.DLL
0x00007ff879220000 - 0x00007ff8795af000 	C:\WINDOWS\System32\combase.dll
0x00007ff87a780000 - 0x00007ff87a857000 	C:\WINDOWS\System32\OLEAUT32.dll
0x00007ff86d4f0000 - 0x00007ff86d522000 	C:\WINDOWS\SYSTEM32\dbgcore.DLL
0x00007ff8788b0000 - 0x00007ff87892b000 	C:\WINDOWS\System32\bcryptPrimitives.dll
0x00007ff867270000 - 0x00007ff86727e000 	C:\Users\yojah\.jdks\corretto-17.0.13\bin\instrument.dll
0x00007ff867470000 - 0x00007ff867495000 	C:\Users\yojah\.jdks\corretto-17.0.13\bin\java.dll
0x00007fffed910000 - 0x00007fffed9e7000 	C:\Users\yojah\.jdks\corretto-17.0.13\bin\jsvml.dll
0x00007ff879f00000 - 0x00007ff87a776000 	C:\WINDOWS\System32\SHELL32.dll
0x00007ff876280000 - 0x00007ff876b83000 	C:\WINDOWS\SYSTEM32\windows.storage.dll
0x00007ff876140000 - 0x00007ff87627f000 	C:\WINDOWS\SYSTEM32\wintypes.dll
0x00007ff878db0000 - 0x00007ff878ea9000 	C:\WINDOWS\System32\SHCORE.dll
0x00007ff879b50000 - 0x00007ff879bae000 	C:\WINDOWS\System32\shlwapi.dll
0x00007ff8782c0000 - 0x00007ff8782eb000 	C:\WINDOWS\SYSTEM32\profapi.dll
0x00007ff867450000 - 0x00007ff867468000 	C:\Users\yojah\.jdks\corretto-17.0.13\bin\zip.dll
0x00007ff8678f0000 - 0x00007ff867909000 	C:\Users\yojah\.jdks\corretto-17.0.13\bin\net.dll
0x00007ff874f70000 - 0x00007ff8750a6000 	C:\WINDOWS\SYSTEM32\WINHTTP.dll
0x00007ff877920000 - 0x00007ff877989000 	C:\WINDOWS\system32\mswsock.dll
0x00007ff867570000 - 0x00007ff867586000 	C:\Users\yojah\.jdks\corretto-17.0.13\bin\nio.dll
0x00007ff867230000 - 0x00007ff86724a000 	C:\Program Files\JetBrains\IntelliJ IDEA Community Edition 2024.2.3\bin\breakgen64.dll
0x00007ff867250000 - 0x00007ff867259000 	C:\Users\yojah\.jdks\corretto-17.0.13\bin\extnet.dll

dbghelp: loaded successfully - version: 4.0.5 - missing functions: none
symbol engine: initialized successfully - sym options: 0x614 - pdb path: .;C:\Users\yojah\.jdks\corretto-17.0.13\bin;C:\WINDOWS\SYSTEM32;C:\WINDOWS\WinSxS\amd64_microsoft.windows.common-controls_6595b64144ccf1df_6.0.22621.4391_none_2715d37f73803e96;C:\Users\yojah\.jdks\corretto-17.0.13\bin\server;C:\Program Files\JetBrains\IntelliJ IDEA Community Edition 2024.2.3\bin

VM Arguments:
jvm_args: -javaagent:C:\Program Files\JetBrains\IntelliJ IDEA Community Edition 2024.2.3\lib\idea_rt.jar=58955:C:\Program Files\JetBrains\IntelliJ IDEA Community Edition 2024.2.3\bin -Dfile.encoding=UTF-8 
java_command: com.customer.ApiCustomer.ApiCustomerApplication
java_class_path (initial): D:\Estudios_2024\Bootcamp-Java-Girl-Tech\Entregable-2\ApiCustomer\target\classes;C:\Users\yojah\.m2\repository\org\springframework\boot\spring-boot-starter-data-jpa\3.3.5\spring-boot-starter-data-jpa-3.3.5.jar;C:\Users\yojah\.m2\repository\org\springframework\boot\spring-boot-starter-aop\3.3.5\spring-boot-starter-aop-3.3.5.jar;C:\Users\yojah\.m2\repository\org\springframework\spring-aop\6.1.14\spring-aop-6.1.14.jar;C:\Users\yojah\.m2\repository\org\aspectj\aspectjweaver\1.9.22.1\aspectjweaver-1.9.22.1.jar;C:\Users\yojah\.m2\repository\org\springframework\boot\spring-boot-starter-jdbc\3.3.5\spring-boot-starter-jdbc-3.3.5.jar;C:\Users\yojah\.m2\repository\com\zaxxer\HikariCP\5.1.0\HikariCP-5.1.0.jar;C:\Users\yojah\.m2\repository\org\springframework\spring-jdbc\6.1.14\spring-jdbc-6.1.14.jar;C:\Users\yojah\.m2\repository\org\hibernate\orm\hibernate-core\6.5.3.Final\hibernate-core-6.5.3.Final.jar;C:\Users\yojah\.m2\repository\jakarta\persistence\jakarta.persistence-api\3.1.0\jakarta.persistence-api-3.1.0.jar;C:\Users\yojah\.m2\repository\jakarta\transaction\jakarta.transaction-api\2.0.1\jakarta.transaction-api-2.0.1.jar;C:\Users\yojah\.m2\repository\org\jboss\logging\jboss-logging\3.5.3.Final\jboss-logging-3.5.3.Final.jar;C:\Users\yojah\.m2\repository\org\hibernate\common\hibernate-commons-annotations\6.0.6.Final\hibernate-commons-annotations-6.0.6.Final.jar;C:\Users\yojah\.m2\repository\io\smallrye\jandex\3.1.2\jandex-3.1.2.jar;C:\Users\yojah\.m2\repository\net\bytebuddy\byte-buddy\1.14.19\byte-buddy-1.14.19.jar;C:\Users\yojah\.m2\repository\jakarta\xml\bind\jakarta.xml.bind-api\4.0.2\jakarta.xml.bind-api-4.0.2.jar;C:\Users\yojah\.m2\repository\jakarta\activation\jakarta.activation-api\2.1.3\jakarta.activation-api-2.1.3.jar;C:\Users\yojah\.m2\repository\org\glassfish\jaxb\jaxb-runtime\4.0.5\jaxb-runtime-4.0.5.jar;C:\Users\yojah\.m2\repository\org\glassfish\jaxb\jaxb-core\4.0.5\jaxb-core-4.0.5.jar;C:\Users\yojah\.m2\repository\org\eclipse\ang
Launcher Type: SUN_STANDARD

[Global flags]
     intx CICompilerCount                          = 12                                        {product} {ergonomic}
     uint ConcGCThreads                            = 3                                         {product} {ergonomic}
     uint G1ConcRefinementThreads                  = 13                                        {product} {ergonomic}
   size_t G1HeapRegionSize                         = 2097152                                   {product} {ergonomic}
    uintx GCDrainStackTargetSize                   = 64                                        {product} {ergonomic}
   size_t InitialHeapSize                          = 257949696                                 {product} {ergonomic}
   size_t MarkStackSize                            = 4194304                                   {product} {ergonomic}
   size_t MaxHeapSize                              = 4123000832                                {product} {ergonomic}
   size_t MaxNewSize                               = 2472542208                                {product} {ergonomic}
   size_t MinHeapDeltaBytes                        = 2097152                                   {product} {ergonomic}
   size_t MinHeapSize                              = 8388608                                   {product} {ergonomic}
    uintx NonNMethodCodeHeapSize                   = 7602480                                {pd product} {ergonomic}
    uintx NonProfiledCodeHeapSize                  = 122027880                              {pd product} {ergonomic}
    uintx ProfiledCodeHeapSize                     = 122027880                              {pd product} {ergonomic}
    uintx ReservedCodeCacheSize                    = 251658240                              {pd product} {ergonomic}
     bool SegmentedCodeCache                       = true                                      {product} {ergonomic}
   size_t SoftMaxHeapSize                          = 4123000832                             {manageable} {ergonomic}
     bool UseCompressedClassPointers               = true                           {product lp64_product} {ergonomic}
     bool UseCompressedOops                        = true                           {product lp64_product} {ergonomic}
     bool UseG1GC                                  = true                                      {product} {ergonomic}
     bool UseLargePagesIndividualAllocation        = false                                  {pd product} {ergonomic}

Logging:
Log output configuration:
 #0: stdout all=warning uptime,level,tags
 #1: stderr all=off uptime,level,tags

Environment Variables:
JAVA_HOME=C:\Program Files\Java\jdk-17
PATH=C:\Program Files\Common Files\Oracle\Java\javapath;C:\Windows\system32;C:\Windows;C:\Windows\System32\Wbem;C:\Windows\System32\WindowsPowerShell\v1.0\;C:\Windows\System32\OpenSSH\;C:\Program Files (x86)\NVIDIA Corporation\PhysX\Common;C:\Program Files\NVIDIA Corporation\NVIDIA NvDLISR;C:\Program Files\dotnet\;C:\Program Files\Microsoft SQL Server\Client SDK\ODBC\170\Tools\Binn\;C:\Program Files (x86)\Microsoft SQL Server\150\Tools\Binn\;C:\Program Files\Microsoft SQL Server\150\Tools\Binn\;C:\Program Files\Microsoft SQL Server\150\DTS\Binn\;C:\Program Files (x86)\Microsoft SQL Server\150\DTS\Binn\;C:\Program Files\Azure Data Studio\bin;C:\WINDOWS\system32;C:\WINDOWS;C:\WINDOWS\System32\Wbem;C:\WINDOWS\System32\WindowsPowerShell\v1.0\;C:\WINDOWS\System32\OpenSSH\;C:\Program Files\nodejs\;C:\Program Files\Git\cmd;C:\tools\apache-maven-3.9.9\bin;C:\Program Files\Java\jdk-17\bin;C:\Users\yojah\AppData\Local\Programs\Python\Python312\;C:\Users\yojah\AppData\Local\Programs\Python\Python312\Scripts;C:\Users\yojah\AppData\Local\Programs\Python\Launcher\;C:\Users\yojah\AppData\Local\Microsoft\WindowsApps;C:\Program Files\Azure Data Studio\bin;C:\Users\yojah\AppData\Local\Programs\Microsoft VS Code\bin;C:\Users\yojah\AppData\Roaming\npm;C:\Program Files\MongoDB\Server\6.0\bin;C:\Program Files\MongoDB\Server\7.0\bin;C:\mongosh-2.2.9\bin;;C:\Program Files\JetBrains\IntelliJ IDEA Community Edition 2024.2.3\bin;
USERNAME=yojah
OS=Windows_NT
PROCESSOR_IDENTIFIER=AMD64 Family 25 Model 80 Stepping 0, AuthenticAMD
TMP=C:\Users\yojah\AppData\Local\Temp
TEMP=C:\Users\yojah\AppData\Local\Temp



Periodic native trim disabled


---------------  S Y S T E M  ---------------

OS:
 Windows 11 , 64 bit Build 22621 (10.0.22621.4391)
OS uptime: 0 days 6:20 hours
Hyper-V role detected

CPU: total 16 (initial active 16) (16 cores per cpu, 2 threads per core) family 25 model 80 stepping 0 microcode 0x0, cx8, cmov, fxsr, ht, mmx, 3dnowpref, sse, sse2, sse3, ssse3, sse4a, sse4.1, sse4.2, popcnt, lzcnt, tsc, tscinvbit, avx, avx2, aes, erms, clmul, bmi1, bmi2, adx, sha, fma, vzeroupper, clflush, clflushopt, hv
Processor Information for processor 0
  Max Mhz: 3201, Current Mhz: 2555, Mhz Limit: 3201
Processor Information for processor 1
  Max Mhz: 3201, Current Mhz: 3201, Mhz Limit: 3201
Processor Information for processor 2
  Max Mhz: 3201, Current Mhz: 3201, Mhz Limit: 3201
Processor Information for processor 3
  Max Mhz: 3201, Current Mhz: 2555, Mhz Limit: 3201
Processor Information for processor 4
  Max Mhz: 3201, Current Mhz: 3201, Mhz Limit: 3201
Processor Information for processor 5
  Max Mhz: 3201, Current Mhz: 3201, Mhz Limit: 3201
Processor Information for processor 6
  Max Mhz: 3201, Current Mhz: 2555, Mhz Limit: 3201
Processor Information for processor 7
  Max Mhz: 3201, Current Mhz: 3201, Mhz Limit: 3201
Processor Information for processor 8
  Max Mhz: 3201, Current Mhz: 2555, Mhz Limit: 3201
Processor Information for processor 9
  Max Mhz: 3201, Current Mhz: 3201, Mhz Limit: 3201
Processor Information for processor 10
  Max Mhz: 3201, Current Mhz: 2555, Mhz Limit: 3201
Processor Information for processor 11
  Max Mhz: 3201, Current Mhz: 2555, Mhz Limit: 3201
Processor Information for processor 12
  Max Mhz: 3201, Current Mhz: 3201, Mhz Limit: 3201
Processor Information for processor 13
  Max Mhz: 3201, Current Mhz: 2555, Mhz Limit: 3201
Processor Information for processor 14
  Max Mhz: 3201, Current Mhz: 2555, Mhz Limit: 3201
Processor Information for processor 15
  Max Mhz: 3201, Current Mhz: 2555, Mhz Limit: 3201

Memory: 4k page, system-wide physical 15720M (2428M free)
TotalPageFile size 21442M (AvailPageFile size 10M)
current process WorkingSet (physical memory assigned to process): 127M, peak: 127M
current process commit charge ("private bytes"): 393M, peak: 393M

vm_info: OpenJDK 64-Bit Server VM (17.0.13+11-LTS) for windows-amd64 JRE (17.0.13+11-LTS), built on Oct 10 2024 19:51:30 by "Administrator" with MS VC++ 16.10 / 16.11 (VS2019)

END.
