#
# There is insufficient memory for the Java Runtime Environment to continue.
# Native memory allocation (mmap) failed to map 257949696 bytes. Error detail: G1 virtual space
# Possible reasons:
#   The system is out of physical RAM or swap space
#   This process is running with CompressedOops enabled, and the Java Heap may be blocking the growth of the native heap
# Possible solutions:
#   Reduce memory load on the system
#   Increase physical memory or swap space
#   Check if swap backing store is full
#   Decrease Java heap size (-Xmx/-Xms)
#   Decrease number of Java threads
#   Decrease Java thread stack sizes (-Xss)
#   Set larger code cache with -XX:ReservedCodeCacheSize=
#   JVM is running with Zero Based Compressed Oops mode in which the Java heap is
#     placed in the first 32GB address space. The Java Heap base address is the
#     maximum limit for the native heap growth. Please use -XX:HeapBaseMinAddress
#     to set the Java Heap base and to place the Java Heap above 32GB virtual address.
# This output file may be truncated or incomplete.
#
#  Out of Memory Error (os_windows.cpp:3614), pid=19036, tid=23344
#
# JRE version:  (17.0.13+11) (build )
# Java VM: OpenJDK 64-Bit Server VM (17.0.13+11-LTS, mixed mode, sharing, tiered, compressed oops, compressed class ptrs, g1 gc, windows-amd64)
# No core dump will be written. Minidumps are not enabled by default on client versions of Windows
#

---------------  S U M M A R Y ------------

Command Line: -javaagent:C:\Program Files\JetBrains\IntelliJ IDEA Community Edition 2024.2.3\lib\idea_rt.jar=55821:C:\Program Files\JetBrains\IntelliJ IDEA Community Edition 2024.2.3\bin -Dfile.encoding=UTF-8 com.customer.ApiCustomer.ApiCustomerApplication

Host: AMD Ryzen 7 5800H with Radeon Graphics         , 16 cores, 15G,  Windows 11 , 64 bit Build 22621 (10.0.22621.4391)
Time: Sun Nov 17 23:44:25 2024 Hora est. Pacífico, Sudamérica elapsed time: 0.013314 seconds (0d 0h 0m 0s)

---------------  T H R E A D  ---------------

Current thread (0x00000239ce038870):  JavaThread "Unknown thread" [_thread_in_vm, id=23344, stack(0x000000aadf800000,0x000000aadf900000)]

Stack: [0x000000aadf800000,0x000000aadf900000]
Native frames: (J=compiled Java code, j=interpreted, Vv=VM code, C=native code)
V  [jvm.dll+0x680c19]
V  [jvm.dll+0x83888a]
V  [jvm.dll+0x83a34e]
V  [jvm.dll+0x83a9b3]
V  [jvm.dll+0x2481af]
V  [jvm.dll+0x67d959]
V  [jvm.dll+0x67242a]
V  [jvm.dll+0x30813b]
V  [jvm.dll+0x30f626]
V  [jvm.dll+0x35f94e]
V  [jvm.dll+0x35fb8f]
V  [jvm.dll+0x2df0ec]
V  [jvm.dll+0x2e0044]
V  [jvm.dll+0x80a04b]
V  [jvm.dll+0x36d6c1]
V  [jvm.dll+0x7e8975]
V  [jvm.dll+0x3f109f]
V  [jvm.dll+0x3f2c11]
C  [jli.dll+0x52ab]
C  [ucrtbase.dll+0x29333]
C  [KERNEL32.DLL+0x1259d]
C  [ntdll.dll+0x5af38]


---------------  P R O C E S S  ---------------

Threads class SMR info:
_java_thread_list=0x00007fffcdfb8f58, length=0, elements={
}

Java Threads: ( => current thread )

Other Threads:
  0x00000239ce0a5850 GCTaskThread "GC Thread#0" [stack: 0x000000aadf900000,0x000000aadfa00000] [id=12556]
  0x00000239ce0b5d60 ConcurrentGCThread "G1 Main Marker" [stack: 0x000000aadfa00000,0x000000aadfb00000] [id=29108]
  0x00000239ce0b6780 ConcurrentGCThread "G1 Conc#0" [stack: 0x000000aadfb00000,0x000000aadfc00000] [id=3016]

[error occurred during error reporting (printing all threads), id 0xc0000005, EXCEPTION_ACCESS_VIOLATION (0xc0000005) at pc=0x00007fffcd76f827]

VM state: not at safepoint (not fully initialized)

VM Mutex/Monitor currently owned by a thread:  ([mutex/lock_event])
[0x00000239ce0332c0] Heap_lock - owner thread: 0x00000239ce038870

Heap address: 0x000000070a400000, size: 3932 MB, Compressed Oops mode: Zero based, Oop shift amount: 3

CDS archive(s) mapped at: [0x0000000000000000-0x0000000000000000-0x0000000000000000), size 0, SharedBaseAddress: 0x0000000800000000, ArchiveRelocationMode: 1.
Narrow klass base: 0x0000000000000000, Narrow klass shift: 0, Narrow klass range: 0x0

GC Precious Log:
<Empty>

Heap:
 garbage-first heap   total 0K, used 0K [0x000000070a400000, 0x0000000800000000)
  region size 2048K, 0 young (0K), 0 survivors (0K)

[error occurred during error reporting (printing heap information), id 0xc0000005, EXCEPTION_ACCESS_VIOLATION (0xc0000005) at pc=0x00007fffcdb59e69]

GC Heap History (0 events):
No events

Dll operation events (1 events):
Event: 0.010 Loaded shared library C:\Users\yojah\.jdks\corretto-17.0.13\bin\java.dll

Deoptimization events (0 events):
No events

Classes loaded (0 events):
No events

Classes unloaded (0 events):
No events

Classes redefined (0 events):
No events

Internal exceptions (0 events):
No events

VM Operations (0 events):
No events

Memory protections (0 events):
No events

Nmethod flushes (0 events):
No events

Events (0 events):
No events


Dynamic libraries:
0x00007ff7e5100000 - 0x00007ff7e510e000 	C:\Users\yojah\.jdks\corretto-17.0.13\bin\java.exe
0x00007ff87b090000 - 0x00007ff87b2a7000 	C:\WINDOWS\SYSTEM32\ntdll.dll
0x00007ff879bc0000 - 0x00007ff879c84000 	C:\WINDOWS\System32\KERNEL32.DLL
0x00007ff8784f0000 - 0x00007ff8788a9000 	C:\WINDOWS\System32\KERNELBASE.dll
0x00007ff878a00000 - 0x00007ff878b11000 	C:\WINDOWS\System32\ucrtbase.dll
0x00007ff8679f0000 - 0x00007ff867a07000 	C:\Users\yojah\.jdks\corretto-17.0.13\bin\jli.dll
0x00007ff8678f0000 - 0x00007ff86790b000 	C:\Users\yojah\.jdks\corretto-17.0.13\bin\VCRUNTIME140.dll
0x00007ff879640000 - 0x00007ff8797ee000 	C:\WINDOWS\System32\USER32.dll
0x00007ff878930000 - 0x00007ff878956000 	C:\WINDOWS\System32\win32u.dll
0x00007ff866a10000 - 0x00007ff866ca2000 	C:\WINDOWS\WinSxS\amd64_microsoft.windows.common-controls_6595b64144ccf1df_6.0.22621.4391_none_2715d37f73803e96\COMCTL32.dll
0x00007ff8795b0000 - 0x00007ff8795d9000 	C:\WINDOWS\System32\GDI32.dll
0x00007ff879880000 - 0x00007ff879927000 	C:\WINDOWS\System32\msvcrt.dll
0x00007ff878c90000 - 0x00007ff878dab000 	C:\WINDOWS\System32\gdi32full.dll
0x00007ff878960000 - 0x00007ff8789fa000 	C:\WINDOWS\System32\msvcp_win.dll
0x00007ff878f30000 - 0x00007ff878f61000 	C:\WINDOWS\System32\IMM32.DLL
0x00007ff8671c0000 - 0x00007ff8671cc000 	C:\Users\yojah\.jdks\corretto-17.0.13\bin\vcruntime140_1.dll
0x00007ff835780000 - 0x00007ff83580d000 	C:\Users\yojah\.jdks\corretto-17.0.13\bin\msvcp140.dll
0x00007fffcd480000 - 0x00007fffce0ec000 	C:\Users\yojah\.jdks\corretto-17.0.13\bin\server\jvm.dll
0x00007ff879160000 - 0x00007ff879212000 	C:\WINDOWS\System32\ADVAPI32.dll
0x00007ff879c90000 - 0x00007ff879d37000 	C:\WINDOWS\System32\sechost.dll
0x00007ff878450000 - 0x00007ff878478000 	C:\WINDOWS\System32\bcrypt.dll
0x00007ff879a30000 - 0x00007ff879b44000 	C:\WINDOWS\System32\RPCRT4.dll
0x00007ff878eb0000 - 0x00007ff878f21000 	C:\WINDOWS\System32\WS2_32.dll
0x00007ff8771f0000 - 0x00007ff87723d000 	C:\WINDOWS\SYSTEM32\POWRPROF.dll
0x00007ff873a90000 - 0x00007ff873ac4000 	C:\WINDOWS\SYSTEM32\WINMM.dll
0x00007ff873e50000 - 0x00007ff873e5a000 	C:\WINDOWS\SYSTEM32\VERSION.dll
0x00007ff8771d0000 - 0x00007ff8771e3000 	C:\WINDOWS\SYSTEM32\UMPDC.dll
0x00007ff877490000 - 0x00007ff8774a8000 	C:\WINDOWS\SYSTEM32\kernel.appcore.dll
0x00007ff85fe40000 - 0x00007ff85fe4a000 	C:\Users\yojah\.jdks\corretto-17.0.13\bin\jimage.dll
0x00007ff8704f0000 - 0x00007ff870722000 	C:\WINDOWS\SYSTEM32\DBGHELP.DLL
0x00007ff879220000 - 0x00007ff8795af000 	C:\WINDOWS\System32\combase.dll
0x00007ff87a780000 - 0x00007ff87a857000 	C:\WINDOWS\System32\OLEAUT32.dll
0x00007ff86d4f0000 - 0x00007ff86d522000 	C:\WINDOWS\SYSTEM32\dbgcore.DLL
0x00007ff8788b0000 - 0x00007ff87892b000 	C:\WINDOWS\System32\bcryptPrimitives.dll
0x00007ff85ef80000 - 0x00007ff85ef8e000 	C:\Users\yojah\.jdks\corretto-17.0.13\bin\instrument.dll
0x00007ff85f1c0000 - 0x00007ff85f1e5000 	C:\Users\yojah\.jdks\corretto-17.0.13\bin\java.dll

dbghelp: loaded successfully - version: 4.0.5 - missing functions: none
symbol engine: initialized successfully - sym options: 0x614 - pdb path: .;C:\Users\yojah\.jdks\corretto-17.0.13\bin;C:\WINDOWS\SYSTEM32;C:\WINDOWS\WinSxS\amd64_microsoft.windows.common-controls_6595b64144ccf1df_6.0.22621.4391_none_2715d37f73803e96;C:\Users\yojah\.jdks\corretto-17.0.13\bin\server

VM Arguments:
jvm_args: -javaagent:C:\Program Files\JetBrains\IntelliJ IDEA Community Edition 2024.2.3\lib\idea_rt.jar=55821:C:\Program Files\JetBrains\IntelliJ IDEA Community Edition 2024.2.3\bin -Dfile.encoding=UTF-8 
java_command: com.customer.ApiCustomer.ApiCustomerApplication
java_class_path (initial): D:\Estudios_2024\Bootcamp-Java-Girl-Tech\Entregable-2\ApiCustomer\target\classes;C:\Users\yojah\.m2\repository\org\springframework\boot\spring-boot-starter-data-jpa\3.3.5\spring-boot-starter-data-jpa-3.3.5.jar;C:\Users\yojah\.m2\repository\org\springframework\boot\spring-boot-starter-aop\3.3.5\spring-boot-starter-aop-3.3.5.jar;C:\Users\yojah\.m2\repository\org\springframework\spring-aop\6.1.14\spring-aop-6.1.14.jar;C:\Users\yojah\.m2\repository\org\aspectj\aspectjweaver\1.9.22.1\aspectjweaver-1.9.22.1.jar;C:\Users\yojah\.m2\repository\org\springframework\boot\spring-boot-starter-jdbc\3.3.5\spring-boot-starter-jdbc-3.3.5.jar;C:\Users\yojah\.m2\repository\com\zaxxer\HikariCP\5.1.0\HikariCP-5.1.0.jar;C:\Users\yojah\.m2\repository\org\springframework\spring-jdbc\6.1.14\spring-jdbc-6.1.14.jar;C:\Users\yojah\.m2\repository\org\hibernate\orm\hibernate-core\6.5.3.Final\hibernate-core-6.5.3.Final.jar;C:\Users\yojah\.m2\repository\jakarta\persistence\jakarta.persistence-api\3.1.0\jakarta.persistence-api-3.1.0.jar;C:\Users\yojah\.m2\repository\jakarta\transaction\jakarta.transaction-api\2.0.1\jakarta.transaction-api-2.0.1.jar;C:\Users\yojah\.m2\repository\org\jboss\logging\jboss-logging\3.5.3.Final\jboss-logging-3.5.3.Final.jar;C:\Users\yojah\.m2\repository\org\hibernate\common\hibernate-commons-annotations\6.0.6.Final\hibernate-commons-annotations-6.0.6.Final.jar;C:\Users\yojah\.m2\repository\io\smallrye\jandex\3.1.2\jandex-3.1.2.jar;C:\Users\yojah\.m2\repository\net\bytebuddy\byte-buddy\1.14.19\byte-buddy-1.14.19.jar;C:\Users\yojah\.m2\repository\jakarta\xml\bind\jakarta.xml.bind-api\4.0.2\jakarta.xml.bind-api-4.0.2.jar;C:\Users\yojah\.m2\repository\jakarta\activation\jakarta.activation-api\2.1.3\jakarta.activation-api-2.1.3.jar;C:\Users\yojah\.m2\repository\org\glassfish\jaxb\jaxb-runtime\4.0.5\jaxb-runtime-4.0.5.jar;C:\Users\yojah\.m2\repository\org\glassfish\jaxb\jaxb-core\4.0.5\jaxb-core-4.0.5.jar;C:\Users\yojah\.m2\repository\org\eclipse\ang
Launcher Type: SUN_STANDARD

[Global flags]
     intx CICompilerCount                          = 12                                        {product} {ergonomic}
     uint ConcGCThreads                            = 3                                         {product} {ergonomic}
     uint G1ConcRefinementThreads                  = 13                                        {product} {ergonomic}
   size_t G1HeapRegionSize                         = 2097152                                   {product} {ergonomic}
    uintx GCDrainStackTargetSize                   = 64                                        {product} {ergonomic}
   size_t InitialHeapSize                          = 257949696                                 {product} {ergonomic}
   size_t MarkStackSize                            = 4194304                                   {product} {ergonomic}
   size_t MaxHeapSize                              = 4123000832                                {product} {ergonomic}
   size_t MinHeapDeltaBytes                        = 2097152                                   {product} {ergonomic}
   size_t MinHeapSize                              = 8388608                                   {product} {ergonomic}
    uintx NonNMethodCodeHeapSize                   = 7602480                                {pd product} {ergonomic}
    uintx NonProfiledCodeHeapSize                  = 122027880                              {pd product} {ergonomic}
    uintx ProfiledCodeHeapSize                     = 122027880                              {pd product} {ergonomic}
    uintx ReservedCodeCacheSize                    = 251658240                              {pd product} {ergonomic}
     bool SegmentedCodeCache                       = true                                      {product} {ergonomic}
   size_t SoftMaxHeapSize                          = 4123000832                             {manageable} {ergonomic}
     bool UseCompressedClassPointers               = true                           {product lp64_product} {ergonomic}
     bool UseCompressedOops                        = true                           {product lp64_product} {ergonomic}
     bool UseG1GC                                  = true                                      {product} {ergonomic}
     bool UseLargePagesIndividualAllocation        = false                                  {pd product} {ergonomic}

Logging:
Log output configuration:
 #0: stdout all=warning uptime,level,tags
 #1: stderr all=off uptime,level,tags

Environment Variables:
JAVA_HOME=C:\Program Files\Java\jdk-17
PATH=C:\Program Files\Common Files\Oracle\Java\javapath;C:\Windows\system32;C:\Windows;C:\Windows\System32\Wbem;C:\Windows\System32\WindowsPowerShell\v1.0\;C:\Windows\System32\OpenSSH\;C:\Program Files (x86)\NVIDIA Corporation\PhysX\Common;C:\Program Files\NVIDIA Corporation\NVIDIA NvDLISR;C:\Program Files\dotnet\;C:\Program Files\Microsoft SQL Server\Client SDK\ODBC\170\Tools\Binn\;C:\Program Files (x86)\Microsoft SQL Server\150\Tools\Binn\;C:\Program Files\Microsoft SQL Server\150\Tools\Binn\;C:\Program Files\Microsoft SQL Server\150\DTS\Binn\;C:\Program Files (x86)\Microsoft SQL Server\150\DTS\Binn\;C:\Program Files\Azure Data Studio\bin;C:\WINDOWS\system32;C:\WINDOWS;C:\WINDOWS\System32\Wbem;C:\WINDOWS\System32\WindowsPowerShell\v1.0\;C:\WINDOWS\System32\OpenSSH\;C:\Program Files\nodejs\;C:\Program Files\Git\cmd;C:\tools\apache-maven-3.9.9\bin;C:\Program Files\Java\jdk-17\bin;C:\Users\yojah\AppData\Local\Programs\Python\Python312\;C:\Users\yojah\AppData\Local\Programs\Python\Python312\Scripts;C:\Users\yojah\AppData\Local\Programs\Python\Launcher\;C:\Users\yojah\AppData\Local\Microsoft\WindowsApps;C:\Program Files\Azure Data Studio\bin;C:\Users\yojah\AppData\Local\Programs\Microsoft VS Code\bin;C:\Users\yojah\AppData\Roaming\npm;C:\Program Files\MongoDB\Server\6.0\bin;C:\Program Files\MongoDB\Server\7.0\bin;C:\mongosh-2.2.9\bin;;C:\Program Files\JetBrains\IntelliJ IDEA Community Edition 2024.2.3\bin;
USERNAME=yojah
OS=Windows_NT
PROCESSOR_IDENTIFIER=AMD64 Family 25 Model 80 Stepping 0, AuthenticAMD
TMP=C:\Users\yojah\AppData\Local\Temp
TEMP=C:\Users\yojah\AppData\Local\Temp



Periodic native trim disabled


---------------  S Y S T E M  ---------------

OS:
 Windows 11 , 64 bit Build 22621 (10.0.22621.4391)
OS uptime: 0 days 4:04 hours
Hyper-V role detected

CPU: total 16 (initial active 16) (16 cores per cpu, 2 threads per core) family 25 model 80 stepping 0 microcode 0x0, cx8, cmov, fxsr, ht, mmx, 3dnowpref, sse, sse2, sse3, ssse3, sse4a, sse4.1, sse4.2, popcnt, lzcnt, tsc, tscinvbit, avx, avx2, aes, erms, clmul, bmi1, bmi2, adx, sha, fma, vzeroupper, clflush, clflushopt, hv
Processor Information for processor 0
  Max Mhz: 3201, Current Mhz: 2555, Mhz Limit: 3201
Processor Information for processor 1
  Max Mhz: 3201, Current Mhz: 3201, Mhz Limit: 3201
Processor Information for processor 2
  Max Mhz: 3201, Current Mhz: 3201, Mhz Limit: 3201
Processor Information for processor 3
  Max Mhz: 3201, Current Mhz: 2555, Mhz Limit: 3201
Processor Information for processor 4
  Max Mhz: 3201, Current Mhz: 2555, Mhz Limit: 3201
Processor Information for processor 5
  Max Mhz: 3201, Current Mhz: 3201, Mhz Limit: 3201
Processor Information for processor 6
  Max Mhz: 3201, Current Mhz: 2555, Mhz Limit: 3201
Processor Information for processor 7
  Max Mhz: 3201, Current Mhz: 3201, Mhz Limit: 3201
Processor Information for processor 8
  Max Mhz: 3201, Current Mhz: 3201, Mhz Limit: 3201
Processor Information for processor 9
  Max Mhz: 3201, Current Mhz: 2555, Mhz Limit: 3201
Processor Information for processor 10
  Max Mhz: 3201, Current Mhz: 3201, Mhz Limit: 3201
Processor Information for processor 11
  Max Mhz: 3201, Current Mhz: 3201, Mhz Limit: 3201
Processor Information for processor 12
  Max Mhz: 3201, Current Mhz: 2555, Mhz Limit: 3201
Processor Information for processor 13
  Max Mhz: 3201, Current Mhz: 3201, Mhz Limit: 3201
Processor Information for processor 14
  Max Mhz: 3201, Current Mhz: 3201, Mhz Limit: 3201
Processor Information for processor 15
  Max Mhz: 3201, Current Mhz: 2555, Mhz Limit: 3201

Memory: 4k page, system-wide physical 15720M (1191M free)
TotalPageFile size 21442M (AvailPageFile size 7M)
current process WorkingSet (physical memory assigned to process): 11M, peak: 11M
current process commit charge ("private bytes"): 71M, peak: 316M

vm_info: OpenJDK 64-Bit Server VM (17.0.13+11-LTS) for windows-amd64 JRE (17.0.13+11-LTS), built on Oct 10 2024 19:51:30 by "Administrator" with MS VC++ 16.10 / 16.11 (VS2019)

END.
